================================================
EVE OFFLINE C++ Client - Visual Studio Build
================================================

Build Type: Release

Configuring CMake for Visual Studio...

Found vcpkg at C:\vcpkg

Cleaning old CMake cache to avoid generator conflicts...

Using generator: Visual Studio 17 2022

-- Selecting Windows SDK version 10.0.26100.0 to target Windows 10.0.19045.
-- The C compiler identification is MSVC 19.38.33145.0
-- The CXX compiler identification is MSVC 19.38.33145.0
-- Detecting C compiler ABI info
-- Detecting C compiler ABI info - done
-- Check for working C compiler: C:/Program Files/Microsoft Visual Studio/2022/Community/VC/Tools/MSVC/14.38.33130/bin/Hostx64/x64/cl.exe - skipped
-- Detecting C compile features
-- Detecting C compile features - done
-- Detecting CXX compiler ABI info
-- Detecting CXX compiler ABI info - done
-- Check for working CXX compiler: C:/Program Files/Microsoft Visual Studio/2022/Community/VC/Tools/MSVC/14.38.33130/bin/Hostx64/x64/cl.exe - skipped
-- Detecting CXX compile features
-- Detecting CXX compile features - done
-- Performing Test CMAKE_HAVE_LIBC_PTHREAD
-- Performing Test CMAKE_HAVE_LIBC_PTHREAD - Failed
-- Looking for pthread_create in pthreads
-- Looking for pthread_create in pthreads - not found
-- Looking for pthread_create in pthread
-- Looking for pthread_create in pthread - not found
-- Found Threads: TRUE
-- Found OpenGL: opengl32
-- OpenAL found - audio support enabled
-- GLEW found - using system GLEW
-- Using system GLEW (GLAD not needed)
-- Using system nlohmann/json
-- Using bundled STB image loader
-- Using bundled tinyobjloader for .obj model loading
-- Using bundled tinygltf for .gltf/.glb model loading
-- Using system ImGui from vcpkg
-- Building test suite...
--
-- EVE OFFLINE Client Configuration:
--   C++ Standard: 17
--   OpenGL:
--   Use System Libraries: ON
--   Build Tests: ON
--
-- Configuring done (5.0s)
-- Generating done (0.8s)
-- Build files have been written to: C:/GIT PROJECTS/EVEOFFLINE/cpp_client/build_vs

CMake configuration successful!

Building project...

MSBuild version 17.14.40+3e7442088 for .NET Framework

  renderer.cpp
  test_asteroid_field.vcxproj -> C:\GIT PROJECTS\EVEOFFLINE\cpp_client\build_vs\bin\Release\test_asteroid_field.exe
  test_deferred_rendering.vcxproj -> C:\GIT PROJECTS\EVEOFFLINE\cpp_client\build_vs\bin\Release\test_deferred_rendering
  .exe
  test_network.vcxproj -> C:\GIT PROJECTS\EVEOFFLINE\cpp_client\build_vs\bin\Release\test_network.exe
  test_audio_system.vcxproj -> C:\GIT PROJECTS\EVEOFFLINE\cpp_client\build_vs\bin\Release\test_audio_system.exe
  renderer.cpp
  test_entity_sync.vcxproj -> C:\GIT PROJECTS\EVEOFFLINE\cpp_client\build_vs\bin\Release\test_entity_sync.exe
  model.cpp
  test_server_responses.vcxproj -> C:\GIT PROJECTS\EVEOFFLINE\cpp_client\build_vs\bin\Release\test_server_responses.exe
  test_post_processing.vcxproj -> C:\GIT PROJECTS\EVEOFFLINE\cpp_client\build_vs\bin\Release\test_post_processing.exe
  test_ui_system.vcxproj -> C:\GIT PROJECTS\EVEOFFLINE\cpp_client\build_vs\bin\Release\test_ui_system.exe
  test_shadow_mapping.vcxproj -> C:\GIT PROJECTS\EVEOFFLINE\cpp_client\build_vs\bin\Release\test_shadow_mapping.exe
  renderer.cpp
C:\GIT PROJECTS\EVEOFFLINE\cpp_client\include\rendering\model.h(177,49): error C2065: 'Vertex': undeclared identifier [
C:\GIT PROJECTS\EVEOFFLINE\cpp_client\build_vs\eve_client.vcxproj]
  (compiling source file '../src/rendering/renderer.cpp')

C:\GIT PROJECTS\EVEOFFLINE\cpp_client\include\rendering\model.h(177,42): error C2923: 'std::vector': 'Vertex' is not a
valid template type argument for parameter '_Ty' [C:\GIT PROJECTS\EVEOFFLINE\cpp_client\build_vs\eve_client.vcxproj]
  (compiling source file '../src/rendering/renderer.cpp')
      C:\GIT PROJECTS\EVEOFFLINE\cpp_client\include\rendering\model.h(177,49):
      see declaration of 'Vertex'

C:\GIT PROJECTS\EVEOFFLINE\cpp_client\include\rendering\model.h(177,42): error C2976: 'std::vector': too few template a
rguments [C:\GIT PROJECTS\EVEOFFLINE\cpp_client\build_vs\eve_client.vcxproj]
  (compiling source file '../src/rendering/renderer.cpp')
      C:\Program Files\Microsoft Visual Studio\2022\Community\VC\Tools\MSVC\14.38.33130\include\vector(436,14):
      see declaration of 'std::vector'

C:\GIT PROJECTS\EVEOFFLINE\cpp_client\include\rendering\model.h(177,58): error C2955: 'std::vector': use of class templ
ate requires template argument list [C:\GIT PROJECTS\EVEOFFLINE\cpp_client\build_vs\eve_client.vcxproj]
  (compiling source file '../src/rendering/renderer.cpp')
      C:\Program Files\Microsoft Visual Studio\2022\Community\VC\Tools\MSVC\14.38.33130\include\vector(436,14):
      see declaration of 'std::vector'

C:\GIT PROJECTS\EVEOFFLINE\cpp_client\include\rendering\model.h(179,45): error C2065: 'Vertex': undeclared identifier [
C:\GIT PROJECTS\EVEOFFLINE\cpp_client\build_vs\eve_client.vcxproj]
  (compiling source file '../src/rendering/renderer.cpp')

C:\GIT PROJECTS\EVEOFFLINE\cpp_client\include\rendering\model.h(179,38): error C2923: 'std::vector': 'Vertex' is not a
valid template type argument for parameter '_Ty' [C:\GIT PROJECTS\EVEOFFLINE\cpp_client\build_vs\eve_client.vcxproj]
  (compiling source file '../src/rendering/renderer.cpp')
      C:\GIT PROJECTS\EVEOFFLINE\cpp_client\include\rendering\model.h(179,45):
      see declaration of 'Vertex'

C:\GIT PROJECTS\EVEOFFLINE\cpp_client\include\rendering\model.h(179,38): error C2976: 'std::vector': too few template a
rguments [C:\GIT PROJECTS\EVEOFFLINE\cpp_client\build_vs\eve_client.vcxproj]
  (compiling source file '../src/rendering/renderer.cpp')
      C:\Program Files\Microsoft Visual Studio\2022\Community\VC\Tools\MSVC\14.38.33130\include\vector(436,14):
      see declaration of 'std::vector'

C:\GIT PROJECTS\EVEOFFLINE\cpp_client\include\rendering\model.h(179,54): error C2955: 'std::vector': use of class templ
ate requires template argument list [C:\GIT PROJECTS\EVEOFFLINE\cpp_client\build_vs\eve_client.vcxproj]
  (compiling source file '../src/rendering/renderer.cpp')
      C:\Program Files\Microsoft Visual Studio\2022\Community\VC\Tools\MSVC\14.38.33130\include\vector(436,14):
      see declaration of 'std::vector'

C:\GIT PROJECTS\EVEOFFLINE\cpp_client\include\rendering\model.h(181,47): error C2065: 'Vertex': undeclared identifier [
C:\GIT PROJECTS\EVEOFFLINE\cpp_client\build_vs\eve_client.vcxproj]
  (compiling source file '../src/rendering/renderer.cpp')

C:\GIT PROJECTS\EVEOFFLINE\cpp_client\include\rendering\model.h(181,40): error C2923: 'std::vector': 'Vertex' is not a
valid template type argument for parameter '_Ty' [C:\GIT PROJECTS\EVEOFFLINE\cpp_client\build_vs\eve_client.vcxproj]
  (compiling source file '../src/rendering/renderer.cpp')
      C:\GIT PROJECTS\EVEOFFLINE\cpp_client\include\rendering\model.h(181,47):
      see declaration of 'Vertex'

C:\GIT PROJECTS\EVEOFFLINE\cpp_client\include\rendering\model.h(181,40): error C2976: 'std::vector': too few template a
rguments [C:\GIT PROJECTS\EVEOFFLINE\cpp_client\build_vs\eve_client.vcxproj]
  (compiling source file '../src/rendering/renderer.cpp')
      C:\Program Files\Microsoft Visual Studio\2022\Community\VC\Tools\MSVC\14.38.33130\include\vector(436,14):
      see declaration of 'std::vector'

C:\GIT PROJECTS\EVEOFFLINE\cpp_client\include\rendering\model.h(181,56): error C2955: 'std::vector': use of class templ
ate requires template argument list [C:\GIT PROJECTS\EVEOFFLINE\cpp_client\build_vs\eve_client.vcxproj]
  (compiling source file '../src/rendering/renderer.cpp')
      C:\Program Files\Microsoft Visual Studio\2022\Community\VC\Tools\MSVC\14.38.33130\include\vector(436,14):
      see declaration of 'std::vector'

C:\GIT PROJECTS\EVEOFFLINE\cpp_client\include\rendering\model.h(183,44): error C2065: 'Vertex': undeclared identifier [
C:\GIT PROJECTS\EVEOFFLINE\cpp_client\build_vs\eve_client.vcxproj]
  (compiling source file '../src/rendering/renderer.cpp')

C:\GIT PROJECTS\EVEOFFLINE\cpp_client\include\rendering\model.h(183,37): error C2923: 'std::vector': 'Vertex' is not a
valid template type argument for parameter '_Ty' [C:\GIT PROJECTS\EVEOFFLINE\cpp_client\build_vs\eve_client.vcxproj]
  (compiling source file '../src/rendering/renderer.cpp')
      C:\GIT PROJECTS\EVEOFFLINE\cpp_client\include\rendering\model.h(183,44):
      see declaration of 'Vertex'

C:\GIT PROJECTS\EVEOFFLINE\cpp_client\include\rendering\model.h(183,37): error C2976: 'std::vector': too few template a
rguments [C:\GIT PROJECTS\EVEOFFLINE\cpp_client\build_vs\eve_client.vcxproj]
  (compiling source file '../src/rendering/renderer.cpp')
      C:\Program Files\Microsoft Visual Studio\2022\Community\VC\Tools\MSVC\14.38.33130\include\vector(436,14):
      see declaration of 'std::vector'

C:\GIT PROJECTS\EVEOFFLINE\cpp_client\include\rendering\model.h(183,53): error C2955: 'std::vector': use of class templ
ate requires template argument list [C:\GIT PROJECTS\EVEOFFLINE\cpp_client\build_vs\eve_client.vcxproj]
  (compiling source file '../src/rendering/renderer.cpp')
      C:\Program Files\Microsoft Visual Studio\2022\Community\VC\Tools\MSVC\14.38.33130\include\vector(436,14):
      see declaration of 'std::vector'

C:\GIT PROJECTS\EVEOFFLINE\cpp_client\include\rendering\model.h(185,49): error C2065: 'Vertex': undeclared identifier [
C:\GIT PROJECTS\EVEOFFLINE\cpp_client\build_vs\eve_client.vcxproj]
  (compiling source file '../src/rendering/renderer.cpp')

C:\GIT PROJECTS\EVEOFFLINE\cpp_client\include\rendering\model.h(185,42): error C2923: 'std::vector': 'Vertex' is not a
valid template type argument for parameter '_Ty' [C:\GIT PROJECTS\EVEOFFLINE\cpp_client\build_vs\eve_client.vcxproj]
  (compiling source file '../src/rendering/renderer.cpp')
      C:\GIT PROJECTS\EVEOFFLINE\cpp_client\include\rendering\model.h(185,49):
      see declaration of 'Vertex'

C:\GIT PROJECTS\EVEOFFLINE\cpp_client\include\rendering\model.h(185,42): error C2976: 'std::vector': too few template a
rguments [C:\GIT PROJECTS\EVEOFFLINE\cpp_client\build_vs\eve_client.vcxproj]
  (compiling source file '../src/rendering/renderer.cpp')
      C:\Program Files\Microsoft Visual Studio\2022\Community\VC\Tools\MSVC\14.38.33130\include\vector(436,14):
      see declaration of 'std::vector'

C:\GIT PROJECTS\EVEOFFLINE\cpp_client\include\rendering\model.h(185,58): error C2955: 'std::vector': use of class templ
ate requires template argument list [C:\GIT PROJECTS\EVEOFFLINE\cpp_client\build_vs\eve_client.vcxproj]
  (compiling source file '../src/rendering/renderer.cpp')
      C:\Program Files\Microsoft Visual Studio\2022\Community\VC\Tools\MSVC\14.38.33130\include\vector(436,14):
      see declaration of 'std::vector'

C:\GIT PROJECTS\EVEOFFLINE\cpp_client\include\rendering\model.h(177,49): error C2065: 'Vertex': undeclared identifier [
C:\GIT PROJECTS\EVEOFFLINE\cpp_client\build_vs\test_lighting.vcxproj]
C:\GIT PROJECTS\EVEOFFLINE\cpp_client\include\rendering\model.h(177,49): error C2065: 'Vertex': undeclared identifier [
C:\GIT PROJECTS\EVEOFFLINE\cpp_client\build_vs\test_phase46_advanced.vcxproj]
  (compiling source file '../src/rendering/renderer.cpp')

C:\GIT PROJECTS\EVEOFFLINE\cpp_client\include\rendering\model.h(177,42): error C2923: 'std::vector': 'Vertex' is not a
valid template type argument for parameter '_Ty' [C:\GIT PROJECTS\EVEOFFLINE\cpp_client\build_vs\test_phase46_advanced.
vcxproj]
  (compiling source file '../src/rendering/renderer.cpp')
      C:\GIT PROJECTS\EVEOFFLINE\cpp_client\include\rendering\model.h(177,49):
      see declaration of 'Vertex'

C:\GIT PROJECTS\EVEOFFLINE\cpp_client\include\rendering\model.h(177,42): error C2976: 'std::vector': too few template a
rguments [C:\GIT PROJECTS\EVEOFFLINE\cpp_client\build_vs\test_phase46_advanced.vcxproj]
  (compiling source file '../src/rendering/renderer.cpp')
      C:\Program Files\Microsoft Visual Studio\2022\Community\VC\Tools\MSVC\14.38.33130\include\vector(436,14):
      see declaration of 'std::vector'

C:\GIT PROJECTS\EVEOFFLINE\cpp_client\include\rendering\model.h(177,58): error C2955: 'std::vector': use of class templ
ate requires template argument list [C:\GIT PROJECTS\EVEOFFLINE\cpp_client\build_vs\test_phase46_advanced.vcxproj]
  (compiling source file '../src/rendering/renderer.cpp')
      C:\Program Files\Microsoft Visual Studio\2022\Community\VC\Tools\MSVC\14.38.33130\include\vector(436,14):
      see declaration of 'std::vector'

C:\GIT PROJECTS\EVEOFFLINE\cpp_client\include\rendering\model.h(179,45): error C2065: 'Vertex': undeclared identifier [
C:\GIT PROJECTS\EVEOFFLINE\cpp_client\build_vs\test_phase46_advanced.vcxproj]
  (compiling source file '../src/rendering/renderer.cpp')

C:\GIT PROJECTS\EVEOFFLINE\cpp_client\include\rendering\model.h(179,38): error C2923: 'std::vector': 'Vertex' is not a
valid template type argument for parameter '_Ty' [C:\GIT PROJECTS\EVEOFFLINE\cpp_client\build_vs\test_phase46_advanced.
vcxproj]
  (compiling source file '../src/rendering/renderer.cpp')
      C:\GIT PROJECTS\EVEOFFLINE\cpp_client\include\rendering\model.h(179,45):
      see declaration of 'Vertex'

C:\GIT PROJECTS\EVEOFFLINE\cpp_client\include\rendering\model.h(179,38): error C2976: 'std::vector': too few template a
rguments [C:\GIT PROJECTS\EVEOFFLINE\cpp_client\build_vs\test_phase46_advanced.vcxproj]
  (compiling source file '../src/rendering/renderer.cpp')
      C:\Program Files\Microsoft Visual Studio\2022\Community\VC\Tools\MSVC\14.38.33130\include\vector(436,14):
      see declaration of 'std::vector'

C:\GIT PROJECTS\EVEOFFLINE\cpp_client\include\rendering\model.h(179,54): error C2955: 'std::vector': use of class templ
ate requires template argument list [C:\GIT PROJECTS\EVEOFFLINE\cpp_client\build_vs\test_phase46_advanced.vcxproj]
  (compiling source file '../src/rendering/renderer.cpp')
      C:\Program Files\Microsoft Visual Studio\2022\Community\VC\Tools\MSVC\14.38.33130\include\vector(436,14):
      see declaration of 'std::vector'

C:\GIT PROJECTS\EVEOFFLINE\cpp_client\include\rendering\model.h(181,47): error C2065: 'Vertex': undeclared identifier [
C:\GIT PROJECTS\EVEOFFLINE\cpp_client\build_vs\test_phase46_advanced.vcxproj]
  (compiling source file '../src/rendering/renderer.cpp')

C:\GIT PROJECTS\EVEOFFLINE\cpp_client\include\rendering\model.h(181,40): error C2923: 'std::vector': 'Vertex' is not a
valid template type argument for parameter '_Ty' [C:\GIT PROJECTS\EVEOFFLINE\cpp_client\build_vs\test_phase46_advanced.
vcxproj]
  (compiling source file '../src/rendering/renderer.cpp')
      C:\GIT PROJECTS\EVEOFFLINE\cpp_client\include\rendering\model.h(181,47):
      see declaration of 'Vertex'

C:\GIT PROJECTS\EVEOFFLINE\cpp_client\include\rendering\model.h(181,40): error C2976: 'std::vector': too few template a
rguments [C:\GIT PROJECTS\EVEOFFLINE\cpp_client\build_vs\test_phase46_advanced.vcxproj]
  (compiling source file '../src/rendering/renderer.cpp')
      C:\Program Files\Microsoft Visual Studio\2022\Community\VC\Tools\MSVC\14.38.33130\include\vector(436,14):
      see declaration of 'std::vector'

C:\GIT PROJECTS\EVEOFFLINE\cpp_client\include\rendering\model.h(181,56): error C2955: 'std::vector': use of class templ
ate requires template argument list [C:\GIT PROJECTS\EVEOFFLINE\cpp_client\build_vs\test_phase46_advanced.vcxproj]
  (compiling source file '../src/rendering/renderer.cpp')
      C:\Program Files\Microsoft Visual Studio\2022\Community\VC\Tools\MSVC\14.38.33130\include\vector(436,14):
      see declaration of 'std::vector'

C:\GIT PROJECTS\EVEOFFLINE\cpp_client\include\rendering\model.h(183,44): error C2065: 'Vertex': undeclared identifier [
C:\GIT PROJECTS\EVEOFFLINE\cpp_client\build_vs\test_phase46_advanced.vcxproj]
  (compiling source file '../src/rendering/renderer.cpp')

C:\GIT PROJECTS\EVEOFFLINE\cpp_client\include\rendering\model.h(183,37): error C2923: 'std::vector': 'Vertex' is not a
valid template type argument for parameter '_Ty' [C:\GIT PROJECTS\EVEOFFLINE\cpp_client\build_vs\test_phase46_advanced.
vcxproj]
  (compiling source file '../src/rendering/renderer.cpp')
      C:\GIT PROJECTS\EVEOFFLINE\cpp_client\include\rendering\model.h(183,44):
      see declaration of 'Vertex'

C:\GIT PROJECTS\EVEOFFLINE\cpp_client\include\rendering\model.h(183,37): error C2976: 'std::vector': too few template a
rguments [C:\GIT PROJECTS\EVEOFFLINE\cpp_client\build_vs\test_phase46_advanced.vcxproj]
  (compiling source file '../src/rendering/renderer.cpp')
      C:\Program Files\Microsoft Visual Studio\2022\Community\VC\Tools\MSVC\14.38.33130\include\vector(436,14):
      see declaration of 'std::vector'

C:\GIT PROJECTS\EVEOFFLINE\cpp_client\include\rendering\model.h(183,53): error C2955: 'std::vector': use of class templ
ate requires template argument list [C:\GIT PROJECTS\EVEOFFLINE\cpp_client\build_vs\test_phase46_advanced.vcxproj]
  (compiling source file '../src/rendering/renderer.cpp')
      C:\Program Files\Microsoft Visual Studio\2022\Community\VC\Tools\MSVC\14.38.33130\include\vector(436,14):
      see declaration of 'std::vector'

C:\GIT PROJECTS\EVEOFFLINE\cpp_client\include\rendering\model.h(185,49): error C2065: 'Vertex': undeclared identifier [
C:\GIT PROJECTS\EVEOFFLINE\cpp_client\build_vs\test_phase46_advanced.vcxproj]
  (compiling source file '../src/rendering/renderer.cpp')

C:\GIT PROJECTS\EVEOFFLINE\cpp_client\include\rendering\model.h(185,42): error C2923: 'std::vector': 'Vertex' is not a
valid template type argument for parameter '_Ty' [C:\GIT PROJECTS\EVEOFFLINE\cpp_client\build_vs\test_phase46_advanced.
vcxproj]
  (compiling source file '../src/rendering/renderer.cpp')
      C:\GIT PROJECTS\EVEOFFLINE\cpp_client\include\rendering\model.h(185,49):
      see declaration of 'Vertex'

C:\GIT PROJECTS\EVEOFFLINE\cpp_client\include\rendering\model.h(185,42): error C2976: 'std::vector': too few template a
rguments [C:\GIT PROJECTS\EVEOFFLINE\cpp_client\build_vs\test_phase46_advanced.vcxproj]
  (compiling source file '../src/rendering/renderer.cpp')
      C:\Program Files\Microsoft Visual Studio\2022\Community\VC\Tools\MSVC\14.38.33130\include\vector(436,14):
      see declaration of 'std::vector'

C:\GIT PROJECTS\EVEOFFLINE\cpp_client\include\rendering\model.h(185,58): error C2955: 'std::vector': use of class templ
ate requires template argument list [C:\GIT PROJECTS\EVEOFFLINE\cpp_client\build_vs\test_phase46_advanced.vcxproj]
  (compiling source file '../src/rendering/renderer.cpp')
      C:\Program Files\Microsoft Visual Studio\2022\Community\VC\Tools\MSVC\14.38.33130\include\vector(436,14):
      see declaration of 'std::vector'

  (compiling source file '../src/rendering/model.cpp')

C:\GIT PROJECTS\EVEOFFLINE\cpp_client\include\rendering\model.h(177,42): error C2923: 'std::vector': 'Vertex' is not a
valid template type argument for parameter '_Ty' [C:\GIT PROJECTS\EVEOFFLINE\cpp_client\build_vs\test_lighting.vcxproj]
  (compiling source file '../src/rendering/model.cpp')
      C:\GIT PROJECTS\EVEOFFLINE\cpp_client\include\rendering\model.h(177,49):
      see declaration of 'Vertex'

C:\GIT PROJECTS\EVEOFFLINE\cpp_client\include\rendering\model.h(177,42): error C2976: 'std::vector': too few template a
rguments [C:\GIT PROJECTS\EVEOFFLINE\cpp_client\build_vs\test_lighting.vcxproj]
  (compiling source file '../src/rendering/model.cpp')
      C:\Program Files\Microsoft Visual Studio\2022\Community\VC\Tools\MSVC\14.38.33130\include\vector(436,14):
      see declaration of 'std::vector'

C:\GIT PROJECTS\EVEOFFLINE\cpp_client\include\rendering\model.h(177,58): error C2955: 'std::vector': use of class templ
ate requires template argument list [C:\GIT PROJECTS\EVEOFFLINE\cpp_client\build_vs\test_lighting.vcxproj]
  (compiling source file '../src/rendering/model.cpp')
      C:\Program Files\Microsoft Visual Studio\2022\Community\VC\Tools\MSVC\14.38.33130\include\vector(436,14):
      see declaration of 'std::vector'

C:\GIT PROJECTS\EVEOFFLINE\cpp_client\include\rendering\model.h(179,45): error C2065: 'Vertex': undeclared identifier [
C:\GIT PROJECTS\EVEOFFLINE\cpp_client\build_vs\test_lighting.vcxproj]
  (compiling source file '../src/rendering/model.cpp')

C:\GIT PROJECTS\EVEOFFLINE\cpp_client\include\rendering\model.h(179,38): error C2923: 'std::vector': 'Vertex' is not a
valid template type argument for parameter '_Ty' [C:\GIT PROJECTS\EVEOFFLINE\cpp_client\build_vs\test_lighting.vcxproj]
  (compiling source file '../src/rendering/model.cpp')
      C:\GIT PROJECTS\EVEOFFLINE\cpp_client\include\rendering\model.h(179,45):
      see declaration of 'Vertex'

C:\GIT PROJECTS\EVEOFFLINE\cpp_client\include\rendering\model.h(179,38): error C2976: 'std::vector': too few template a
rguments [C:\GIT PROJECTS\EVEOFFLINE\cpp_client\build_vs\test_lighting.vcxproj]
  (compiling source file '../src/rendering/model.cpp')
      C:\Program Files\Microsoft Visual Studio\2022\Community\VC\Tools\MSVC\14.38.33130\include\vector(436,14):
      see declaration of 'std::vector'

C:\GIT PROJECTS\EVEOFFLINE\cpp_client\include\rendering\model.h(179,54): error C2955: 'std::vector': use of class templ
ate requires template argument list [C:\GIT PROJECTS\EVEOFFLINE\cpp_client\build_vs\test_lighting.vcxproj]
  (compiling source file '../src/rendering/model.cpp')
      C:\Program Files\Microsoft Visual Studio\2022\Community\VC\Tools\MSVC\14.38.33130\include\vector(436,14):
      see declaration of 'std::vector'

C:\GIT PROJECTS\EVEOFFLINE\cpp_client\include\rendering\model.h(181,47): error C2065: 'Vertex': undeclared identifier [
C:\GIT PROJECTS\EVEOFFLINE\cpp_client\build_vs\test_lighting.vcxproj]
  (compiling source file '../src/rendering/model.cpp')

C:\GIT PROJECTS\EVEOFFLINE\cpp_client\include\rendering\model.h(181,40): error C2923: 'std::vector': 'Vertex' is not a
valid template type argument for parameter '_Ty' [C:\GIT PROJECTS\EVEOFFLINE\cpp_client\build_vs\test_lighting.vcxproj]
  (compiling source file '../src/rendering/model.cpp')
      C:\GIT PROJECTS\EVEOFFLINE\cpp_client\include\rendering\model.h(181,47):
      see declaration of 'Vertex'

C:\GIT PROJECTS\EVEOFFLINE\cpp_client\include\rendering\model.h(181,40): error C2976: 'std::vector': too few template a
rguments [C:\GIT PROJECTS\EVEOFFLINE\cpp_client\build_vs\test_lighting.vcxproj]
  model.cpp
  (compiling source file '../src/rendering/model.cpp')
      C:\Program Files\Microsoft Visual Studio\2022\Community\VC\Tools\MSVC\14.38.33130\include\vector(436,14):
      see declaration of 'std::vector'

C:\GIT PROJECTS\EVEOFFLINE\cpp_client\include\rendering\model.h(181,56): error C2955: 'std::vector': use of class templ
ate requires template argument list [C:\GIT PROJECTS\EVEOFFLINE\cpp_client\build_vs\test_lighting.vcxproj]
  (compiling source file '../src/rendering/model.cpp')
      C:\Program Files\Microsoft Visual Studio\2022\Community\VC\Tools\MSVC\14.38.33130\include\vector(436,14):
      see declaration of 'std::vector'

C:\GIT PROJECTS\EVEOFFLINE\cpp_client\include\rendering\model.h(183,44): error C2065: 'Vertex': undeclared identifier [
C:\GIT PROJECTS\EVEOFFLINE\cpp_client\build_vs\test_lighting.vcxproj]
  (compiling source file '../src/rendering/model.cpp')

C:\GIT PROJECTS\EVEOFFLINE\cpp_client\include\rendering\model.h(183,37): error C2923: 'std::vector': 'Vertex' is not a
valid template type argument for parameter '_Ty' [C:\GIT PROJECTS\EVEOFFLINE\cpp_client\build_vs\test_lighting.vcxproj]
  (compiling source file '../src/rendering/model.cpp')
      C:\GIT PROJECTS\EVEOFFLINE\cpp_client\include\rendering\model.h(183,44):
      see declaration of 'Vertex'

C:\GIT PROJECTS\EVEOFFLINE\cpp_client\include\rendering\model.h(183,37): error C2976: 'std::vector': too few template a
rguments [C:\GIT PROJECTS\EVEOFFLINE\cpp_client\build_vs\test_lighting.vcxproj]
  (compiling source file '../src/rendering/model.cpp')
      C:\Program Files\Microsoft Visual Studio\2022\Community\VC\Tools\MSVC\14.38.33130\include\vector(436,14):
      see declaration of 'std::vector'

C:\GIT PROJECTS\EVEOFFLINE\cpp_client\include\rendering\model.h(183,53): error C2955: 'std::vector': use of class templ
ate requires template argument list [C:\GIT PROJECTS\EVEOFFLINE\cpp_client\build_vs\test_lighting.vcxproj]
  (compiling source file '../src/rendering/model.cpp')
      C:\Program Files\Microsoft Visual Studio\2022\Community\VC\Tools\MSVC\14.38.33130\include\vector(436,14):
      see declaration of 'std::vector'

C:\GIT PROJECTS\EVEOFFLINE\cpp_client\include\rendering\model.h(185,49): error C2065: 'Vertex': undeclared identifier [
C:\GIT PROJECTS\EVEOFFLINE\cpp_client\build_vs\test_lighting.vcxproj]
  (compiling source file '../src/rendering/model.cpp')

C:\GIT PROJECTS\EVEOFFLINE\cpp_client\include\rendering\model.h(185,42): error C2923: 'std::vector': 'Vertex' is not a
valid template type argument for parameter '_Ty' [C:\GIT PROJECTS\EVEOFFLINE\cpp_client\build_vs\test_lighting.vcxproj]
  (compiling source file '../src/rendering/model.cpp')
      C:\GIT PROJECTS\EVEOFFLINE\cpp_client\include\rendering\model.h(185,49):
      see declaration of 'Vertex'

C:\GIT PROJECTS\EVEOFFLINE\cpp_client\include\rendering\model.h(185,42): error C2976: 'std::vector': too few template a
rguments [C:\GIT PROJECTS\EVEOFFLINE\cpp_client\build_vs\test_lighting.vcxproj]
  (compiling source file '../src/rendering/model.cpp')
      C:\Program Files\Microsoft Visual Studio\2022\Community\VC\Tools\MSVC\14.38.33130\include\vector(436,14):
      see declaration of 'std::vector'

C:\GIT PROJECTS\EVEOFFLINE\cpp_client\include\rendering\model.h(185,58): error C2955: 'std::vector': use of class templ
ate requires template argument list [C:\GIT PROJECTS\EVEOFFLINE\cpp_client\build_vs\test_lighting.vcxproj]
  (compiling source file '../src/rendering/model.cpp')
      C:\Program Files\Microsoft Visual Studio\2022\Community\VC\Tools\MSVC\14.38.33130\include\vector(436,14):
      see declaration of 'std::vector'

C:\GIT PROJECTS\EVEOFFLINE\cpp_client\include\rendering\model.h(177,49): error C2065: 'Vertex': undeclared identifier [
C:\GIT PROJECTS\EVEOFFLINE\cpp_client\build_vs\test_enhanced_ui.vcxproj]
  (compiling source file '../src/rendering/renderer.cpp')

C:\GIT PROJECTS\EVEOFFLINE\cpp_client\include\rendering\model.h(177,42): error C2923: 'std::vector': 'Vertex' is not a
valid template type argument for parameter '_Ty' [C:\GIT PROJECTS\EVEOFFLINE\cpp_client\build_vs\test_enhanced_ui.vcxpr
oj]
  (compiling source file '../src/rendering/renderer.cpp')
      C:\GIT PROJECTS\EVEOFFLINE\cpp_client\include\rendering\model.h(177,49):
      see declaration of 'Vertex'

C:\GIT PROJECTS\EVEOFFLINE\cpp_client\include\rendering\model.h(177,42): error C2976: 'std::vector': too few template a
rguments [C:\GIT PROJECTS\EVEOFFLINE\cpp_client\build_vs\test_enhanced_ui.vcxproj]
  (compiling source file '../src/rendering/renderer.cpp')
      C:\Program Files\Microsoft Visual Studio\2022\Community\VC\Tools\MSVC\14.38.33130\include\vector(436,14):
      see declaration of 'std::vector'

C:\GIT PROJECTS\EVEOFFLINE\cpp_client\include\rendering\model.h(177,58): error C2955: 'std::vector': use of class templ
ate requires template argument list [C:\GIT PROJECTS\EVEOFFLINE\cpp_client\build_vs\test_enhanced_ui.vcxproj]
  (compiling source file '../src/rendering/renderer.cpp')
      C:\Program Files\Microsoft Visual Studio\2022\Community\VC\Tools\MSVC\14.38.33130\include\vector(436,14):
      see declaration of 'std::vector'

C:\GIT PROJECTS\EVEOFFLINE\cpp_client\include\rendering\model.h(179,45): error C2065: 'Vertex': undeclared identifier [
C:\GIT PROJECTS\EVEOFFLINE\cpp_client\build_vs\test_enhanced_ui.vcxproj]
  (compiling source file '../src/rendering/renderer.cpp')

C:\GIT PROJECTS\EVEOFFLINE\cpp_client\include\rendering\model.h(179,38): error C2923: 'std::vector': 'Vertex' is not a
valid template type argument for parameter '_Ty' [C:\GIT PROJECTS\EVEOFFLINE\cpp_client\build_vs\test_enhanced_ui.vcxpr
oj]
  (compiling source file '../src/rendering/renderer.cpp')
      C:\GIT PROJECTS\EVEOFFLINE\cpp_client\include\rendering\model.h(179,45):
      see declaration of 'Vertex'

C:\GIT PROJECTS\EVEOFFLINE\cpp_client\include\rendering\model.h(179,38): error C2976: 'std::vector': too few template a
rguments [C:\GIT PROJECTS\EVEOFFLINE\cpp_client\build_vs\test_enhanced_ui.vcxproj]
  (compiling source file '../src/rendering/renderer.cpp')
      C:\Program Files\Microsoft Visual Studio\2022\Community\VC\Tools\MSVC\14.38.33130\include\vector(436,14):
      see declaration of 'std::vector'

C:\GIT PROJECTS\EVEOFFLINE\cpp_client\include\rendering\model.h(179,54): error C2955: 'std::vector': use of class templ
ate requires template argument list [C:\GIT PROJECTS\EVEOFFLINE\cpp_client\build_vs\test_enhanced_ui.vcxproj]
  (compiling source file '../src/rendering/renderer.cpp')
      C:\Program Files\Microsoft Visual Studio\2022\Community\VC\Tools\MSVC\14.38.33130\include\vector(436,14):
      see declaration of 'std::vector'

C:\GIT PROJECTS\EVEOFFLINE\cpp_client\include\rendering\model.h(181,47): error C2065: 'Vertex': undeclared identifier [
C:\GIT PROJECTS\EVEOFFLINE\cpp_client\build_vs\test_enhanced_ui.vcxproj]
  (compiling source file '../src/rendering/renderer.cpp')

C:\GIT PROJECTS\EVEOFFLINE\cpp_client\include\rendering\model.h(181,40): error C2923: 'std::vector': 'Vertex' is not a
valid template type argument for parameter '_Ty' [C:\GIT PROJECTS\EVEOFFLINE\cpp_client\build_vs\test_enhanced_ui.vcxpr
oj]
  (compiling source file '../src/rendering/renderer.cpp')
      C:\GIT PROJECTS\EVEOFFLINE\cpp_client\include\rendering\model.h(181,47):
      see declaration of 'Vertex'

C:\GIT PROJECTS\EVEOFFLINE\cpp_client\include\rendering\model.h(181,40): error C2976: 'std::vector': too few template a
rguments [C:\GIT PROJECTS\EVEOFFLINE\cpp_client\build_vs\test_enhanced_ui.vcxproj]
  (compiling source file '../src/rendering/renderer.cpp')
      C:\Program Files\Microsoft Visual Studio\2022\Community\VC\Tools\MSVC\14.38.33130\include\vector(436,14):
      see declaration of 'std::vector'

C:\GIT PROJECTS\EVEOFFLINE\cpp_client\include\rendering\model.h(181,56): error C2955: 'std::vector': use of class templ
ate requires template argument list [C:\GIT PROJECTS\EVEOFFLINE\cpp_client\build_vs\test_enhanced_ui.vcxproj]
  (compiling source file '../src/rendering/renderer.cpp')
      C:\Program Files\Microsoft Visual Studio\2022\Community\VC\Tools\MSVC\14.38.33130\include\vector(436,14):
      see declaration of 'std::vector'

C:\GIT PROJECTS\EVEOFFLINE\cpp_client\include\rendering\model.h(183,44): error C2065: 'Vertex': undeclared identifier [
C:\GIT PROJECTS\EVEOFFLINE\cpp_client\build_vs\test_enhanced_ui.vcxproj]
  (compiling source file '../src/rendering/renderer.cpp')

C:\GIT PROJECTS\EVEOFFLINE\cpp_client\include\rendering\model.h(183,37): error C2923: 'std::vector': 'Vertex' is not a
valid template type argument for parameter '_Ty' [C:\GIT PROJECTS\EVEOFFLINE\cpp_client\build_vs\test_enhanced_ui.vcxpr
oj]
  (compiling source file '../src/rendering/renderer.cpp')
      C:\GIT PROJECTS\EVEOFFLINE\cpp_client\include\rendering\model.h(183,44):
      see declaration of 'Vertex'

C:\GIT PROJECTS\EVEOFFLINE\cpp_client\include\rendering\model.h(183,37): error C2976: 'std::vector': too few template a
rguments [C:\GIT PROJECTS\EVEOFFLINE\cpp_client\build_vs\test_enhanced_ui.vcxproj]
  (compiling source file '../src/rendering/renderer.cpp')
      C:\Program Files\Microsoft Visual Studio\2022\Community\VC\Tools\MSVC\14.38.33130\include\vector(436,14):
      see declaration of 'std::vector'

C:\GIT PROJECTS\EVEOFFLINE\cpp_client\include\rendering\model.h(183,53): error C2955: 'std::vector': use of class templ
ate requires template argument list [C:\GIT PROJECTS\EVEOFFLINE\cpp_client\build_vs\test_enhanced_ui.vcxproj]
  (compiling source file '../src/rendering/renderer.cpp')
      C:\Program Files\Microsoft Visual Studio\2022\Community\VC\Tools\MSVC\14.38.33130\include\vector(436,14):
      see declaration of 'std::vector'

C:\GIT PROJECTS\EVEOFFLINE\cpp_client\include\rendering\model.h(185,49): error C2065: 'Vertex': undeclared identifier [
C:\GIT PROJECTS\EVEOFFLINE\cpp_client\build_vs\test_enhanced_ui.vcxproj]
  (compiling source file '../src/rendering/renderer.cpp')

C:\GIT PROJECTS\EVEOFFLINE\cpp_client\include\rendering\model.h(185,42): error C2923: 'std::vector': 'Vertex' is not a
valid template type argument for parameter '_Ty' [C:\GIT PROJECTS\EVEOFFLINE\cpp_client\build_vs\test_enhanced_ui.vcxpr
oj]
  (compiling source file '../src/rendering/renderer.cpp')
      C:\GIT PROJECTS\EVEOFFLINE\cpp_client\include\rendering\model.h(185,49):
      see declaration of 'Vertex'

C:\GIT PROJECTS\EVEOFFLINE\cpp_client\include\rendering\model.h(185,42): error C2976: 'std::vector': too few template a
rguments [C:\GIT PROJECTS\EVEOFFLINE\cpp_client\build_vs\test_enhanced_ui.vcxproj]
  (compiling source file '../src/rendering/renderer.cpp')
      C:\Program Files\Microsoft Visual Studio\2022\Community\VC\Tools\MSVC\14.38.33130\include\vector(436,14):
      see declaration of 'std::vector'

C:\GIT PROJECTS\EVEOFFLINE\cpp_client\include\rendering\model.h(185,58): error C2955: 'std::vector': use of class templ
ate requires template argument list [C:\GIT PROJECTS\EVEOFFLINE\cpp_client\build_vs\test_enhanced_ui.vcxproj]
  (compiling source file '../src/rendering/renderer.cpp')
      C:\Program Files\Microsoft Visual Studio\2022\Community\VC\Tools\MSVC\14.38.33130\include\vector(436,14):
      see declaration of 'std::vector'

  model.cpp
  model.cpp
C:\GIT PROJECTS\EVEOFFLINE\cpp_client\external\tinygltf\tiny_gltf.h(1715,10): error C1083: Cannot open include file: 'j
son.hpp': No such file or directory [C:\GIT PROJECTS\EVEOFFLINE\cpp_client\build_vs\test_lighting.vcxproj]
  (compiling source file '../src/rendering/model.cpp')

C:\GIT PROJECTS\EVEOFFLINE\cpp_client\include\rendering\model.h(177,49): error C2065: 'Vertex': undeclared identifier [
C:\GIT PROJECTS\EVEOFFLINE\cpp_client\build_vs\eve_client.vcxproj]
  (compiling source file '../src/rendering/model.cpp')

C:\GIT PROJECTS\EVEOFFLINE\cpp_client\include\rendering\model.h(177,42): error C2923: 'std::vector': 'Vertex' is not a
valid template type argument for parameter '_Ty' [C:\GIT PROJECTS\EVEOFFLINE\cpp_client\build_vs\eve_client.vcxproj]
  (compiling source file '../src/rendering/model.cpp')
      C:\GIT PROJECTS\EVEOFFLINE\cpp_client\include\rendering\model.h(177,49):
      see declaration of 'Vertex'

C:\GIT PROJECTS\EVEOFFLINE\cpp_client\include\rendering\model.h(177,42): error C2976: 'std::vector': too few template a
rguments [C:\GIT PROJECTS\EVEOFFLINE\cpp_client\build_vs\eve_client.vcxproj]
  (compiling source file '../src/rendering/model.cpp')
      C:\Program Files\Microsoft Visual Studio\2022\Community\VC\Tools\MSVC\14.38.33130\include\vector(436,14):
      see declaration of 'std::vector'

C:\GIT PROJECTS\EVEOFFLINE\cpp_client\include\rendering\model.h(177,58): error C2955: 'std::vector': use of class templ
ate requires template argument list [C:\GIT PROJECTS\EVEOFFLINE\cpp_client\build_vs\eve_client.vcxproj]
  (compiling source file '../src/rendering/model.cpp')
      C:\Program Files\Microsoft Visual Studio\2022\Community\VC\Tools\MSVC\14.38.33130\include\vector(436,14):
      see declaration of 'std::vector'

C:\GIT PROJECTS\EVEOFFLINE\cpp_client\include\rendering\model.h(179,45): error C2065: 'Vertex': undeclared identifier [
C:\GIT PROJECTS\EVEOFFLINE\cpp_client\build_vs\eve_client.vcxproj]
  (compiling source file '../src/rendering/model.cpp')

C:\GIT PROJECTS\EVEOFFLINE\cpp_client\include\rendering\model.h(179,38): error C2923: 'std::vector': 'Vertex' is not a
valid template type argument for parameter '_Ty' [C:\GIT PROJECTS\EVEOFFLINE\cpp_client\build_vs\eve_client.vcxproj]
  (compiling source file '../src/rendering/model.cpp')
      C:\GIT PROJECTS\EVEOFFLINE\cpp_client\include\rendering\model.h(179,45):
      see declaration of 'Vertex'

C:\GIT PROJECTS\EVEOFFLINE\cpp_client\include\rendering\model.h(179,38): error C2976: 'std::vector': too few template a
rguments [C:\GIT PROJECTS\EVEOFFLINE\cpp_client\build_vs\eve_client.vcxproj]
  (compiling source file '../src/rendering/model.cpp')
      C:\Program Files\Microsoft Visual Studio\2022\Community\VC\Tools\MSVC\14.38.33130\include\vector(436,14):
      see declaration of 'std::vector'

C:\GIT PROJECTS\EVEOFFLINE\cpp_client\include\rendering\model.h(179,54): error C2955: 'std::vector': use of class templ
ate requires template argument list [C:\GIT PROJECTS\EVEOFFLINE\cpp_client\build_vs\eve_client.vcxproj]
  (compiling source file '../src/rendering/model.cpp')
      C:\Program Files\Microsoft Visual Studio\2022\Community\VC\Tools\MSVC\14.38.33130\include\vector(436,14):
      see declaration of 'std::vector'

C:\GIT PROJECTS\EVEOFFLINE\cpp_client\include\rendering\model.h(181,47): error C2065: 'Vertex': undeclared identifier [
C:\GIT PROJECTS\EVEOFFLINE\cpp_client\build_vs\eve_client.vcxproj]
  (compiling source file '../src/rendering/model.cpp')

C:\GIT PROJECTS\EVEOFFLINE\cpp_client\include\rendering\model.h(181,40): error C2923: 'std::vector': 'Vertex' is not a
valid template type argument for parameter '_Ty' [C:\GIT PROJECTS\EVEOFFLINE\cpp_client\build_vs\eve_client.vcxproj]
  (compiling source file '../src/rendering/model.cpp')
      C:\GIT PROJECTS\EVEOFFLINE\cpp_client\include\rendering\model.h(181,47):
      see declaration of 'Vertex'

C:\GIT PROJECTS\EVEOFFLINE\cpp_client\include\rendering\model.h(181,40): error C2976: 'std::vector': too few template a
rguments [C:\GIT PROJECTS\EVEOFFLINE\cpp_client\build_vs\eve_client.vcxproj]
  (compiling source file '../src/rendering/model.cpp')
      C:\Program Files\Microsoft Visual Studio\2022\Community\VC\Tools\MSVC\14.38.33130\include\vector(436,14):
      see declaration of 'std::vector'

C:\GIT PROJECTS\EVEOFFLINE\cpp_client\include\rendering\model.h(181,56): error C2955: 'std::vector': use of class templ
ate requires template argument list [C:\GIT PROJECTS\EVEOFFLINE\cpp_client\build_vs\eve_client.vcxproj]
  (compiling source file '../src/rendering/model.cpp')
      C:\Program Files\Microsoft Visual Studio\2022\Community\VC\Tools\MSVC\14.38.33130\include\vector(436,14):
      see declaration of 'std::vector'

C:\GIT PROJECTS\EVEOFFLINE\cpp_client\include\rendering\model.h(183,44): error C2065: 'Vertex': undeclared identifier [
C:\GIT PROJECTS\EVEOFFLINE\cpp_client\build_vs\eve_client.vcxproj]
  (compiling source file '../src/rendering/model.cpp')

C:\GIT PROJECTS\EVEOFFLINE\cpp_client\include\rendering\model.h(183,37): error C2923: 'std::vector': 'Vertex' is not a
valid template type argument for parameter '_Ty' [C:\GIT PROJECTS\EVEOFFLINE\cpp_client\build_vs\eve_client.vcxproj]
  (compiling source file '../src/rendering/model.cpp')
      C:\GIT PROJECTS\EVEOFFLINE\cpp_client\include\rendering\model.h(183,44):
      see declaration of 'Vertex'

C:\GIT PROJECTS\EVEOFFLINE\cpp_client\include\rendering\model.h(183,37): error C2976: 'std::vector': too few template a
rguments [C:\GIT PROJECTS\EVEOFFLINE\cpp_client\build_vs\eve_client.vcxproj]
  (compiling source file '../src/rendering/model.cpp')
      C:\Program Files\Microsoft Visual Studio\2022\Community\VC\Tools\MSVC\14.38.33130\include\vector(436,14):
      see declaration of 'std::vector'

C:\GIT PROJECTS\EVEOFFLINE\cpp_client\include\rendering\model.h(183,53): error C2955: 'std::vector': use of class templ
ate requires template argument list [C:\GIT PROJECTS\EVEOFFLINE\cpp_client\build_vs\eve_client.vcxproj]
  (compiling source file '../src/rendering/model.cpp')
      C:\Program Files\Microsoft Visual Studio\2022\Community\VC\Tools\MSVC\14.38.33130\include\vector(436,14):
      see declaration of 'std::vector'

C:\GIT PROJECTS\EVEOFFLINE\cpp_client\include\rendering\model.h(185,49): error C2065: 'Vertex': undeclared identifier [
C:\GIT PROJECTS\EVEOFFLINE\cpp_client\build_vs\eve_client.vcxproj]
  (compiling source file '../src/rendering/model.cpp')

C:\GIT PROJECTS\EVEOFFLINE\cpp_client\include\rendering\model.h(185,42): error C2923: 'std::vector': 'Vertex' is not a
valid template type argument for parameter '_Ty' [C:\GIT PROJECTS\EVEOFFLINE\cpp_client\build_vs\eve_client.vcxproj]
  (compiling source file '../src/rendering/model.cpp')
      C:\GIT PROJECTS\EVEOFFLINE\cpp_client\include\rendering\model.h(185,49):
      see declaration of 'Vertex'

C:\GIT PROJECTS\EVEOFFLINE\cpp_client\include\rendering\model.h(185,42): error C2976: 'std::vector': too few template a
rguments [C:\GIT PROJECTS\EVEOFFLINE\cpp_client\build_vs\eve_client.vcxproj]
  (compiling source file '../src/rendering/model.cpp')
      C:\Program Files\Microsoft Visual Studio\2022\Community\VC\Tools\MSVC\14.38.33130\include\vector(436,14):
      see declaration of 'std::vector'

C:\GIT PROJECTS\EVEOFFLINE\cpp_client\include\rendering\model.h(185,58): error C2955: 'std::vector': use of class templ
ate requires template argument list [C:\GIT PROJECTS\EVEOFFLINE\cpp_client\build_vs\eve_client.vcxproj]
  (compiling source file '../src/rendering/model.cpp')
      C:\Program Files\Microsoft Visual Studio\2022\Community\VC\Tools\MSVC\14.38.33130\include\vector(436,14):
      see declaration of 'std::vector'

C:\GIT PROJECTS\EVEOFFLINE\cpp_client\include\rendering\model.h(177,49): error C2065: 'Vertex': undeclared identifier [
C:\GIT PROJECTS\EVEOFFLINE\cpp_client\build_vs\test_phase46_advanced.vcxproj]
  (compiling source file '../src/rendering/model.cpp')

C:\GIT PROJECTS\EVEOFFLINE\cpp_client\include\rendering\model.h(177,42): error C2923: 'std::vector': 'Vertex' is not a
valid template type argument for parameter '_Ty' [C:\GIT PROJECTS\EVEOFFLINE\cpp_client\build_vs\test_phase46_advanced.
vcxproj]
  (compiling source file '../src/rendering/model.cpp')
      C:\GIT PROJECTS\EVEOFFLINE\cpp_client\include\rendering\model.h(177,49):
      see declaration of 'Vertex'

C:\GIT PROJECTS\EVEOFFLINE\cpp_client\include\rendering\model.h(177,42): error C2976: 'std::vector': too few template a
rguments [C:\GIT PROJECTS\EVEOFFLINE\cpp_client\build_vs\test_phase46_advanced.vcxproj]
  (compiling source file '../src/rendering/model.cpp')
      C:\Program Files\Microsoft Visual Studio\2022\Community\VC\Tools\MSVC\14.38.33130\include\vector(436,14):
      see declaration of 'std::vector'

C:\GIT PROJECTS\EVEOFFLINE\cpp_client\include\rendering\model.h(177,58): error C2955: 'std::vector': use of class templ
ate requires template argument list [C:\GIT PROJECTS\EVEOFFLINE\cpp_client\build_vs\test_phase46_advanced.vcxproj]
  (compiling source file '../src/rendering/model.cpp')
      C:\Program Files\Microsoft Visual Studio\2022\Community\VC\Tools\MSVC\14.38.33130\include\vector(436,14):
      see declaration of 'std::vector'

C:\GIT PROJECTS\EVEOFFLINE\cpp_client\include\rendering\model.h(179,45): error C2065: 'Vertex': undeclared identifier [
C:\GIT PROJECTS\EVEOFFLINE\cpp_client\build_vs\test_phase46_advanced.vcxproj]
  (compiling source file '../src/rendering/model.cpp')

C:\GIT PROJECTS\EVEOFFLINE\cpp_client\include\rendering\model.h(179,38): error C2923: 'std::vector': 'Vertex' is not a
valid template type argument for parameter '_Ty' [C:\GIT PROJECTS\EVEOFFLINE\cpp_client\build_vs\test_phase46_advanced.
vcxproj]
  (compiling source file '../src/rendering/model.cpp')
      C:\GIT PROJECTS\EVEOFFLINE\cpp_client\include\rendering\model.h(179,45):
      see declaration of 'Vertex'

C:\GIT PROJECTS\EVEOFFLINE\cpp_client\include\rendering\model.h(179,38): error C2976: 'std::vector': too few template a
rguments [C:\GIT PROJECTS\EVEOFFLINE\cpp_client\build_vs\test_phase46_advanced.vcxproj]
  (compiling source file '../src/rendering/model.cpp')
      C:\Program Files\Microsoft Visual Studio\2022\Community\VC\Tools\MSVC\14.38.33130\include\vector(436,14):
      see declaration of 'std::vector'

C:\GIT PROJECTS\EVEOFFLINE\cpp_client\include\rendering\model.h(179,54): error C2955: 'std::vector': use of class templ
ate requires template argument list [C:\GIT PROJECTS\EVEOFFLINE\cpp_client\build_vs\test_phase46_advanced.vcxproj]
  (compiling source file '../src/rendering/model.cpp')
      C:\Program Files\Microsoft Visual Studio\2022\Community\VC\Tools\MSVC\14.38.33130\include\vector(436,14):
      see declaration of 'std::vector'

C:\GIT PROJECTS\EVEOFFLINE\cpp_client\include\rendering\model.h(181,47): error C2065: 'Vertex': undeclared identifier [
C:\GIT PROJECTS\EVEOFFLINE\cpp_client\build_vs\test_phase46_advanced.vcxproj]
  (compiling source file '../src/rendering/model.cpp')

C:\GIT PROJECTS\EVEOFFLINE\cpp_client\include\rendering\model.h(181,40): error C2923: 'std::vector': 'Vertex' is not a
valid template type argument for parameter '_Ty' [C:\GIT PROJECTS\EVEOFFLINE\cpp_client\build_vs\test_phase46_advanced.
vcxproj]
  (compiling source file '../src/rendering/model.cpp')
      C:\GIT PROJECTS\EVEOFFLINE\cpp_client\include\rendering\model.h(181,47):
      see declaration of 'Vertex'

C:\GIT PROJECTS\EVEOFFLINE\cpp_client\include\rendering\model.h(181,40): error C2976: 'std::vector': too few template a
rguments [C:\GIT PROJECTS\EVEOFFLINE\cpp_client\build_vs\test_phase46_advanced.vcxproj]
  (compiling source file '../src/rendering/model.cpp')
      C:\Program Files\Microsoft Visual Studio\2022\Community\VC\Tools\MSVC\14.38.33130\include\vector(436,14):
      see declaration of 'std::vector'

C:\GIT PROJECTS\EVEOFFLINE\cpp_client\include\rendering\model.h(181,56): error C2955: 'std::vector': use of class templ
ate requires template argument list [C:\GIT PROJECTS\EVEOFFLINE\cpp_client\build_vs\test_phase46_advanced.vcxproj]
  (compiling source file '../src/rendering/model.cpp')
      C:\Program Files\Microsoft Visual Studio\2022\Community\VC\Tools\MSVC\14.38.33130\include\vector(436,14):
      see declaration of 'std::vector'

C:\GIT PROJECTS\EVEOFFLINE\cpp_client\include\rendering\model.h(183,44): error C2065: 'Vertex': undeclared identifier [
C:\GIT PROJECTS\EVEOFFLINE\cpp_client\build_vs\test_phase46_advanced.vcxproj]
  (compiling source file '../src/rendering/model.cpp')

C:\GIT PROJECTS\EVEOFFLINE\cpp_client\include\rendering\model.h(183,37): error C2923: 'std::vector': 'Vertex' is not a
valid template type argument for parameter '_Ty' [C:\GIT PROJECTS\EVEOFFLINE\cpp_client\build_vs\test_phase46_advanced.
vcxproj]
  (compiling source file '../src/rendering/model.cpp')
      C:\GIT PROJECTS\EVEOFFLINE\cpp_client\include\rendering\model.h(183,44):
      see declaration of 'Vertex'

C:\GIT PROJECTS\EVEOFFLINE\cpp_client\include\rendering\model.h(183,37): error C2976: 'std::vector': too few template a
rguments [C:\GIT PROJECTS\EVEOFFLINE\cpp_client\build_vs\test_phase46_advanced.vcxproj]
  (compiling source file '../src/rendering/model.cpp')
      C:\Program Files\Microsoft Visual Studio\2022\Community\VC\Tools\MSVC\14.38.33130\include\vector(436,14):
      see declaration of 'std::vector'

C:\GIT PROJECTS\EVEOFFLINE\cpp_client\include\rendering\model.h(183,53): error C2955: 'std::vector': use of class templ
ate requires template argument list [C:\GIT PROJECTS\EVEOFFLINE\cpp_client\build_vs\test_phase46_advanced.vcxproj]
  (compiling source file '../src/rendering/model.cpp')
      C:\Program Files\Microsoft Visual Studio\2022\Community\VC\Tools\MSVC\14.38.33130\include\vector(436,14):
      see declaration of 'std::vector'

C:\GIT PROJECTS\EVEOFFLINE\cpp_client\include\rendering\model.h(185,49): error C2065: 'Vertex': undeclared identifier [
C:\GIT PROJECTS\EVEOFFLINE\cpp_client\build_vs\test_phase46_advanced.vcxproj]
  (compiling source file '../src/rendering/model.cpp')

C:\GIT PROJECTS\EVEOFFLINE\cpp_client\include\rendering\model.h(185,42): error C2923: 'std::vector': 'Vertex' is not a
valid template type argument for parameter '_Ty' [C:\GIT PROJECTS\EVEOFFLINE\cpp_client\build_vs\test_phase46_advanced.
vcxproj]
  (compiling source file '../src/rendering/model.cpp')
      C:\GIT PROJECTS\EVEOFFLINE\cpp_client\include\rendering\model.h(185,49):
      see declaration of 'Vertex'

C:\GIT PROJECTS\EVEOFFLINE\cpp_client\include\rendering\model.h(185,42): error C2976: 'std::vector': too few template a
rguments [C:\GIT PROJECTS\EVEOFFLINE\cpp_client\build_vs\test_phase46_advanced.vcxproj]
  (compiling source file '../src/rendering/model.cpp')
      C:\Program Files\Microsoft Visual Studio\2022\Community\VC\Tools\MSVC\14.38.33130\include\vector(436,14):
      see declaration of 'std::vector'

C:\GIT PROJECTS\EVEOFFLINE\cpp_client\include\rendering\model.h(185,58): error C2955: 'std::vector': use of class templ
ate requires template argument list [C:\GIT PROJECTS\EVEOFFLINE\cpp_client\build_vs\test_phase46_advanced.vcxproj]
  (compiling source file '../src/rendering/model.cpp')
      C:\Program Files\Microsoft Visual Studio\2022\Community\VC\Tools\MSVC\14.38.33130\include\vector(436,14):
      see declaration of 'std::vector'

C:\GIT PROJECTS\EVEOFFLINE\cpp_client\include\rendering\model.h(177,49): error C2065: 'Vertex': undeclared identifier [
C:\GIT PROJECTS\EVEOFFLINE\cpp_client\build_vs\test_enhanced_ui.vcxproj]
  (compiling source file '../src/rendering/model.cpp')

C:\GIT PROJECTS\EVEOFFLINE\cpp_client\include\rendering\model.h(177,42): error C2923: 'std::vector': 'Vertex' is not a
valid template type argument for parameter '_Ty' [C:\GIT PROJECTS\EVEOFFLINE\cpp_client\build_vs\test_enhanced_ui.vcxpr
oj]
  (compiling source file '../src/rendering/model.cpp')
      C:\GIT PROJECTS\EVEOFFLINE\cpp_client\include\rendering\model.h(177,49):
      see declaration of 'Vertex'

C:\GIT PROJECTS\EVEOFFLINE\cpp_client\include\rendering\model.h(177,42): error C2976: 'std::vector': too few template a
rguments [C:\GIT PROJECTS\EVEOFFLINE\cpp_client\build_vs\test_enhanced_ui.vcxproj]
  (compiling source file '../src/rendering/model.cpp')
      C:\Program Files\Microsoft Visual Studio\2022\Community\VC\Tools\MSVC\14.38.33130\include\vector(436,14):
      see declaration of 'std::vector'

C:\GIT PROJECTS\EVEOFFLINE\cpp_client\include\rendering\model.h(177,58): error C2955: 'std::vector': use of class templ
ate requires template argument list [C:\GIT PROJECTS\EVEOFFLINE\cpp_client\build_vs\test_enhanced_ui.vcxproj]
  (compiling source file '../src/rendering/model.cpp')
      C:\Program Files\Microsoft Visual Studio\2022\Community\VC\Tools\MSVC\14.38.33130\include\vector(436,14):
      see declaration of 'std::vector'

C:\GIT PROJECTS\EVEOFFLINE\cpp_client\include\rendering\model.h(179,45): error C2065: 'Vertex': undeclared identifier [
C:\GIT PROJECTS\EVEOFFLINE\cpp_client\build_vs\test_enhanced_ui.vcxproj]
  (compiling source file '../src/rendering/model.cpp')

C:\GIT PROJECTS\EVEOFFLINE\cpp_client\include\rendering\model.h(179,38): error C2923: 'std::vector': 'Vertex' is not a
valid template type argument for parameter '_Ty' [C:\GIT PROJECTS\EVEOFFLINE\cpp_client\build_vs\test_enhanced_ui.vcxpr
oj]
  (compiling source file '../src/rendering/model.cpp')
      C:\GIT PROJECTS\EVEOFFLINE\cpp_client\include\rendering\model.h(179,45):
      see declaration of 'Vertex'

C:\GIT PROJECTS\EVEOFFLINE\cpp_client\include\rendering\model.h(179,38): error C2976: 'std::vector': too few template a
rguments [C:\GIT PROJECTS\EVEOFFLINE\cpp_client\build_vs\test_enhanced_ui.vcxproj]
  (compiling source file '../src/rendering/model.cpp')
      C:\Program Files\Microsoft Visual Studio\2022\Community\VC\Tools\MSVC\14.38.33130\include\vector(436,14):
      see declaration of 'std::vector'

C:\GIT PROJECTS\EVEOFFLINE\cpp_client\include\rendering\model.h(179,54): error C2955: 'std::vector': use of class templ
ate requires template argument list [C:\GIT PROJECTS\EVEOFFLINE\cpp_client\build_vs\test_enhanced_ui.vcxproj]
  (compiling source file '../src/rendering/model.cpp')
      C:\Program Files\Microsoft Visual Studio\2022\Community\VC\Tools\MSVC\14.38.33130\include\vector(436,14):
      see declaration of 'std::vector'

C:\GIT PROJECTS\EVEOFFLINE\cpp_client\include\rendering\model.h(181,47): error C2065: 'Vertex': undeclared identifier [
C:\GIT PROJECTS\EVEOFFLINE\cpp_client\build_vs\test_enhanced_ui.vcxproj]
  (compiling source file '../src/rendering/model.cpp')

C:\GIT PROJECTS\EVEOFFLINE\cpp_client\include\rendering\model.h(181,40): error C2923: 'std::vector': 'Vertex' is not a
valid template type argument for parameter '_Ty' [C:\GIT PROJECTS\EVEOFFLINE\cpp_client\build_vs\test_enhanced_ui.vcxpr
oj]
  (compiling source file '../src/rendering/model.cpp')
      C:\GIT PROJECTS\EVEOFFLINE\cpp_client\include\rendering\model.h(181,47):
      see declaration of 'Vertex'

C:\GIT PROJECTS\EVEOFFLINE\cpp_client\include\rendering\model.h(181,40): error C2976: 'std::vector': too few template a
rguments [C:\GIT PROJECTS\EVEOFFLINE\cpp_client\build_vs\test_enhanced_ui.vcxproj]
  (compiling source file '../src/rendering/model.cpp')
      C:\Program Files\Microsoft Visual Studio\2022\Community\VC\Tools\MSVC\14.38.33130\include\vector(436,14):
      see declaration of 'std::vector'

C:\GIT PROJECTS\EVEOFFLINE\cpp_client\include\rendering\model.h(181,56): error C2955: 'std::vector': use of class templ
ate requires template argument list [C:\GIT PROJECTS\EVEOFFLINE\cpp_client\build_vs\test_enhanced_ui.vcxproj]
  (compiling source file '../src/rendering/model.cpp')
      C:\Program Files\Microsoft Visual Studio\2022\Community\VC\Tools\MSVC\14.38.33130\include\vector(436,14):
      see declaration of 'std::vector'

C:\GIT PROJECTS\EVEOFFLINE\cpp_client\include\rendering\model.h(183,44): error C2065: 'Vertex': undeclared identifier [
C:\GIT PROJECTS\EVEOFFLINE\cpp_client\build_vs\test_enhanced_ui.vcxproj]
  (compiling source file '../src/rendering/model.cpp')

C:\GIT PROJECTS\EVEOFFLINE\cpp_client\include\rendering\model.h(183,37): error C2923: 'std::vector': 'Vertex' is not a
valid template type argument for parameter '_Ty' [C:\GIT PROJECTS\EVEOFFLINE\cpp_client\build_vs\test_enhanced_ui.vcxpr
oj]
  (compiling source file '../src/rendering/model.cpp')
      C:\GIT PROJECTS\EVEOFFLINE\cpp_client\include\rendering\model.h(183,44):
      see declaration of 'Vertex'

C:\GIT PROJECTS\EVEOFFLINE\cpp_client\include\rendering\model.h(183,37): error C2976: 'std::vector': too few template a
rguments [C:\GIT PROJECTS\EVEOFFLINE\cpp_client\build_vs\test_enhanced_ui.vcxproj]
  (compiling source file '../src/rendering/model.cpp')
      C:\Program Files\Microsoft Visual Studio\2022\Community\VC\Tools\MSVC\14.38.33130\include\vector(436,14):
      see declaration of 'std::vector'

C:\GIT PROJECTS\EVEOFFLINE\cpp_client\include\rendering\model.h(183,53): error C2955: 'std::vector': use of class templ
ate requires template argument list [C:\GIT PROJECTS\EVEOFFLINE\cpp_client\build_vs\test_enhanced_ui.vcxproj]
  (compiling source file '../src/rendering/model.cpp')
      C:\Program Files\Microsoft Visual Studio\2022\Community\VC\Tools\MSVC\14.38.33130\include\vector(436,14):
      see declaration of 'std::vector'

C:\GIT PROJECTS\EVEOFFLINE\cpp_client\include\rendering\model.h(185,49): error C2065: 'Vertex': undeclared identifier [
C:\GIT PROJECTS\EVEOFFLINE\cpp_client\build_vs\test_enhanced_ui.vcxproj]
  (compiling source file '../src/rendering/model.cpp')

C:\GIT PROJECTS\EVEOFFLINE\cpp_client\include\rendering\model.h(185,42): error C2923: 'std::vector': 'Vertex' is not a
valid template type argument for parameter '_Ty' [C:\GIT PROJECTS\EVEOFFLINE\cpp_client\build_vs\test_enhanced_ui.vcxpr
oj]
  (compiling source file '../src/rendering/model.cpp')
      C:\GIT PROJECTS\EVEOFFLINE\cpp_client\include\rendering\model.h(185,49):
      see declaration of 'Vertex'

C:\GIT PROJECTS\EVEOFFLINE\cpp_client\include\rendering\model.h(185,42): error C2976: 'std::vector': too few template a
rguments [C:\GIT PROJECTS\EVEOFFLINE\cpp_client\build_vs\test_enhanced_ui.vcxproj]
  (compiling source file '../src/rendering/model.cpp')
      C:\Program Files\Microsoft Visual Studio\2022\Community\VC\Tools\MSVC\14.38.33130\include\vector(436,14):
      see declaration of 'std::vector'

C:\GIT PROJECTS\EVEOFFLINE\cpp_client\include\rendering\model.h(185,58): error C2955: 'std::vector': use of class templ
ate requires template argument list [C:\GIT PROJECTS\EVEOFFLINE\cpp_client\build_vs\test_enhanced_ui.vcxproj]
  (compiling source file '../src/rendering/model.cpp')
      C:\Program Files\Microsoft Visual Studio\2022\Community\VC\Tools\MSVC\14.38.33130\include\vector(436,14):
      see declaration of 'std::vector'

C:\GIT PROJECTS\EVEOFFLINE\cpp_client\external\tinygltf\tiny_gltf.h(1715,10): error C1083: Cannot open include file: 'j
son.hpp': No such file or directory [C:\GIT PROJECTS\EVEOFFLINE\cpp_client\build_vs\eve_client.vcxproj]
  (compiling source file '../src/rendering/model.cpp')

  Generating Code...
C:\GIT PROJECTS\EVEOFFLINE\cpp_client\external\tinygltf\tiny_gltf.h(1715,10): error C1083: Cannot open include file: 'j
son.hpp': No such file or directory [C:\GIT PROJECTS\EVEOFFLINE\cpp_client\build_vs\test_phase46_advanced.vcxproj]
  (compiling source file '../src/rendering/model.cpp')

  Generating Code...
C:\GIT PROJECTS\EVEOFFLINE\cpp_client\external\tinygltf\tiny_gltf.h(1715,10): error C1083: Cannot open include file: 'j
son.hpp': No such file or directory [C:\GIT PROJECTS\EVEOFFLINE\cpp_client\build_vs\test_enhanced_ui.vcxproj]
  (compiling source file '../src/rendering/model.cpp')

  Generating Code...

ERROR: Build failed!
Press any key to continue . . .