================================================
EVE OFFLINE C++ Client - Visual Studio Build
================================================

Build Type: Release

Configuring CMake for Visual Studio...

Found vcpkg at C:\vcpkg

Using generator: Visual Studio 17 2022

-- Selecting Windows SDK version 10.0.26100.0 to target Windows 10.0.19045.
-- The C compiler identification is MSVC 19.38.33145.0
-- The CXX compiler identification is MSVC 19.38.33145.0
-- Detecting C compiler ABI info
-- Detecting C compiler ABI info - done
-- Check for working C compiler: C:/Program Files/Microsoft Visual Studio/2022/Community/VC/Tools/MSVC/14.38.33130/bin/Hostx64/x64/cl.exe - skipped
-- Detecting C compile features
-- Detecting C compile features - done
-- Detecting CXX compiler ABI info
-- Detecting CXX compiler ABI info - done
-- Check for working CXX compiler: C:/Program Files/Microsoft Visual Studio/2022/Community/VC/Tools/MSVC/14.38.33130/bin/Hostx64/x64/cl.exe - skipped
-- Detecting CXX compile features
-- Detecting CXX compile features - done
-- Performing Test CMAKE_HAVE_LIBC_PTHREAD
-- Performing Test CMAKE_HAVE_LIBC_PTHREAD - Failed
-- Looking for pthread_create in pthreads
-- Looking for pthread_create in pthreads - not found
-- Looking for pthread_create in pthread
-- Looking for pthread_create in pthread - not found
-- Found Threads: TRUE
-- Found OpenGL: opengl32
-- OpenAL found - audio support enabled
-- GLEW found - using system GLEW
-- Using system GLEW (GLAD not needed)
-- Using system nlohmann/json
-- Using bundled STB image loader
-- Using bundled tinyobjloader for .obj model loading
-- Using bundled tinygltf for .gltf/.glb model loading
-- Using system ImGui from vcpkg
-- Building test suite...
--
-- EVE OFFLINE Client Configuration:
--   C++ Standard: 17
--   OpenGL:
--   Use System Libraries: ON
--   Build Tests: ON
--
-- Configuring done (4.8s)
-- Generating done (0.2s)
-- Build files have been written to: C:/GIT PROJECTS/EVEOFFLINE/cpp_client/build_vs

CMake configuration successful!

Building project...

MSBuild version 17.14.40+3e7442088 for .NET Framework

  1>Checking Build System
  Building Custom Rule C:/GIT PROJECTS/EVEOFFLINE/cpp_client/CMakeLists.txt
  Building Custom Rule C:/GIT PROJECTS/EVEOFFLINE/cpp_client/CMakeLists.txt
  Building Custom Rule C:/GIT PROJECTS/EVEOFFLINE/cpp_client/CMakeLists.txt
  Building Custom Rule C:/GIT PROJECTS/EVEOFFLINE/cpp_client/CMakeLists.txt
  Building Custom Rule C:/GIT PROJECTS/EVEOFFLINE/cpp_client/CMakeLists.txt
  Building Custom Rule C:/GIT PROJECTS/EVEOFFLINE/cpp_client/CMakeLists.txt
  Building Custom Rule C:/GIT PROJECTS/EVEOFFLINE/cpp_client/CMakeLists.txt
  Building Custom Rule C:/GIT PROJECTS/EVEOFFLINE/cpp_client/CMakeLists.txt
  Building Custom Rule C:/GIT PROJECTS/EVEOFFLINE/cpp_client/CMakeLists.txt
  Building Custom Rule C:/GIT PROJECTS/EVEOFFLINE/cpp_client/CMakeLists.txt
  test_enhanced_ui.cpp
  test_audio_system.cpp
  Building Custom Rule C:/GIT PROJECTS/EVEOFFLINE/cpp_client/CMakeLists.txt
  Building Custom Rule C:/GIT PROJECTS/EVEOFFLINE/cpp_client/CMakeLists.txt
  test_entity_sync.cpp
  Building Custom Rule C:/GIT PROJECTS/EVEOFFLINE/cpp_client/CMakeLists.txt
  main.cpp
  test_post_processing.cpp
  test_server_responses.cpp
  test_asteroid_field.cpp
  test_shadow_mapping.cpp
  test_phase46_advanced.cpp
  tcp_client.cpp
  application.cpp
  window.cpp
  test_ui_system.cpp
  application.cpp
  audio_manager.cpp
  application.cpp
  window.cpp
  window.cpp
  shader.cpp
  entity.cpp
  audio_generator.cpp
  game_client.cpp
  window.cpp
  protocol_handler.cpp
  shader.cpp
  shader.cpp
  entity_manager.cpp
  Generating Code...
  ui_manager.cpp
  game_client.cpp
  game_client.cpp
  entity_message_parser.cpp
  camera.cpp
  eve_panels.cpp
  camera.cpp
  camera.cpp
  network_manager.cpp
  embedded_server.cpp
  lighting.cpp
  eve_target_list.cpp
  embedded_server.cpp
  mesh.cpp
  mesh.cpp
  test_audio_system.vcxproj -> C:\GIT PROJECTS\EVEOFFLINE\cpp_client\build_vs\bin\Release\test_audio_system.exe
  session_manager.cpp
  shadow_map.cpp
  post_processing.cpp
  embedded_server.cpp
  test_deferred_rendering.cpp
  instanced_renderer.cpp
  session_manager.cpp
  inventory_panel.cpp
  session_manager.cpp
  Generating Code...
  fitting_panel.cpp
  lighting.cpp
  entity.cpp
  Generating Code...
  asteroid_field_renderer.cpp
  Generating Code...
  window.cpp
  mission_panel.cpp
  entity_manager.cpp
  overview_panel.cpp
  shader.cpp
  input_handler.cpp
  input_handler.cpp
  entity_message_parser.cpp
  entity.cpp
  Generating Code...
  Generating Code...
  entity.cpp
  docking_manager.cpp
  entity_manager.cpp
  market_panel.cpp
  camera.cpp
  entity_manager.cpp
  entity.cpp
  mesh.cpp
  entity_message_parser.cpp
  file_logger.cpp
  Generating Code...
  gbuffer.cpp
  entity_message_parser.cpp
  window.cpp
  test_entity_sync.vcxproj -> C:\GIT PROJECTS\EVEOFFLINE\cpp_client\build_vs\bin\Release\test_entity_sync.exe
  lighting.cpp
  test_lighting.cpp
  shader.cpp
  file_logger.cpp
  input_handler.cpp
  window.cpp
  test_network.cpp
  window.cpp
  Generating Code...
  test_post_processing.vcxproj -> C:\GIT PROJECTS\EVEOFFLINE\cpp_client\build_vs\bin\Release\test_post_processing.exe
  test_shadow_mapping.vcxproj -> C:\GIT PROJECTS\EVEOFFLINE\cpp_client\build_vs\bin\Release\test_shadow_mapping.exe
  test_asteroid_field.vcxproj -> C:\GIT PROJECTS\EVEOFFLINE\cpp_client\build_vs\bin\Release\test_asteroid_field.exe
  camera.cpp
  file_logger.cpp
  shader.cpp
  shader.cpp
  renderer.cpp
  window.cpp
  tcp_client.cpp
  shader.cpp
  mesh.cpp
  camera.cpp
  test_deferred_rendering.vcxproj -> C:\GIT PROJECTS\EVEOFFLINE\cpp_client\build_vs\bin\Release\test_deferred_rendering
  .exe
  camera.cpp
  test_ui_system.vcxproj -> C:\GIT PROJECTS\EVEOFFLINE\cpp_client\build_vs\bin\Release\test_ui_system.exe
  model.cpp
  test_server_responses.vcxproj -> C:\GIT PROJECTS\EVEOFFLINE\cpp_client\build_vs\bin\Release\test_server_responses.exe
  renderer.cpp
  protocol_handler.cpp
  mesh.cpp
  model.cpp
  camera.cpp
  mesh.cpp
  renderer.cpp
  model.cpp
  network_manager.cpp
  mesh.cpp
  model.cpp
  texture.cpp
  Generating Code...
  particle_system.cpp
  lighting.cpp
  texture.cpp
  healthbar_renderer.cpp
  input_handler.cpp
  ui_manager.cpp
  particle_system.cpp
  visual_effects.cpp
  texture.cpp
  healthbar_renderer.cpp
  pbr_materials.cpp
  eve_panels.cpp
  particle_system.cpp
  test_network.vcxproj -> C:\GIT PROJECTS\EVEOFFLINE\cpp_client\build_vs\bin\Release\test_network.exe
  eve_target_list.cpp
  visual_effects.cpp
  Generating Code...
  inventory_panel.cpp
  healthbar_renderer.cpp
  pbr_materials.cpp
  fitting_panel.cpp
  mission_panel.cpp
  visual_effects.cpp
  Generating Code...
  overview_panel.cpp
  pbr_materials.cpp
  docking_manager.cpp
  Generating Code...
  market_panel.cpp
  entity.cpp
  Generating Code...
  Compiling...
  lod_manager.cpp
  frustum_culler.cpp
  instanced_renderer.cpp
model.obj : error LNK2019: unresolved external symbol stbi_load_from_memory referenced in function "bool __cdecl tinygl
tf::LoadImageData(struct tinygltf::Image *,int,class std::basic_string<char,struct std::char_traits<char>,class std::al
locator<char> > *,class std::basic_string<char,struct std::char_traits<char>,class std::allocator<char> > *,int,int,uns
igned char const *,int,void *)" (?LoadImageData@tinygltf@@YA_NPEAUImage@1@HPEAV?$basic_string@DU?$char_traits@D@std@@V?
$allocator@D@2@@std@@1HHPEBEHPEAX@Z) [C:\GIT PROJECTS\EVEOFFLINE\cpp_client\build_vs\test_lighting.vcxproj]
model.obj : error LNK2019: unresolved external symbol stbi_load_16_from_memory referenced in function "bool __cdecl tin
ygltf::LoadImageData(struct tinygltf::Image *,int,class std::basic_string<char,struct std::char_traits<char>,class std:
:allocator<char> > *,class std::basic_string<char,struct std::char_traits<char>,class std::allocator<char> > *,int,int,
unsigned char const *,int,void *)" (?LoadImageData@tinygltf@@YA_NPEAUImage@1@HPEAV?$basic_string@DU?$char_traits@D@std@
@V?$allocator@D@2@@std@@1HHPEBEHPEAX@Z) [C:\GIT PROJECTS\EVEOFFLINE\cpp_client\build_vs\test_lighting.vcxproj]
model.obj : error LNK2019: unresolved external symbol stbi_image_free referenced in function "bool __cdecl tinygltf::Lo
adImageData(struct tinygltf::Image *,int,class std::basic_string<char,struct std::char_traits<char>,class std::allocato
r<char> > *,class std::basic_string<char,struct std::char_traits<char>,class std::allocator<char> > *,int,int,unsigned
char const *,int,void *)" (?LoadImageData@tinygltf@@YA_NPEAUImage@1@HPEAV?$basic_string@DU?$char_traits@D@std@@V?$alloc
ator@D@2@@std@@1HHPEBEHPEAX@Z) [C:\GIT PROJECTS\EVEOFFLINE\cpp_client\build_vs\test_lighting.vcxproj]
model.obj : error LNK2019: unresolved external symbol stbi_info_from_memory referenced in function "bool __cdecl tinygl
tf::LoadImageData(struct tinygltf::Image *,int,class std::basic_string<char,struct std::char_traits<char>,class std::al
locator<char> > *,class std::basic_string<char,struct std::char_traits<char>,class std::allocator<char> > *,int,int,uns
igned char const *,int,void *)" (?LoadImageData@tinygltf@@YA_NPEAUImage@1@HPEAV?$basic_string@DU?$char_traits@D@std@@V?
$allocator@D@2@@std@@1HHPEBEHPEAX@Z) [C:\GIT PROJECTS\EVEOFFLINE\cpp_client\build_vs\test_lighting.vcxproj]
model.obj : error LNK2019: unresolved external symbol stbi_is_16_bit_from_memory referenced in function "bool __cdecl t
inygltf::LoadImageData(struct tinygltf::Image *,int,class std::basic_string<char,struct std::char_traits<char>,class st
d::allocator<char> > *,class std::basic_string<char,struct std::char_traits<char>,class std::allocator<char> > *,int,in
t,unsigned char const *,int,void *)" (?LoadImageData@tinygltf@@YA_NPEAUImage@1@HPEAV?$basic_string@DU?$char_traits@D@st
d@@V?$allocator@D@2@@std@@1HHPEBEHPEAX@Z) [C:\GIT PROJECTS\EVEOFFLINE\cpp_client\build_vs\test_lighting.vcxproj]
C:\GIT PROJECTS\EVEOFFLINE\cpp_client\build_vs\bin\Release\test_lighting.exe : fatal error LNK1120: 5 unresolved extern
als [C:\GIT PROJECTS\EVEOFFLINE\cpp_client\build_vs\test_lighting.vcxproj]
  Compiling...
  lod_manager.cpp
  frustum_culler.cpp
  asteroid_field_renderer.cpp
  instanced_renderer.cpp
  lighting.cpp
  asteroid_field_renderer.cpp
  shadow_map.cpp
  Compiling...
  lod_manager.cpp
  lighting.cpp
  gbuffer.cpp
  frustum_culler.cpp
  shadow_map.cpp
  instanced_renderer.cpp
  post_processing.cpp
  gbuffer.cpp
  asteroid_field_renderer.cpp
  tcp_client.cpp
  post_processing.cpp
  lighting.cpp
  protocol_handler.cpp
  tcp_client.cpp
  shadow_map.cpp
  gbuffer.cpp
  protocol_handler.cpp
  network_manager.cpp
  post_processing.cpp
  tcp_client.cpp
  network_manager.cpp
  hud.cpp
  input_handler.cpp
  protocol_handler.cpp
  ui_manager.cpp
  hud.cpp
  input_handler.cpp
  eve_panels.cpp
  network_manager.cpp
  ui_manager.cpp
  eve_target_list.cpp
  entity_picker.cpp
  eve_panels.cpp
  hud.cpp
  context_menu.cpp
  eve_target_list.cpp
  input_handler.cpp
  tactical_overlay.cpp
  entity_picker.cpp
  ui_manager.cpp
  context_menu.cpp
  inventory_panel.cpp
  Generating Code...
  tactical_overlay.cpp
  eve_panels.cpp
  eve_target_list.cpp
  inventory_panel.cpp
  entity_picker.cpp
  Generating Code...
  context_menu.cpp
  tactical_overlay.cpp
  inventory_panel.cpp
  Generating Code...
  Compiling...
  fitting_panel.cpp
  mission_panel.cpp
  module_browser_panel.cpp
  market_panel.cpp
  Compiling...
  fitting_panel.cpp
  mission_panel.cpp
  overview_panel.cpp
  module_browser_panel.cpp
  market_panel.cpp
  docking_manager.cpp
  overview_panel.cpp
  audio_manager.cpp
  Compiling...
  fitting_panel.cpp
  docking_manager.cpp
  audio_generator.cpp
  mission_panel.cpp
  module_browser_panel.cpp
  audio_manager.cpp
  Generating Code...
  market_panel.cpp
  audio_generator.cpp
  overview_panel.cpp
  Generating Code...
  docking_manager.cpp
  audio_manager.cpp
  eve_client.vcxproj -> C:\GIT PROJECTS\EVEOFFLINE\cpp_client\build_vs\bin\Release\eve_client.exe
        Copying shaders and assets next to executable
  audio_generator.cpp
  test_phase46_advanced.vcxproj -> C:\GIT PROJECTS\EVEOFFLINE\cpp_client\build_vs\bin\Release\test_phase46_advanced.exe
  Generating Code...
  test_enhanced_ui.vcxproj -> C:\GIT PROJECTS\EVEOFFLINE\cpp_client\build_vs\bin\Release\test_enhanced_ui.exe

ERROR: Build failed!
Press any key to continue . . .