================================================
EVE OFFLINE C++ Client - Visual Studio Build
================================================

Build Type: Release

Configuring CMake for Visual Studio...

Found vcpkg at C:\vcpkg

Using generator: Visual Studio 17 2022

-- Selecting Windows SDK version 10.0.26100.0 to target Windows 10.0.19045.
-- The C compiler identification is MSVC 19.38.33145.0
-- The CXX compiler identification is MSVC 19.38.33145.0
-- Detecting C compiler ABI info
-- Detecting C compiler ABI info - done
-- Check for working C compiler: C:/Program Files/Microsoft Visual Studio/2022/Community/VC/Tools/MSVC/14.38.33130/bin/Hostx64/x64/cl.exe - skipped
-- Detecting C compile features
-- Detecting C compile features - done
-- Detecting CXX compiler ABI info
-- Detecting CXX compiler ABI info - done
-- Check for working CXX compiler: C:/Program Files/Microsoft Visual Studio/2022/Community/VC/Tools/MSVC/14.38.33130/bin/Hostx64/x64/cl.exe - skipped
-- Detecting CXX compile features
-- Detecting CXX compile features - done
-- Performing Test CMAKE_HAVE_LIBC_PTHREAD
-- Performing Test CMAKE_HAVE_LIBC_PTHREAD - Failed
-- Looking for pthread_create in pthreads
-- Looking for pthread_create in pthreads - not found
-- Looking for pthread_create in pthread
-- Looking for pthread_create in pthread - not found
-- Found Threads: TRUE
-- Found OpenGL: opengl32
-- OpenAL found - audio support enabled
-- GLEW found - using system GLEW
-- Using system GLEW (GLAD not needed)
-- Using system nlohmann/json
-- Using bundled STB image loader
-- Using system ImGui from vcpkg
-- Building test suite...
--
-- EVE OFFLINE Client Configuration:
--   C++ Standard: 17
--   OpenGL:
--   Use System Libraries: ON
--   Build Tests: ON
--
-- Configuring done (4.8s)
-- Generating done (0.2s)
-- Build files have been written to: C:/GIT PROJECTS/EVEOFFLINE/cpp_client/build_vs

CMake configuration successful!

Building project...

MSBuild version 17.14.40+3e7442088 for .NET Framework

  1>Checking Build System
  Building Custom Rule C:/GIT PROJECTS/EVEOFFLINE/cpp_client/CMakeLists.txt
  main.cpp
  Building Custom Rule C:/GIT PROJECTS/EVEOFFLINE/cpp_client/CMakeLists.txt
  Building Custom Rule C:/GIT PROJECTS/EVEOFFLINE/cpp_client/CMakeLists.txt
  Building Custom Rule C:/GIT PROJECTS/EVEOFFLINE/cpp_client/CMakeLists.txt
  Building Custom Rule C:/GIT PROJECTS/EVEOFFLINE/cpp_client/CMakeLists.txt
  Building Custom Rule C:/GIT PROJECTS/EVEOFFLINE/cpp_client/CMakeLists.txt
  Building Custom Rule C:/GIT PROJECTS/EVEOFFLINE/cpp_client/CMakeLists.txt
  Building Custom Rule C:/GIT PROJECTS/EVEOFFLINE/cpp_client/CMakeLists.txt
  Building Custom Rule C:/GIT PROJECTS/EVEOFFLINE/cpp_client/CMakeLists.txt
  test_phase46_advanced.cpp
  test_network.cpp
  test_entity_sync.cpp
  test_audio_system.cpp
  test_asteroid_field.cpp
  Building Custom Rule C:/GIT PROJECTS/EVEOFFLINE/cpp_client/CMakeLists.txt
  test_lighting.cpp
  test_enhanced_ui.cpp
  application.cpp
  test_post_processing.cpp
  application.cpp
  application.cpp
  window.cpp
  window.cpp
  audio_manager.cpp
  test_deferred_rendering.cpp
  tcp_client.cpp
  entity.cpp
  game_client.cpp
  shader.cpp
  shader.cpp
  window.cpp
  entity_manager.cpp
  game_client.cpp
  game_client.cpp
  audio_generator.cpp
  window.cpp
  shader.cpp
  Generating Code...
  entity_message_parser.cpp
  protocol_handler.cpp
  shader.cpp
  camera.cpp
  embedded_server.cpp
  camera.cpp
  mesh.cpp
  embedded_server.cpp
  mesh.cpp
  embedded_server.cpp
  session_manager.cpp
  camera.cpp
  instanced_renderer.cpp
  model.cpp
  session_manager.cpp
  network_manager.cpp
  Generating Code...
  session_manager.cpp
  lighting.cpp
  camera.cpp
  test_audio_system.vcxproj -> C:\GIT PROJECTS\EVEOFFLINE\cpp_client\build_vs\bin\Release\test_audio_system.exe
  mesh.cpp
  asteroid_field_renderer.cpp
  entity.cpp
  lighting.cpp
  post_processing.cpp
  Building Custom Rule C:/GIT PROJECTS/EVEOFFLINE/cpp_client/CMakeLists.txt
  gbuffer.cpp
  entity_manager.cpp
  entity.cpp
  input_handler.cpp
  entity.cpp
  Generating Code...
  input_handler.cpp
  lighting.cpp
  entity_manager.cpp
  test_server_responses.cpp
  entity_manager.cpp
  Generating Code...
  entity_message_parser.cpp
  Generating Code...
  input_handler.cpp
  tcp_client.cpp
  entity_message_parser.cpp
  ui_manager.cpp
  Generating Code...
  entity_message_parser.cpp
  protocol_handler.cpp
  file_logger.cpp
  test_entity_sync.vcxproj -> C:\GIT PROJECTS\EVEOFFLINE\cpp_client\build_vs\bin\Release\test_entity_sync.exe
  window.cpp
  Building Custom Rule C:/GIT PROJECTS/EVEOFFLINE/cpp_client/CMakeLists.txt
  file_logger.cpp
  test_shadow_mapping.cpp
  file_logger.cpp
  shader.cpp
  eve_panels.cpp
  test_post_processing.vcxproj -> C:\GIT PROJECTS\EVEOFFLINE\cpp_client\build_vs\bin\Release\test_post_processing.exe
  test_asteroid_field.vcxproj -> C:\GIT PROJECTS\EVEOFFLINE\cpp_client\build_vs\bin\Release\test_asteroid_field.exe
  Building Custom Rule C:/GIT PROJECTS/EVEOFFLINE/cpp_client/CMakeLists.txt
  window.cpp
  window.cpp
  window.cpp
  eve_target_list.cpp
  network_manager.cpp
  test_ui_system.cpp
  shader.cpp
  shader.cpp
  shader.cpp
  camera.cpp
  inventory_panel.cpp
  window.cpp
  renderer.cpp
  fitting_panel.cpp
  ui_manager.cpp
  mission_panel.cpp
  camera.cpp
  Generating Code...
  camera.cpp
  mesh.cpp
  camera.cpp
  overview_panel.cpp
  mesh.cpp
  renderer.cpp
  renderer.cpp
  model.cpp
  eve_panels.cpp
  docking_manager.cpp
C:\GIT PROJECTS\EVEOFFLINE\cpp_client\src\ui\overview_panel.cpp(434,18): error C4430: missing type specifier - int assu
med. Note: C++ does not support default-int [C:\GIT PROJECTS\EVEOFFLINE\cpp_client\build_vs\test_lighting.vcxproj]
  shadow_map.cpp
C:\GIT PROJECTS\EVEOFFLINE\cpp_client\src\ui\overview_panel.cpp(435,18): error C4430: missing type specifier - int assu
med. Note: C++ does not support default-int [C:\GIT PROJECTS\EVEOFFLINE\cpp_client\build_vs\test_lighting.vcxproj]
C:\GIT PROJECTS\EVEOFFLINE\cpp_client\src\ui\overview_panel.cpp(438,6): error C2653: 'OverviewPanel': is not a class or
 namespace name [C:\GIT PROJECTS\EVEOFFLINE\cpp_client\build_vs\test_lighting.vcxproj]
C:\GIT PROJECTS\EVEOFFLINE\cpp_client\src\ui\overview_panel.cpp(439,5): error C2065: 'm_filteredEntries': undeclared id
entifier [C:\GIT PROJECTS\EVEOFFLINE\cpp_client\build_vs\test_lighting.vcxproj]
C:\GIT PROJECTS\EVEOFFLINE\cpp_client\src\ui\overview_panel.cpp(441,30): error C2065: 'm_entries': undeclared identifie
r [C:\GIT PROJECTS\EVEOFFLINE\cpp_client\build_vs\test_lighting.vcxproj]
C:\GIT PROJECTS\EVEOFFLINE\cpp_client\src\ui\overview_panel.cpp(441,5): error C2530: 'entry': references must be initia
lized [C:\GIT PROJECTS\EVEOFFLINE\cpp_client\build_vs\test_lighting.vcxproj]
C:\GIT PROJECTS\EVEOFFLINE\cpp_client\src\ui\overview_panel.cpp(441,5): error C3531: 'entry': a symbol whose type conta
ins 'auto' must have an initializer [C:\GIT PROJECTS\EVEOFFLINE\cpp_client\build_vs\test_lighting.vcxproj]
C:\GIT PROJECTS\EVEOFFLINE\cpp_client\src\ui\overview_panel.cpp(441,28): error C2143: syntax error: missing ';' before
':' [C:\GIT PROJECTS\EVEOFFLINE\cpp_client\build_vs\test_lighting.vcxproj]
C:\GIT PROJECTS\EVEOFFLINE\cpp_client\src\ui\overview_panel.cpp(441,39): error C2143: syntax error: missing ';' before
')' [C:\GIT PROJECTS\EVEOFFLINE\cpp_client\build_vs\test_lighting.vcxproj]
C:\GIT PROJECTS\EVEOFFLINE\cpp_client\src\ui\overview_panel.cpp(444,35): error C2065: 'm_currentFilter': undeclared ide
ntifier [C:\GIT PROJECTS\EVEOFFLINE\cpp_client\build_vs\test_lighting.vcxproj]
C:\GIT PROJECTS\EVEOFFLINE\cpp_client\src\ui\overview_panel.cpp(446,42): error C2065: 'm_currentFilter': undeclared ide
ntifier [C:\GIT PROJECTS\EVEOFFLINE\cpp_client\build_vs\test_lighting.vcxproj]
C:\GIT PROJECTS\EVEOFFLINE\cpp_client\src\ui\overview_panel.cpp(448,43): error C2065: 'm_currentFilter': undeclared ide
ntifier [C:\GIT PROJECTS\EVEOFFLINE\cpp_client\build_vs\test_lighting.vcxproj]
C:\GIT PROJECTS\EVEOFFLINE\cpp_client\src\ui\overview_panel.cpp(455,33): error C2065: 'm_currentFilter': undeclared ide
ntifier [C:\GIT PROJECTS\EVEOFFLINE\cpp_client\build_vs\test_lighting.vcxproj]
C:\GIT PROJECTS\EVEOFFLINE\cpp_client\src\ui\overview_panel.cpp(456,34): error C2065: 'm_currentFilter': undeclared ide
ntifier [C:\GIT PROJECTS\EVEOFFLINE\cpp_client\build_vs\test_lighting.vcxproj]
C:\GIT PROJECTS\EVEOFFLINE\cpp_client\src\ui\overview_panel.cpp(459,13): error C2065: 'm_currentFilter': undeclared ide
ntifier [C:\GIT PROJECTS\EVEOFFLINE\cpp_client\build_vs\test_lighting.vcxproj]
C:\GIT PROJECTS\EVEOFFLINE\cpp_client\src\ui\overview_panel.cpp(461,31): error C2065: 'm_currentFilter': undeclared ide
ntifier [C:\GIT PROJECTS\EVEOFFLINE\cpp_client\build_vs\test_lighting.vcxproj]
C:\GIT PROJECTS\EVEOFFLINE\cpp_client\src\ui\overview_panel.cpp(465,14): error C2065: 'm_currentFilter': undeclared ide
ntifier [C:\GIT PROJECTS\EVEOFFLINE\cpp_client\build_vs\test_lighting.vcxproj]
C:\GIT PROJECTS\EVEOFFLINE\cpp_client\src\ui\overview_panel.cpp(467,37): error C2065: 'm_currentFilter': undeclared ide
ntifier [C:\GIT PROJECTS\EVEOFFLINE\cpp_client\build_vs\test_lighting.vcxproj]
C:\GIT PROJECTS\EVEOFFLINE\cpp_client\src\ui\overview_panel.cpp(467,13): error C2530: 'type': references must be initia
lized [C:\GIT PROJECTS\EVEOFFLINE\cpp_client\build_vs\test_lighting.vcxproj]
C:\GIT PROJECTS\EVEOFFLINE\cpp_client\src\ui\overview_panel.cpp(467,13): error C3531: 'type': a symbol whose type conta
ins 'auto' must have an initializer [C:\GIT PROJECTS\EVEOFFLINE\cpp_client\build_vs\test_lighting.vcxproj]
C:\GIT PROJECTS\EVEOFFLINE\cpp_client\src\ui\overview_panel.cpp(467,35): error C2143: syntax error: missing ';' before
':' [C:\GIT PROJECTS\EVEOFFLINE\cpp_client\build_vs\test_lighting.vcxproj]
C:\GIT PROJECTS\EVEOFFLINE\cpp_client\src\ui\overview_panel.cpp(467,68): error C2143: syntax error: missing ';' before
')' [C:\GIT PROJECTS\EVEOFFLINE\cpp_client\build_vs\test_lighting.vcxproj]
C:\GIT PROJECTS\EVEOFFLINE\cpp_client\src\ui\overview_panel.cpp(476,9): error C2065: 'm_filteredEntries': undeclared id
entifier [C:\GIT PROJECTS\EVEOFFLINE\cpp_client\build_vs\test_lighting.vcxproj]
C:\GIT PROJECTS\EVEOFFLINE\cpp_client\src\ui\overview_panel.cpp(480,6): error C2653: 'OverviewPanel': is not a class or
 namespace name [C:\GIT PROJECTS\EVEOFFLINE\cpp_client\build_vs\test_lighting.vcxproj]
C:\GIT PROJECTS\EVEOFFLINE\cpp_client\src\ui\overview_panel.cpp(481,9): error C2065: 'm_sortColumn': undeclared identif
ier [C:\GIT PROJECTS\EVEOFFLINE\cpp_client\build_vs\test_lighting.vcxproj]
C:\GIT PROJECTS\EVEOFFLINE\cpp_client\src\ui\overview_panel.cpp(481,25): error C2653: 'OverviewSortColumn': is not a cl
ass or namespace name [C:\GIT PROJECTS\EVEOFFLINE\cpp_client\build_vs\test_lighting.vcxproj]
C:\GIT PROJECTS\EVEOFFLINE\cpp_client\src\ui\overview_panel.cpp(481,45): error C2065: 'NONE': undeclared identifier [C:
\GIT PROJECTS\EVEOFFLINE\cpp_client\build_vs\test_lighting.vcxproj]
C:\GIT PROJECTS\EVEOFFLINE\cpp_client\src\ui\overview_panel.cpp(483,15): error C2065: 'm_filteredEntries': undeclared i
dentifier [C:\GIT PROJECTS\EVEOFFLINE\cpp_client\build_vs\test_lighting.vcxproj]
C:\GIT PROJECTS\EVEOFFLINE\cpp_client\src\ui\overview_panel.cpp(483,42): error C2065: 'm_filteredEntries': undeclared i
dentifier [C:\GIT PROJECTS\EVEOFFLINE\cpp_client\build_vs\test_lighting.vcxproj]
C:\GIT PROJECTS\EVEOFFLINE\cpp_client\src\ui\overview_panel.cpp(484,10): error C3482: 'this' can only be used as a lamb
da capture within a non-static member function [C:\GIT PROJECTS\EVEOFFLINE\cpp_client\build_vs\test_lighting.vcxproj]
C:\GIT PROJECTS\EVEOFFLINE\cpp_client\src\ui\overview_panel.cpp(484,35): error C4430: missing type specifier - int assu
med. Note: C++ does not support default-int [C:\GIT PROJECTS\EVEOFFLINE\cpp_client\build_vs\test_lighting.vcxproj]
C:\GIT PROJECTS\EVEOFFLINE\cpp_client\src\ui\overview_panel.cpp(484,35): error C2143: syntax error: missing ',' before
'&' [C:\GIT PROJECTS\EVEOFFLINE\cpp_client\build_vs\test_lighting.vcxproj]
C:\GIT PROJECTS\EVEOFFLINE\cpp_client\src\ui\overview_panel.cpp(487,21): error C2065: 'm_sortColumn': undeclared identi
fier [C:\GIT PROJECTS\EVEOFFLINE\cpp_client\build_vs\test_lighting.vcxproj]
C:\GIT PROJECTS\EVEOFFLINE\cpp_client\src\ui\overview_panel.cpp(487,1): error C2050: switch expression not integral [C:
\GIT PROJECTS\EVEOFFLINE\cpp_client\build_vs\test_lighting.vcxproj]
C:\GIT PROJECTS\EVEOFFLINE\cpp_client\src\ui\overview_panel.cpp(488,22): error C2653: 'OverviewSortColumn': is not a cl
ass or namespace name [C:\GIT PROJECTS\EVEOFFLINE\cpp_client\build_vs\test_lighting.vcxproj]
C:\GIT PROJECTS\EVEOFFLINE\cpp_client\src\ui\overview_panel.cpp(488,42): error C2065: 'NAME': undeclared identifier [C:
\GIT PROJECTS\EVEOFFLINE\cpp_client\build_vs\test_lighting.vcxproj]
C:\GIT PROJECTS\EVEOFFLINE\cpp_client\src\ui\overview_panel.cpp(489,28): error C2065: 'a': undeclared identifier [C:\GI
T PROJECTS\EVEOFFLINE\cpp_client\build_vs\test_lighting.vcxproj]
C:\GIT PROJECTS\EVEOFFLINE\cpp_client\src\ui\overview_panel.cpp(489,37): error C2065: 'b': undeclared identifier [C:\GI
T PROJECTS\EVEOFFLINE\cpp_client\build_vs\test_lighting.vcxproj]
C:\GIT PROJECTS\EVEOFFLINE\cpp_client\src\ui\overview_panel.cpp(491,22): error C2653: 'OverviewSortColumn': is not a cl
ass or namespace name [C:\GIT PROJECTS\EVEOFFLINE\cpp_client\build_vs\test_lighting.vcxproj]
C:\GIT PROJECTS\EVEOFFLINE\cpp_client\src\ui\overview_panel.cpp(491,42): error C2065: 'DISTANCE': undeclared identifier
 [C:\GIT PROJECTS\EVEOFFLINE\cpp_client\build_vs\test_lighting.vcxproj]
C:\GIT PROJECTS\EVEOFFLINE\cpp_client\src\ui\overview_panel.cpp(492,28): error C2065: 'a': undeclared identifier [C:\GI
T PROJECTS\EVEOFFLINE\cpp_client\build_vs\test_lighting.vcxproj]
C:\GIT PROJECTS\EVEOFFLINE\cpp_client\src\ui\overview_panel.cpp(492,41): error C2065: 'b': undeclared identifier [C:\GI
T PROJECTS\EVEOFFLINE\cpp_client\build_vs\test_lighting.vcxproj]
C:\GIT PROJECTS\EVEOFFLINE\cpp_client\src\ui\overview_panel.cpp(494,22): error C2653: 'OverviewSortColumn': is not a cl
ass or namespace name [C:\GIT PROJECTS\EVEOFFLINE\cpp_client\build_vs\test_lighting.vcxproj]
C:\GIT PROJECTS\EVEOFFLINE\cpp_client\src\ui\overview_panel.cpp(494,42): error C2065: 'TYPE': undeclared identifier [C:
\GIT PROJECTS\EVEOFFLINE\cpp_client\build_vs\test_lighting.vcxproj]
C:\GIT PROJECTS\EVEOFFLINE\cpp_client\src\ui\overview_panel.cpp(495,28): error C2065: 'a': undeclared identifier [C:\GI
T PROJECTS\EVEOFFLINE\cpp_client\build_vs\test_lighting.vcxproj]
C:\GIT PROJECTS\EVEOFFLINE\cpp_client\src\ui\overview_panel.cpp(495,42): error C2065: 'b': undeclared identifier [C:\GI
T PROJECTS\EVEOFFLINE\cpp_client\build_vs\test_lighting.vcxproj]
C:\GIT PROJECTS\EVEOFFLINE\cpp_client\src\ui\overview_panel.cpp(497,22): error C2653: 'OverviewSortColumn': is not a cl
ass or namespace name [C:\GIT PROJECTS\EVEOFFLINE\cpp_client\build_vs\test_lighting.vcxproj]
C:\GIT PROJECTS\EVEOFFLINE\cpp_client\src\ui\overview_panel.cpp(497,42): error C2065: 'CORPORATION': undeclared identif
ier [C:\GIT PROJECTS\EVEOFFLINE\cpp_client\build_vs\test_lighting.vcxproj]
C:\GIT PROJECTS\EVEOFFLINE\cpp_client\src\ui\overview_panel.cpp(498,28): error C2065: 'a': undeclared identifier [C:\GI
T PROJECTS\EVEOFFLINE\cpp_client\build_vs\test_lighting.vcxproj]
C:\GIT PROJECTS\EVEOFFLINE\cpp_client\src\ui\overview_panel.cpp(498,44): error C2065: 'b': undeclared identifier [C:\GI
T PROJECTS\EVEOFFLINE\cpp_client\build_vs\test_lighting.vcxproj]
C:\GIT PROJECTS\EVEOFFLINE\cpp_client\src\ui\overview_panel.cpp(500,22): error C2653: 'OverviewSortColumn': is not a cl
ass or namespace name [C:\GIT PROJECTS\EVEOFFLINE\cpp_client\build_vs\test_lighting.vcxproj]
C:\GIT PROJECTS\EVEOFFLINE\cpp_client\src\ui\overview_panel.cpp(500,42): error C2065: 'STANDING': undeclared identifier
 [C:\GIT PROJECTS\EVEOFFLINE\cpp_client\build_vs\test_lighting.vcxproj]
C:\GIT PROJECTS\EVEOFFLINE\cpp_client\src\ui\overview_panel.cpp(501,28): error C2065: 'a': undeclared identifier [C:\GI
T PROJECTS\EVEOFFLINE\cpp_client\build_vs\test_lighting.vcxproj]
C:\GIT PROJECTS\EVEOFFLINE\cpp_client\src\ui\overview_panel.cpp(501,41): error C2065: 'b': undeclared identifier [C:\GI
T PROJECTS\EVEOFFLINE\cpp_client\build_vs\test_lighting.vcxproj]
C:\GIT PROJECTS\EVEOFFLINE\cpp_client\src\ui\overview_panel.cpp(507,20): error C2065: 'm_sortAscending': undeclared ide
ntifier [C:\GIT PROJECTS\EVEOFFLINE\cpp_client\build_vs\test_lighting.vcxproj]
C:\GIT PROJECTS\EVEOFFLINE\cpp_client\src\ui\overview_panel.cpp(488,17): error C2051: case expression not constant [C:\
GIT PROJECTS\EVEOFFLINE\cpp_client\build_vs\test_lighting.vcxproj]
C:\GIT PROJECTS\EVEOFFLINE\cpp_client\src\ui\overview_panel.cpp(491,17): error C2051: case expression not constant [C:\
GIT PROJECTS\EVEOFFLINE\cpp_client\build_vs\test_lighting.vcxproj]
C:\GIT PROJECTS\EVEOFFLINE\cpp_client\src\ui\overview_panel.cpp(494,17): error C2051: case expression not constant [C:\
GIT PROJECTS\EVEOFFLINE\cpp_client\build_vs\test_lighting.vcxproj]
C:\GIT PROJECTS\EVEOFFLINE\cpp_client\src\ui\overview_panel.cpp(497,17): error C2051: case expression not constant [C:\
GIT PROJECTS\EVEOFFLINE\cpp_client\build_vs\test_lighting.vcxproj]
C:\GIT PROJECTS\EVEOFFLINE\cpp_client\src\ui\overview_panel.cpp(500,17): error C2051: case expression not constant [C:\
GIT PROJECTS\EVEOFFLINE\cpp_client\build_vs\test_lighting.vcxproj]
C:\GIT PROJECTS\EVEOFFLINE\cpp_client\src\ui\overview_panel.cpp(483,10): error C2672: 'std::sort': no matching overload
ed function found [C:\GIT PROJECTS\EVEOFFLINE\cpp_client\build_vs\test_lighting.vcxproj]
      C:\Program Files\Microsoft Visual Studio\2022\Community\VC\Tools\MSVC\14.38.33130\include\algorithm(8094,6):
      could be 'void std::sort(_ExPo &&,const _RanIt,const _RanIt) noexcept'
          C:\GIT PROJECTS\EVEOFFLINE\cpp_client\src\ui\overview_panel.cpp(483,10):
          'void std::sort(_ExPo &&,const _RanIt,const _RanIt) noexcept': expects 3 arguments - 2 provided
      C:\Program Files\Microsoft Visual Studio\2022\Community\VC\Tools\MSVC\14.38.33130\include\algorithm(8091,6):
      or       'void std::sort(_ExPo &&,_RanIt,_RanIt,_Pr) noexcept'
          C:\GIT PROJECTS\EVEOFFLINE\cpp_client\src\ui\overview_panel.cpp(483,10):
          'void std::sort(_ExPo &&,_RanIt,_RanIt,_Pr) noexcept': expects 4 arguments - 2 provided
      C:\Program Files\Microsoft Visual Studio\2022\Community\VC\Tools\MSVC\14.38.33130\include\algorithm(8085,19):
      or       'void std::sort(const _RanIt,const _RanIt)'
      C:\Program Files\Microsoft Visual Studio\2022\Community\VC\Tools\MSVC\14.38.33130\include\algorithm(8077,19):
      or       'void std::sort(const _RanIt,const _RanIt,_Pr)'
          C:\GIT PROJECTS\EVEOFFLINE\cpp_client\src\ui\overview_panel.cpp(483,10):
          'void std::sort(const _RanIt,const _RanIt,_Pr)': expects 3 arguments - 2 provided

C:\GIT PROJECTS\EVEOFFLINE\cpp_client\src\ui\overview_panel.cpp(511,13): error C2653: 'OverviewPanel': is not a class o
r namespace name [C:\GIT PROJECTS\EVEOFFLINE\cpp_client\build_vs\test_lighting.vcxproj]
C:\GIT PROJECTS\EVEOFFLINE\cpp_client\src\ui\overview_panel.cpp(511,28): error C2270: 'FormatDistance': modifiers not a
llowed on nonmember functions [C:\GIT PROJECTS\EVEOFFLINE\cpp_client\build_vs\test_lighting.vcxproj]
C:\GIT PROJECTS\EVEOFFLINE\cpp_client\src\ui\overview_panel.cpp(530,6): error C2653: 'OverviewPanel': is not a class or
 namespace name [C:\GIT PROJECTS\EVEOFFLINE\cpp_client\build_vs\test_lighting.vcxproj]
C:\GIT PROJECTS\EVEOFFLINE\cpp_client\src\ui\overview_panel.cpp(530,21): error C2270: 'GetStandingColor': modifiers not
 allowed on nonmember functions [C:\GIT PROJECTS\EVEOFFLINE\cpp_client\build_vs\test_lighting.vcxproj]
C:\GIT PROJECTS\EVEOFFLINE\cpp_client\src\ui\overview_panel.cpp(543,6): error C2653: 'OverviewPanel': is not a class or
 namespace name [C:\GIT PROJECTS\EVEOFFLINE\cpp_client\build_vs\test_lighting.vcxproj]
C:\GIT PROJECTS\EVEOFFLINE\cpp_client\src\ui\overview_panel.cpp(543,51): error C4430: missing type specifier - int assu
med. Note: C++ does not support default-int [C:\GIT PROJECTS\EVEOFFLINE\cpp_client\build_vs\test_lighting.vcxproj]
C:\GIT PROJECTS\EVEOFFLINE\cpp_client\src\ui\overview_panel.cpp(543,51): error C2143: syntax error: missing ',' before
'&' [C:\GIT PROJECTS\EVEOFFLINE\cpp_client\build_vs\test_lighting.vcxproj]
C:\GIT PROJECTS\EVEOFFLINE\cpp_client\src\ui\overview_panel.cpp(544,5): error C2065: 'm_currentFilter': undeclared iden
tifier [C:\GIT PROJECTS\EVEOFFLINE\cpp_client\build_vs\test_lighting.vcxproj]
C:\GIT PROJECTS\EVEOFFLINE\cpp_client\src\ui\overview_panel.cpp(544,23): error C2065: 'filter': undeclared identifier [
C:\GIT PROJECTS\EVEOFFLINE\cpp_client\build_vs\test_lighting.vcxproj]
C:\GIT PROJECTS\EVEOFFLINE\cpp_client\src\ui\overview_panel.cpp(549,6): error C2653: 'OverviewPanel': is not a class or
 namespace name [C:\GIT PROJECTS\EVEOFFLINE\cpp_client\build_vs\test_lighting.vcxproj]
C:\GIT PROJECTS\EVEOFFLINE\cpp_client\src\ui\overview_panel.cpp(549,76): error C4430: missing type specifier - int assu
med. Note: C++ does not support default-int [C:\GIT PROJECTS\EVEOFFLINE\cpp_client\build_vs\test_lighting.vcxproj]
C:\GIT PROJECTS\EVEOFFLINE\cpp_client\src\ui\overview_panel.cpp(549,76): error C2143: syntax error: missing ',' before
'&' [C:\GIT PROJECTS\EVEOFFLINE\cpp_client\build_vs\test_lighting.vcxproj]
C:\GIT PROJECTS\EVEOFFLINE\cpp_client\src\ui\overview_panel.cpp(550,20): error C2146: syntax error: missing ';' before
identifier 'newFilter' [C:\GIT PROJECTS\EVEOFFLINE\cpp_client\build_vs\test_lighting.vcxproj]
C:\GIT PROJECTS\EVEOFFLINE\cpp_client\src\ui\overview_panel.cpp(550,20): error C2065: 'newFilter': undeclared identifie
r [C:\GIT PROJECTS\EVEOFFLINE\cpp_client\build_vs\test_lighting.vcxproj]
C:\GIT PROJECTS\EVEOFFLINE\cpp_client\src\ui\overview_panel.cpp(550,32): error C2065: 'filter': undeclared identifier [
C:\GIT PROJECTS\EVEOFFLINE\cpp_client\build_vs\test_lighting.vcxproj]
C:\GIT PROJECTS\EVEOFFLINE\cpp_client\src\ui\overview_panel.cpp(551,5): error C2065: 'newFilter': undeclared identifier
 [C:\GIT PROJECTS\EVEOFFLINE\cpp_client\build_vs\test_lighting.vcxproj]
C:\GIT PROJECTS\EVEOFFLINE\cpp_client\src\ui\overview_panel.cpp(552,5): error C2065: 'm_savedFilters': undeclared ident
ifier [C:\GIT PROJECTS\EVEOFFLINE\cpp_client\build_vs\test_lighting.vcxproj]
C:\GIT PROJECTS\EVEOFFLINE\cpp_client\src\ui\overview_panel.cpp(552,28): error C2065: 'newFilter': undeclared identifie
r [C:\GIT PROJECTS\EVEOFFLINE\cpp_client\build_vs\test_lighting.vcxproj]
C:\GIT PROJECTS\EVEOFFLINE\cpp_client\src\ui\overview_panel.cpp(555,6): error C2653: 'OverviewPanel': is not a class or
 namespace name [C:\GIT PROJECTS\EVEOFFLINE\cpp_client\build_vs\test_lighting.vcxproj]
C:\GIT PROJECTS\EVEOFFLINE\cpp_client\src\ui\overview_panel.cpp(556,15): error C2065: 'm_savedFilters': undeclared iden
tifier [C:\GIT PROJECTS\EVEOFFLINE\cpp_client\build_vs\test_lighting.vcxproj]
C:\GIT PROJECTS\EVEOFFLINE\cpp_client\src\ui\overview_panel.cpp(557,9): error C3536: 'it': cannot be used before it is
initialized [C:\GIT PROJECTS\EVEOFFLINE\cpp_client\build_vs\test_lighting.vcxproj]
C:\GIT PROJECTS\EVEOFFLINE\cpp_client\src\ui\overview_panel.cpp(557,15): error C2065: 'm_savedFilters': undeclared iden
tifier [C:\GIT PROJECTS\EVEOFFLINE\cpp_client\build_vs\test_lighting.vcxproj]
C:\GIT PROJECTS\EVEOFFLINE\cpp_client\src\ui\overview_panel.cpp(562,6): error C2653: 'OverviewPanel': is not a class or
 namespace name [C:\GIT PROJECTS\EVEOFFLINE\cpp_client\build_vs\test_lighting.vcxproj]
C:\GIT PROJECTS\EVEOFFLINE\cpp_client\src\ui\overview_panel.cpp(562,35): error C2065: 'OverviewSortColumn': undeclared
identifier [C:\GIT PROJECTS\EVEOFFLINE\cpp_client\build_vs\test_lighting.vcxproj]
C:\GIT PROJECTS\EVEOFFLINE\cpp_client\src\ui\overview_panel.cpp(562,54): error C2146: syntax error: missing ')' before
identifier 'column' [C:\GIT PROJECTS\EVEOFFLINE\cpp_client\build_vs\test_lighting.vcxproj]
C:\GIT PROJECTS\EVEOFFLINE\cpp_client\src\ui\overview_panel.cpp(562,78): error C2143: syntax error: missing ';' before
'{' [C:\GIT PROJECTS\EVEOFFLINE\cpp_client\build_vs\test_lighting.vcxproj]
C:\GIT PROJECTS\EVEOFFLINE\cpp_client\src\ui\overview_panel.cpp(562,78): error C2447: '{': missing function header (old
-style formal list?) [C:\GIT PROJECTS\EVEOFFLINE\cpp_client\build_vs\test_lighting.vcxproj]
C:\GIT PROJECTS\EVEOFFLINE\cpp_client\src\ui\overview_panel.cpp(568,6): error C2653: 'OverviewPanel': is not a class or
 namespace name [C:\GIT PROJECTS\EVEOFFLINE\cpp_client\build_vs\test_lighting.vcxproj]
C:\GIT PROJECTS\EVEOFFLINE\cpp_client\src\ui\overview_panel.cpp(570,5): error C3861: 'RenderFilterTabs': identifier not
 found [C:\GIT PROJECTS\EVEOFFLINE\cpp_client\build_vs\test_lighting.vcxproj]
C:\GIT PROJECTS\EVEOFFLINE\cpp_client\src\ui\overview_panel.cpp(585,9): error C3861: 'RenderTableHeader': identifier no
t found [C:\GIT PROJECTS\EVEOFFLINE\cpp_client\build_vs\test_lighting.vcxproj]
C:\GIT PROJECTS\EVEOFFLINE\cpp_client\src\ui\overview_panel.cpp(588,32): error C2065: 'm_filteredEntries': undeclared i
dentifier [C:\GIT PROJECTS\EVEOFFLINE\cpp_client\build_vs\test_lighting.vcxproj]
C:\GIT PROJECTS\EVEOFFLINE\cpp_client\src\ui\overview_panel.cpp(589,29): error C2065: 'm_filteredEntries': undeclared i
dentifier [C:\GIT PROJECTS\EVEOFFLINE\cpp_client\build_vs\test_lighting.vcxproj]
C:\GIT PROJECTS\EVEOFFLINE\cpp_client\src\ui\overview_panel.cpp(589,13): error C3861: 'RenderEntityRow': identifier not
 found [C:\GIT PROJECTS\EVEOFFLINE\cpp_client\build_vs\test_lighting.vcxproj]
C:\GIT PROJECTS\EVEOFFLINE\cpp_client\src\ui\overview_panel.cpp(596,1): error C2059: syntax error: '}' [C:\GIT PROJECTS
\EVEOFFLINE\cpp_client\build_vs\test_lighting.vcxproj]
C:\GIT PROJECTS\EVEOFFLINE\cpp_client\src\ui\overview_panel.cpp(596,1): error C2143: syntax error: missing ';' before '
}' [C:\GIT PROJECTS\EVEOFFLINE\cpp_client\build_vs\test_lighting.vcxproj]
  eve_target_list.cpp
  test_deferred_rendering.vcxproj -> C:\GIT PROJECTS\EVEOFFLINE\cpp_client\build_vs\bin\Release\test_deferred_rendering
  .exe
  mesh.cpp
  texture.cpp
  mesh.cpp
  inventory_panel.cpp
  market_panel.cpp
  model.cpp
  lighting.cpp
  fitting_panel.cpp
  model.cpp
  entity.cpp
  particle_system.cpp
  mission_panel.cpp
  texture.cpp
  input_handler.cpp
  Generating Code...
  test_server_responses.vcxproj -> C:\GIT PROJECTS\EVEOFFLINE\cpp_client\build_vs\bin\Release\test_server_responses.exe
  texture.cpp
  overview_panel.cpp
  particle_system.cpp
  healthbar_renderer.cpp
  test_network.vcxproj -> C:\GIT PROJECTS\EVEOFFLINE\cpp_client\build_vs\bin\Release\test_network.exe
  Generating Code...
  particle_system.cpp
  docking_manager.cpp
C:\GIT PROJECTS\EVEOFFLINE\cpp_client\src\ui\overview_panel.cpp(434,18): error C4430: missing type specifier - int assu
med. Note: C++ does not support default-int [C:\GIT PROJECTS\EVEOFFLINE\cpp_client\build_vs\test_ui_system.vcxproj]
C:\GIT PROJECTS\EVEOFFLINE\cpp_client\src\ui\overview_panel.cpp(435,18): error C4430: missing type specifier - int assu
med. Note: C++ does not support default-int [C:\GIT PROJECTS\EVEOFFLINE\cpp_client\build_vs\test_ui_system.vcxproj]
C:\GIT PROJECTS\EVEOFFLINE\cpp_client\src\ui\overview_panel.cpp(438,6): error C2653: 'OverviewPanel': is not a class or
 namespace name [C:\GIT PROJECTS\EVEOFFLINE\cpp_client\build_vs\test_ui_system.vcxproj]
C:\GIT PROJECTS\EVEOFFLINE\cpp_client\src\ui\overview_panel.cpp(439,5): error C2065: 'm_filteredEntries': undeclared id
entifier [C:\GIT PROJECTS\EVEOFFLINE\cpp_client\build_vs\test_ui_system.vcxproj]
C:\GIT PROJECTS\EVEOFFLINE\cpp_client\src\ui\overview_panel.cpp(441,30): error C2065: 'm_entries': undeclared identifie
r [C:\GIT PROJECTS\EVEOFFLINE\cpp_client\build_vs\test_ui_system.vcxproj]
C:\GIT PROJECTS\EVEOFFLINE\cpp_client\src\ui\overview_panel.cpp(441,5): error C2530: 'entry': references must be initia
lized [C:\GIT PROJECTS\EVEOFFLINE\cpp_client\build_vs\test_ui_system.vcxproj]
C:\GIT PROJECTS\EVEOFFLINE\cpp_client\src\ui\overview_panel.cpp(441,5): error C3531: 'entry': a symbol whose type conta
ins 'auto' must have an initializer [C:\GIT PROJECTS\EVEOFFLINE\cpp_client\build_vs\test_ui_system.vcxproj]
C:\GIT PROJECTS\EVEOFFLINE\cpp_client\src\ui\overview_panel.cpp(441,28): error C2143: syntax error: missing ';' before
':' [C:\GIT PROJECTS\EVEOFFLINE\cpp_client\build_vs\test_ui_system.vcxproj]
C:\GIT PROJECTS\EVEOFFLINE\cpp_client\src\ui\overview_panel.cpp(441,39): error C2143: syntax error: missing ';' before
')' [C:\GIT PROJECTS\EVEOFFLINE\cpp_client\build_vs\test_ui_system.vcxproj]
C:\GIT PROJECTS\EVEOFFLINE\cpp_client\src\ui\overview_panel.cpp(444,35): error C2065: 'm_currentFilter': undeclared ide
ntifier [C:\GIT PROJECTS\EVEOFFLINE\cpp_client\build_vs\test_ui_system.vcxproj]
C:\GIT PROJECTS\EVEOFFLINE\cpp_client\src\ui\overview_panel.cpp(446,42): error C2065: 'm_currentFilter': undeclared ide
ntifier [C:\GIT PROJECTS\EVEOFFLINE\cpp_client\build_vs\test_ui_system.vcxproj]
C:\GIT PROJECTS\EVEOFFLINE\cpp_client\src\ui\overview_panel.cpp(448,43): error C2065: 'm_currentFilter': undeclared ide
ntifier [C:\GIT PROJECTS\EVEOFFLINE\cpp_client\build_vs\test_ui_system.vcxproj]
C:\GIT PROJECTS\EVEOFFLINE\cpp_client\src\ui\overview_panel.cpp(455,33): error C2065: 'm_currentFilter': undeclared ide
ntifier [C:\GIT PROJECTS\EVEOFFLINE\cpp_client\build_vs\test_ui_system.vcxproj]
C:\GIT PROJECTS\EVEOFFLINE\cpp_client\src\ui\overview_panel.cpp(456,34): error C2065: 'm_currentFilter': undeclared ide
ntifier [C:\GIT PROJECTS\EVEOFFLINE\cpp_client\build_vs\test_ui_system.vcxproj]
C:\GIT PROJECTS\EVEOFFLINE\cpp_client\src\ui\overview_panel.cpp(459,13): error C2065: 'm_currentFilter': undeclared ide
ntifier [C:\GIT PROJECTS\EVEOFFLINE\cpp_client\build_vs\test_ui_system.vcxproj]
C:\GIT PROJECTS\EVEOFFLINE\cpp_client\src\ui\overview_panel.cpp(461,31): error C2065: 'm_currentFilter': undeclared ide
ntifier [C:\GIT PROJECTS\EVEOFFLINE\cpp_client\build_vs\test_ui_system.vcxproj]
C:\GIT PROJECTS\EVEOFFLINE\cpp_client\src\ui\overview_panel.cpp(465,14): error C2065: 'm_currentFilter': undeclared ide
ntifier [C:\GIT PROJECTS\EVEOFFLINE\cpp_client\build_vs\test_ui_system.vcxproj]
C:\GIT PROJECTS\EVEOFFLINE\cpp_client\src\ui\overview_panel.cpp(467,37): error C2065: 'm_currentFilter': undeclared ide
ntifier [C:\GIT PROJECTS\EVEOFFLINE\cpp_client\build_vs\test_ui_system.vcxproj]
C:\GIT PROJECTS\EVEOFFLINE\cpp_client\src\ui\overview_panel.cpp(467,13): error C2530: 'type': references must be initia
lized [C:\GIT PROJECTS\EVEOFFLINE\cpp_client\build_vs\test_ui_system.vcxproj]
C:\GIT PROJECTS\EVEOFFLINE\cpp_client\src\ui\overview_panel.cpp(467,13): error C3531: 'type': a symbol whose type conta
ins 'auto' must have an initializer [C:\GIT PROJECTS\EVEOFFLINE\cpp_client\build_vs\test_ui_system.vcxproj]
C:\GIT PROJECTS\EVEOFFLINE\cpp_client\src\ui\overview_panel.cpp(467,35): error C2143: syntax error: missing ';' before
':' [C:\GIT PROJECTS\EVEOFFLINE\cpp_client\build_vs\test_ui_system.vcxproj]
C:\GIT PROJECTS\EVEOFFLINE\cpp_client\src\ui\overview_panel.cpp(467,68): error C2143: syntax error: missing ';' before
')' [C:\GIT PROJECTS\EVEOFFLINE\cpp_client\build_vs\test_ui_system.vcxproj]
C:\GIT PROJECTS\EVEOFFLINE\cpp_client\src\ui\overview_panel.cpp(476,9): error C2065: 'm_filteredEntries': undeclared id
entifier [C:\GIT PROJECTS\EVEOFFLINE\cpp_client\build_vs\test_ui_system.vcxproj]
C:\GIT PROJECTS\EVEOFFLINE\cpp_client\src\ui\overview_panel.cpp(480,6): error C2653: 'OverviewPanel': is not a class or
 namespace name [C:\GIT PROJECTS\EVEOFFLINE\cpp_client\build_vs\test_ui_system.vcxproj]
C:\GIT PROJECTS\EVEOFFLINE\cpp_client\src\ui\overview_panel.cpp(481,9): error C2065: 'm_sortColumn': undeclared identif
ier [C:\GIT PROJECTS\EVEOFFLINE\cpp_client\build_vs\test_ui_system.vcxproj]
C:\GIT PROJECTS\EVEOFFLINE\cpp_client\src\ui\overview_panel.cpp(481,25): error C2653: 'OverviewSortColumn': is not a cl
ass or namespace name [C:\GIT PROJECTS\EVEOFFLINE\cpp_client\build_vs\test_ui_system.vcxproj]
C:\GIT PROJECTS\EVEOFFLINE\cpp_client\src\ui\overview_panel.cpp(481,45): error C2065: 'NONE': undeclared identifier [C:
\GIT PROJECTS\EVEOFFLINE\cpp_client\build_vs\test_ui_system.vcxproj]
C:\GIT PROJECTS\EVEOFFLINE\cpp_client\src\ui\overview_panel.cpp(483,15): error C2065: 'm_filteredEntries': undeclared i
dentifier [C:\GIT PROJECTS\EVEOFFLINE\cpp_client\build_vs\test_ui_system.vcxproj]
C:\GIT PROJECTS\EVEOFFLINE\cpp_client\src\ui\overview_panel.cpp(483,42): error C2065: 'm_filteredEntries': undeclared i
dentifier [C:\GIT PROJECTS\EVEOFFLINE\cpp_client\build_vs\test_ui_system.vcxproj]
C:\GIT PROJECTS\EVEOFFLINE\cpp_client\src\ui\overview_panel.cpp(484,10): error C3482: 'this' can only be used as a lamb
da capture within a non-static member function [C:\GIT PROJECTS\EVEOFFLINE\cpp_client\build_vs\test_ui_system.vcxproj]
C:\GIT PROJECTS\EVEOFFLINE\cpp_client\src\ui\overview_panel.cpp(484,35): error C4430: missing type specifier - int assu
med. Note: C++ does not support default-int [C:\GIT PROJECTS\EVEOFFLINE\cpp_client\build_vs\test_ui_system.vcxproj]
C:\GIT PROJECTS\EVEOFFLINE\cpp_client\src\ui\overview_panel.cpp(484,35): error C2143: syntax error: missing ',' before
'&' [C:\GIT PROJECTS\EVEOFFLINE\cpp_client\build_vs\test_ui_system.vcxproj]
C:\GIT PROJECTS\EVEOFFLINE\cpp_client\src\ui\overview_panel.cpp(487,21): error C2065: 'm_sortColumn': undeclared identi
fier [C:\GIT PROJECTS\EVEOFFLINE\cpp_client\build_vs\test_ui_system.vcxproj]
C:\GIT PROJECTS\EVEOFFLINE\cpp_client\src\ui\overview_panel.cpp(487,1): error C2050: switch expression not integral [C:
\GIT PROJECTS\EVEOFFLINE\cpp_client\build_vs\test_ui_system.vcxproj]
C:\GIT PROJECTS\EVEOFFLINE\cpp_client\src\ui\overview_panel.cpp(488,22): error C2653: 'OverviewSortColumn': is not a cl
ass or namespace name [C:\GIT PROJECTS\EVEOFFLINE\cpp_client\build_vs\test_ui_system.vcxproj]
C:\GIT PROJECTS\EVEOFFLINE\cpp_client\src\ui\overview_panel.cpp(488,42): error C2065: 'NAME': undeclared identifier [C:
\GIT PROJECTS\EVEOFFLINE\cpp_client\build_vs\test_ui_system.vcxproj]
C:\GIT PROJECTS\EVEOFFLINE\cpp_client\src\ui\overview_panel.cpp(489,28): error C2065: 'a': undeclared identifier [C:\GI
T PROJECTS\EVEOFFLINE\cpp_client\build_vs\test_ui_system.vcxproj]
C:\GIT PROJECTS\EVEOFFLINE\cpp_client\src\ui\overview_panel.cpp(489,37): error C2065: 'b': undeclared identifier [C:\GI
T PROJECTS\EVEOFFLINE\cpp_client\build_vs\test_ui_system.vcxproj]
C:\GIT PROJECTS\EVEOFFLINE\cpp_client\src\ui\overview_panel.cpp(491,22): error C2653: 'OverviewSortColumn': is not a cl
ass or namespace name [C:\GIT PROJECTS\EVEOFFLINE\cpp_client\build_vs\test_ui_system.vcxproj]
C:\GIT PROJECTS\EVEOFFLINE\cpp_client\src\ui\overview_panel.cpp(491,42): error C2065: 'DISTANCE': undeclared identifier
 [C:\GIT PROJECTS\EVEOFFLINE\cpp_client\build_vs\test_ui_system.vcxproj]
C:\GIT PROJECTS\EVEOFFLINE\cpp_client\src\ui\overview_panel.cpp(492,28): error C2065: 'a': undeclared identifier [C:\GI
T PROJECTS\EVEOFFLINE\cpp_client\build_vs\test_ui_system.vcxproj]
C:\GIT PROJECTS\EVEOFFLINE\cpp_client\src\ui\overview_panel.cpp(492,41): error C2065: 'b': undeclared identifier [C:\GI
T PROJECTS\EVEOFFLINE\cpp_client\build_vs\test_ui_system.vcxproj]
C:\GIT PROJECTS\EVEOFFLINE\cpp_client\src\ui\overview_panel.cpp(494,22): error C2653: 'OverviewSortColumn': is not a cl
ass or namespace name [C:\GIT PROJECTS\EVEOFFLINE\cpp_client\build_vs\test_ui_system.vcxproj]
C:\GIT PROJECTS\EVEOFFLINE\cpp_client\src\ui\overview_panel.cpp(494,42): error C2065: 'TYPE': undeclared identifier [C:
\GIT PROJECTS\EVEOFFLINE\cpp_client\build_vs\test_ui_system.vcxproj]
C:\GIT PROJECTS\EVEOFFLINE\cpp_client\src\ui\overview_panel.cpp(495,28): error C2065: 'a': undeclared identifier [C:\GI
T PROJECTS\EVEOFFLINE\cpp_client\build_vs\test_ui_system.vcxproj]
C:\GIT PROJECTS\EVEOFFLINE\cpp_client\src\ui\overview_panel.cpp(495,42): error C2065: 'b': undeclared identifier [C:\GI
T PROJECTS\EVEOFFLINE\cpp_client\build_vs\test_ui_system.vcxproj]
C:\GIT PROJECTS\EVEOFFLINE\cpp_client\src\ui\overview_panel.cpp(497,22): error C2653: 'OverviewSortColumn': is not a cl
ass or namespace name [C:\GIT PROJECTS\EVEOFFLINE\cpp_client\build_vs\test_ui_system.vcxproj]
C:\GIT PROJECTS\EVEOFFLINE\cpp_client\src\ui\overview_panel.cpp(497,42): error C2065: 'CORPORATION': undeclared identif
ier [C:\GIT PROJECTS\EVEOFFLINE\cpp_client\build_vs\test_ui_system.vcxproj]
C:\GIT PROJECTS\EVEOFFLINE\cpp_client\src\ui\overview_panel.cpp(498,28): error C2065: 'a': undeclared identifier [C:\GI
T PROJECTS\EVEOFFLINE\cpp_client\build_vs\test_ui_system.vcxproj]
C:\GIT PROJECTS\EVEOFFLINE\cpp_client\src\ui\overview_panel.cpp(498,44): error C2065: 'b': undeclared identifier [C:\GI
T PROJECTS\EVEOFFLINE\cpp_client\build_vs\test_ui_system.vcxproj]
C:\GIT PROJECTS\EVEOFFLINE\cpp_client\src\ui\overview_panel.cpp(500,22): error C2653: 'OverviewSortColumn': is not a cl
ass or namespace name [C:\GIT PROJECTS\EVEOFFLINE\cpp_client\build_vs\test_ui_system.vcxproj]
C:\GIT PROJECTS\EVEOFFLINE\cpp_client\src\ui\overview_panel.cpp(500,42): error C2065: 'STANDING': undeclared identifier
 [C:\GIT PROJECTS\EVEOFFLINE\cpp_client\build_vs\test_ui_system.vcxproj]
C:\GIT PROJECTS\EVEOFFLINE\cpp_client\src\ui\overview_panel.cpp(501,28): error C2065: 'a': undeclared identifier [C:\GI
T PROJECTS\EVEOFFLINE\cpp_client\build_vs\test_ui_system.vcxproj]
C:\GIT PROJECTS\EVEOFFLINE\cpp_client\src\ui\overview_panel.cpp(501,41): error C2065: 'b': undeclared identifier [C:\GI
T PROJECTS\EVEOFFLINE\cpp_client\build_vs\test_ui_system.vcxproj]
C:\GIT PROJECTS\EVEOFFLINE\cpp_client\src\ui\overview_panel.cpp(507,20): error C2065: 'm_sortAscending': undeclared ide
ntifier [C:\GIT PROJECTS\EVEOFFLINE\cpp_client\build_vs\test_ui_system.vcxproj]
C:\GIT PROJECTS\EVEOFFLINE\cpp_client\src\ui\overview_panel.cpp(488,17): error C2051: case expression not constant [C:\
GIT PROJECTS\EVEOFFLINE\cpp_client\build_vs\test_ui_system.vcxproj]
C:\GIT PROJECTS\EVEOFFLINE\cpp_client\src\ui\overview_panel.cpp(491,17): error C2051: case expression not constant [C:\
GIT PROJECTS\EVEOFFLINE\cpp_client\build_vs\test_ui_system.vcxproj]
C:\GIT PROJECTS\EVEOFFLINE\cpp_client\src\ui\overview_panel.cpp(494,17): error C2051: case expression not constant [C:\
GIT PROJECTS\EVEOFFLINE\cpp_client\build_vs\test_ui_system.vcxproj]
C:\GIT PROJECTS\EVEOFFLINE\cpp_client\src\ui\overview_panel.cpp(497,17): error C2051: case expression not constant [C:\
GIT PROJECTS\EVEOFFLINE\cpp_client\build_vs\test_ui_system.vcxproj]
C:\GIT PROJECTS\EVEOFFLINE\cpp_client\src\ui\overview_panel.cpp(500,17): error C2051: case expression not constant [C:\
GIT PROJECTS\EVEOFFLINE\cpp_client\build_vs\test_ui_system.vcxproj]
C:\GIT PROJECTS\EVEOFFLINE\cpp_client\src\ui\overview_panel.cpp(483,10): error C2672: 'std::sort': no matching overload
ed function found [C:\GIT PROJECTS\EVEOFFLINE\cpp_client\build_vs\test_ui_system.vcxproj]
      C:\Program Files\Microsoft Visual Studio\2022\Community\VC\Tools\MSVC\14.38.33130\include\algorithm(8094,6):
      could be 'void std::sort(_ExPo &&,const _RanIt,const _RanIt) noexcept'
          C:\GIT PROJECTS\EVEOFFLINE\cpp_client\src\ui\overview_panel.cpp(483,10):
          'void std::sort(_ExPo &&,const _RanIt,const _RanIt) noexcept': expects 3 arguments - 2 provided
      C:\Program Files\Microsoft Visual Studio\2022\Community\VC\Tools\MSVC\14.38.33130\include\algorithm(8091,6):
      or       'void std::sort(_ExPo &&,_RanIt,_RanIt,_Pr) noexcept'
          C:\GIT PROJECTS\EVEOFFLINE\cpp_client\src\ui\overview_panel.cpp(483,10):
          'void std::sort(_ExPo &&,_RanIt,_RanIt,_Pr) noexcept': expects 4 arguments - 2 provided
      C:\Program Files\Microsoft Visual Studio\2022\Community\VC\Tools\MSVC\14.38.33130\include\algorithm(8085,19):
      or       'void std::sort(const _RanIt,const _RanIt)'
      C:\Program Files\Microsoft Visual Studio\2022\Community\VC\Tools\MSVC\14.38.33130\include\algorithm(8077,19):
      or       'void std::sort(const _RanIt,const _RanIt,_Pr)'
          C:\GIT PROJECTS\EVEOFFLINE\cpp_client\src\ui\overview_panel.cpp(483,10):
          'void std::sort(const _RanIt,const _RanIt,_Pr)': expects 3 arguments - 2 provided

C:\GIT PROJECTS\EVEOFFLINE\cpp_client\src\ui\overview_panel.cpp(511,13): error C2653: 'OverviewPanel': is not a class o
r namespace name [C:\GIT PROJECTS\EVEOFFLINE\cpp_client\build_vs\test_ui_system.vcxproj]
C:\GIT PROJECTS\EVEOFFLINE\cpp_client\src\ui\overview_panel.cpp(511,28): error C2270: 'FormatDistance': modifiers not a
llowed on nonmember functions [C:\GIT PROJECTS\EVEOFFLINE\cpp_client\build_vs\test_ui_system.vcxproj]
C:\GIT PROJECTS\EVEOFFLINE\cpp_client\src\ui\overview_panel.cpp(530,6): error C2653: 'OverviewPanel': is not a class or
 namespace name [C:\GIT PROJECTS\EVEOFFLINE\cpp_client\build_vs\test_ui_system.vcxproj]
C:\GIT PROJECTS\EVEOFFLINE\cpp_client\src\ui\overview_panel.cpp(530,21): error C2270: 'GetStandingColor': modifiers not
 allowed on nonmember functions [C:\GIT PROJECTS\EVEOFFLINE\cpp_client\build_vs\test_ui_system.vcxproj]
C:\GIT PROJECTS\EVEOFFLINE\cpp_client\src\ui\overview_panel.cpp(543,6): error C2653: 'OverviewPanel': is not a class or
 namespace name [C:\GIT PROJECTS\EVEOFFLINE\cpp_client\build_vs\test_ui_system.vcxproj]
C:\GIT PROJECTS\EVEOFFLINE\cpp_client\src\ui\overview_panel.cpp(543,51): error C4430: missing type specifier - int assu
med. Note: C++ does not support default-int [C:\GIT PROJECTS\EVEOFFLINE\cpp_client\build_vs\test_ui_system.vcxproj]
C:\GIT PROJECTS\EVEOFFLINE\cpp_client\src\ui\overview_panel.cpp(543,51): error C2143: syntax error: missing ',' before
'&' [C:\GIT PROJECTS\EVEOFFLINE\cpp_client\build_vs\test_ui_system.vcxproj]
C:\GIT PROJECTS\EVEOFFLINE\cpp_client\src\ui\overview_panel.cpp(544,5): error C2065: 'm_currentFilter': undeclared iden
tifier [C:\GIT PROJECTS\EVEOFFLINE\cpp_client\build_vs\test_ui_system.vcxproj]
C:\GIT PROJECTS\EVEOFFLINE\cpp_client\src\ui\overview_panel.cpp(544,23): error C2065: 'filter': undeclared identifier [
C:\GIT PROJECTS\EVEOFFLINE\cpp_client\build_vs\test_ui_system.vcxproj]
C:\GIT PROJECTS\EVEOFFLINE\cpp_client\src\ui\overview_panel.cpp(549,6): error C2653: 'OverviewPanel': is not a class or
 namespace name [C:\GIT PROJECTS\EVEOFFLINE\cpp_client\build_vs\test_ui_system.vcxproj]
C:\GIT PROJECTS\EVEOFFLINE\cpp_client\src\ui\overview_panel.cpp(549,76): error C4430: missing type specifier - int assu
med. Note: C++ does not support default-int [C:\GIT PROJECTS\EVEOFFLINE\cpp_client\build_vs\test_ui_system.vcxproj]
C:\GIT PROJECTS\EVEOFFLINE\cpp_client\src\ui\overview_panel.cpp(549,76): error C2143: syntax error: missing ',' before
'&' [C:\GIT PROJECTS\EVEOFFLINE\cpp_client\build_vs\test_ui_system.vcxproj]
C:\GIT PROJECTS\EVEOFFLINE\cpp_client\src\ui\overview_panel.cpp(550,20): error C2146: syntax error: missing ';' before
identifier 'newFilter' [C:\GIT PROJECTS\EVEOFFLINE\cpp_client\build_vs\test_ui_system.vcxproj]
C:\GIT PROJECTS\EVEOFFLINE\cpp_client\src\ui\overview_panel.cpp(550,20): error C2065: 'newFilter': undeclared identifie
r [C:\GIT PROJECTS\EVEOFFLINE\cpp_client\build_vs\test_ui_system.vcxproj]
C:\GIT PROJECTS\EVEOFFLINE\cpp_client\src\ui\overview_panel.cpp(550,32): error C2065: 'filter': undeclared identifier [
C:\GIT PROJECTS\EVEOFFLINE\cpp_client\build_vs\test_ui_system.vcxproj]
C:\GIT PROJECTS\EVEOFFLINE\cpp_client\src\ui\overview_panel.cpp(551,5): error C2065: 'newFilter': undeclared identifier
 [C:\GIT PROJECTS\EVEOFFLINE\cpp_client\build_vs\test_ui_system.vcxproj]
C:\GIT PROJECTS\EVEOFFLINE\cpp_client\src\ui\overview_panel.cpp(552,5): error C2065: 'm_savedFilters': undeclared ident
ifier [C:\GIT PROJECTS\EVEOFFLINE\cpp_client\build_vs\test_ui_system.vcxproj]
C:\GIT PROJECTS\EVEOFFLINE\cpp_client\src\ui\overview_panel.cpp(552,28): error C2065: 'newFilter': undeclared identifie
r [C:\GIT PROJECTS\EVEOFFLINE\cpp_client\build_vs\test_ui_system.vcxproj]
C:\GIT PROJECTS\EVEOFFLINE\cpp_client\src\ui\overview_panel.cpp(555,6): error C2653: 'OverviewPanel': is not a class or
 namespace name [C:\GIT PROJECTS\EVEOFFLINE\cpp_client\build_vs\test_ui_system.vcxproj]
C:\GIT PROJECTS\EVEOFFLINE\cpp_client\src\ui\overview_panel.cpp(556,15): error C2065: 'm_savedFilters': undeclared iden
tifier [C:\GIT PROJECTS\EVEOFFLINE\cpp_client\build_vs\test_ui_system.vcxproj]
C:\GIT PROJECTS\EVEOFFLINE\cpp_client\src\ui\overview_panel.cpp(557,9): error C3536: 'it': cannot be used before it is
initialized [C:\GIT PROJECTS\EVEOFFLINE\cpp_client\build_vs\test_ui_system.vcxproj]
C:\GIT PROJECTS\EVEOFFLINE\cpp_client\src\ui\overview_panel.cpp(557,15): error C2065: 'm_savedFilters': undeclared iden
tifier [C:\GIT PROJECTS\EVEOFFLINE\cpp_client\build_vs\test_ui_system.vcxproj]
C:\GIT PROJECTS\EVEOFFLINE\cpp_client\src\ui\overview_panel.cpp(562,6): error C2653: 'OverviewPanel': is not a class or
 namespace name [C:\GIT PROJECTS\EVEOFFLINE\cpp_client\build_vs\test_ui_system.vcxproj]
C:\GIT PROJECTS\EVEOFFLINE\cpp_client\src\ui\overview_panel.cpp(562,35): error C2065: 'OverviewSortColumn': undeclared
identifier [C:\GIT PROJECTS\EVEOFFLINE\cpp_client\build_vs\test_ui_system.vcxproj]
C:\GIT PROJECTS\EVEOFFLINE\cpp_client\src\ui\overview_panel.cpp(562,54): error C2146: syntax error: missing ')' before
identifier 'column' [C:\GIT PROJECTS\EVEOFFLINE\cpp_client\build_vs\test_ui_system.vcxproj]
C:\GIT PROJECTS\EVEOFFLINE\cpp_client\src\ui\overview_panel.cpp(562,78): error C2143: syntax error: missing ';' before
'{' [C:\GIT PROJECTS\EVEOFFLINE\cpp_client\build_vs\test_ui_system.vcxproj]
C:\GIT PROJECTS\EVEOFFLINE\cpp_client\src\ui\overview_panel.cpp(562,78): error C2447: '{': missing function header (old
-style formal list?) [C:\GIT PROJECTS\EVEOFFLINE\cpp_client\build_vs\test_ui_system.vcxproj]
C:\GIT PROJECTS\EVEOFFLINE\cpp_client\src\ui\overview_panel.cpp(568,6): error C2653: 'OverviewPanel': is not a class or
 namespace name [C:\GIT PROJECTS\EVEOFFLINE\cpp_client\build_vs\test_ui_system.vcxproj]
C:\GIT PROJECTS\EVEOFFLINE\cpp_client\src\ui\overview_panel.cpp(570,5): error C3861: 'RenderFilterTabs': identifier not
 found [C:\GIT PROJECTS\EVEOFFLINE\cpp_client\build_vs\test_ui_system.vcxproj]
C:\GIT PROJECTS\EVEOFFLINE\cpp_client\src\ui\overview_panel.cpp(585,9): error C3861: 'RenderTableHeader': identifier no
t found [C:\GIT PROJECTS\EVEOFFLINE\cpp_client\build_vs\test_ui_system.vcxproj]
C:\GIT PROJECTS\EVEOFFLINE\cpp_client\src\ui\overview_panel.cpp(588,32): error C2065: 'm_filteredEntries': undeclared i
dentifier [C:\GIT PROJECTS\EVEOFFLINE\cpp_client\build_vs\test_ui_system.vcxproj]
C:\GIT PROJECTS\EVEOFFLINE\cpp_client\src\ui\overview_panel.cpp(589,29): error C2065: 'm_filteredEntries': undeclared i
dentifier [C:\GIT PROJECTS\EVEOFFLINE\cpp_client\build_vs\test_ui_system.vcxproj]
C:\GIT PROJECTS\EVEOFFLINE\cpp_client\src\ui\overview_panel.cpp(589,13): error C3861: 'RenderEntityRow': identifier not
 found [C:\GIT PROJECTS\EVEOFFLINE\cpp_client\build_vs\test_ui_system.vcxproj]
C:\GIT PROJECTS\EVEOFFLINE\cpp_client\src\ui\overview_panel.cpp(596,1): error C2059: syntax error: '}' [C:\GIT PROJECTS
\EVEOFFLINE\cpp_client\build_vs\test_ui_system.vcxproj]
C:\GIT PROJECTS\EVEOFFLINE\cpp_client\src\ui\overview_panel.cpp(596,1): error C2143: syntax error: missing ';' before '
}' [C:\GIT PROJECTS\EVEOFFLINE\cpp_client\build_vs\test_ui_system.vcxproj]
  healthbar_renderer.cpp
  visual_effects.cpp
  market_panel.cpp
  healthbar_renderer.cpp
  visual_effects.cpp
  entity.cpp
  pbr_materials.cpp
  visual_effects.cpp
  test_shadow_mapping.vcxproj -> C:\GIT PROJECTS\EVEOFFLINE\cpp_client\build_vs\bin\Release\test_shadow_mapping.exe
  Generating Code...
  pbr_materials.cpp
  Generating Code...
  pbr_materials.cpp
  Generating Code...
  Generating Code...
  Compiling...
  lod_manager.cpp
  frustum_culler.cpp
  Compiling...
  lod_manager.cpp
  instanced_renderer.cpp
  Compiling...
  lod_manager.cpp
  frustum_culler.cpp
  frustum_culler.cpp
  asteroid_field_renderer.cpp
  instanced_renderer.cpp
  instanced_renderer.cpp
  lighting.cpp
  asteroid_field_renderer.cpp
  asteroid_field_renderer.cpp
  shadow_map.cpp
  lighting.cpp
  lighting.cpp
  gbuffer.cpp
  shadow_map.cpp
  shadow_map.cpp
  post_processing.cpp
  gbuffer.cpp
  gbuffer.cpp
  tcp_client.cpp
  post_processing.cpp
  post_processing.cpp
  tcp_client.cpp
  protocol_handler.cpp
  tcp_client.cpp
  protocol_handler.cpp
  protocol_handler.cpp
  network_manager.cpp
  network_manager.cpp
  network_manager.cpp
  hud.cpp
  input_handler.cpp
  ui_manager.cpp
  hud.cpp
  hud.cpp
  input_handler.cpp
  input_handler.cpp
  eve_panels.cpp
  ui_manager.cpp
  ui_manager.cpp
  eve_target_list.cpp
  eve_panels.cpp
  entity_picker.cpp
  eve_panels.cpp
  eve_target_list.cpp
  context_menu.cpp
  eve_target_list.cpp
  entity_picker.cpp
  tactical_overlay.cpp
  entity_picker.cpp
  context_menu.cpp
  inventory_panel.cpp
C:\GIT PROJECTS\EVEOFFLINE\cpp_client\src\ui\tactical_overlay.cpp(331,59): error C2065: 'M_PI': undeclared identifier [
C:\GIT PROJECTS\EVEOFFLINE\cpp_client\build_vs\eve_client.vcxproj]
  context_menu.cpp
  Generating Code...
  tactical_overlay.cpp
  tactical_overlay.cpp
C:\GIT PROJECTS\EVEOFFLINE\cpp_client\src\ui\tactical_overlay.cpp(331,59): error C2065: 'M_PI': undeclared identifier [
C:\GIT PROJECTS\EVEOFFLINE\cpp_client\build_vs\test_phase46_advanced.vcxproj]
  inventory_panel.cpp
  inventory_panel.cpp
C:\GIT PROJECTS\EVEOFFLINE\cpp_client\src\ui\tactical_overlay.cpp(331,59): error C2065: 'M_PI': undeclared identifier [
C:\GIT PROJECTS\EVEOFFLINE\cpp_client\build_vs\test_enhanced_ui.vcxproj]
  Generating Code...
  Generating Code...
  Compiling...
  fitting_panel.cpp
  mission_panel.cpp
  module_browser_panel.cpp
  Compiling...
  fitting_panel.cpp
  market_panel.cpp
  Compiling...
  fitting_panel.cpp
  mission_panel.cpp
  mission_panel.cpp
  overview_panel.cpp
  module_browser_panel.cpp
  module_browser_panel.cpp
C:\GIT PROJECTS\EVEOFFLINE\cpp_client\src\ui\overview_panel.cpp(434,18): error C4430: missing type specifier - int assu
med. Note: C++ does not support default-int [C:\GIT PROJECTS\EVEOFFLINE\cpp_client\build_vs\eve_client.vcxproj]
C:\GIT PROJECTS\EVEOFFLINE\cpp_client\src\ui\overview_panel.cpp(435,18): error C4430: missing type specifier - int assu
med. Note: C++ does not support default-int [C:\GIT PROJECTS\EVEOFFLINE\cpp_client\build_vs\eve_client.vcxproj]
C:\GIT PROJECTS\EVEOFFLINE\cpp_client\src\ui\overview_panel.cpp(438,6): error C2653: 'OverviewPanel': is not a class or
 namespace name [C:\GIT PROJECTS\EVEOFFLINE\cpp_client\build_vs\eve_client.vcxproj]
C:\GIT PROJECTS\EVEOFFLINE\cpp_client\src\ui\overview_panel.cpp(439,5): error C2065: 'm_filteredEntries': undeclared id
entifier [C:\GIT PROJECTS\EVEOFFLINE\cpp_client\build_vs\eve_client.vcxproj]
C:\GIT PROJECTS\EVEOFFLINE\cpp_client\src\ui\overview_panel.cpp(441,30): error C2065: 'm_entries': undeclared identifie
r [C:\GIT PROJECTS\EVEOFFLINE\cpp_client\build_vs\eve_client.vcxproj]
C:\GIT PROJECTS\EVEOFFLINE\cpp_client\src\ui\overview_panel.cpp(441,5): error C2530: 'entry': references must be initia
lized [C:\GIT PROJECTS\EVEOFFLINE\cpp_client\build_vs\eve_client.vcxproj]
C:\GIT PROJECTS\EVEOFFLINE\cpp_client\src\ui\overview_panel.cpp(441,5): error C3531: 'entry': a symbol whose type conta
ins 'auto' must have an initializer [C:\GIT PROJECTS\EVEOFFLINE\cpp_client\build_vs\eve_client.vcxproj]
C:\GIT PROJECTS\EVEOFFLINE\cpp_client\src\ui\overview_panel.cpp(441,28): error C2143: syntax error: missing ';' before
':' [C:\GIT PROJECTS\EVEOFFLINE\cpp_client\build_vs\eve_client.vcxproj]
C:\GIT PROJECTS\EVEOFFLINE\cpp_client\src\ui\overview_panel.cpp(441,39): error C2143: syntax error: missing ';' before
')' [C:\GIT PROJECTS\EVEOFFLINE\cpp_client\build_vs\eve_client.vcxproj]
C:\GIT PROJECTS\EVEOFFLINE\cpp_client\src\ui\overview_panel.cpp(444,35): error C2065: 'm_currentFilter': undeclared ide
ntifier [C:\GIT PROJECTS\EVEOFFLINE\cpp_client\build_vs\eve_client.vcxproj]
C:\GIT PROJECTS\EVEOFFLINE\cpp_client\src\ui\overview_panel.cpp(446,42): error C2065: 'm_currentFilter': undeclared ide
ntifier [C:\GIT PROJECTS\EVEOFFLINE\cpp_client\build_vs\eve_client.vcxproj]
C:\GIT PROJECTS\EVEOFFLINE\cpp_client\src\ui\overview_panel.cpp(448,43): error C2065: 'm_currentFilter': undeclared ide
ntifier [C:\GIT PROJECTS\EVEOFFLINE\cpp_client\build_vs\eve_client.vcxproj]
C:\GIT PROJECTS\EVEOFFLINE\cpp_client\src\ui\overview_panel.cpp(455,33): error C2065: 'm_currentFilter': undeclared ide
ntifier [C:\GIT PROJECTS\EVEOFFLINE\cpp_client\build_vs\eve_client.vcxproj]
C:\GIT PROJECTS\EVEOFFLINE\cpp_client\src\ui\overview_panel.cpp(456,34): error C2065: 'm_currentFilter': undeclared ide
ntifier [C:\GIT PROJECTS\EVEOFFLINE\cpp_client\build_vs\eve_client.vcxproj]
C:\GIT PROJECTS\EVEOFFLINE\cpp_client\src\ui\overview_panel.cpp(459,13): error C2065: 'm_currentFilter': undeclared ide
ntifier [C:\GIT PROJECTS\EVEOFFLINE\cpp_client\build_vs\eve_client.vcxproj]
C:\GIT PROJECTS\EVEOFFLINE\cpp_client\src\ui\overview_panel.cpp(461,31): error C2065: 'm_currentFilter': undeclared ide
ntifier [C:\GIT PROJECTS\EVEOFFLINE\cpp_client\build_vs\eve_client.vcxproj]
C:\GIT PROJECTS\EVEOFFLINE\cpp_client\src\ui\overview_panel.cpp(465,14): error C2065: 'm_currentFilter': undeclared ide
ntifier [C:\GIT PROJECTS\EVEOFFLINE\cpp_client\build_vs\eve_client.vcxproj]
C:\GIT PROJECTS\EVEOFFLINE\cpp_client\src\ui\overview_panel.cpp(467,37): error C2065: 'm_currentFilter': undeclared ide
ntifier [C:\GIT PROJECTS\EVEOFFLINE\cpp_client\build_vs\eve_client.vcxproj]
C:\GIT PROJECTS\EVEOFFLINE\cpp_client\src\ui\overview_panel.cpp(467,13): error C2530: 'type': references must be initia
lized [C:\GIT PROJECTS\EVEOFFLINE\cpp_client\build_vs\eve_client.vcxproj]
C:\GIT PROJECTS\EVEOFFLINE\cpp_client\src\ui\overview_panel.cpp(467,13): error C3531: 'type': a symbol whose type conta
ins 'auto' must have an initializer [C:\GIT PROJECTS\EVEOFFLINE\cpp_client\build_vs\eve_client.vcxproj]
C:\GIT PROJECTS\EVEOFFLINE\cpp_client\src\ui\overview_panel.cpp(467,35): error C2143: syntax error: missing ';' before
':' [C:\GIT PROJECTS\EVEOFFLINE\cpp_client\build_vs\eve_client.vcxproj]
C:\GIT PROJECTS\EVEOFFLINE\cpp_client\src\ui\overview_panel.cpp(467,68): error C2143: syntax error: missing ';' before
')' [C:\GIT PROJECTS\EVEOFFLINE\cpp_client\build_vs\eve_client.vcxproj]
C:\GIT PROJECTS\EVEOFFLINE\cpp_client\src\ui\overview_panel.cpp(476,9): error C2065: 'm_filteredEntries': undeclared id
entifier [C:\GIT PROJECTS\EVEOFFLINE\cpp_client\build_vs\eve_client.vcxproj]
C:\GIT PROJECTS\EVEOFFLINE\cpp_client\src\ui\overview_panel.cpp(480,6): error C2653: 'OverviewPanel': is not a class or
 namespace name [C:\GIT PROJECTS\EVEOFFLINE\cpp_client\build_vs\eve_client.vcxproj]
C:\GIT PROJECTS\EVEOFFLINE\cpp_client\src\ui\overview_panel.cpp(481,9): error C2065: 'm_sortColumn': undeclared identif
ier [C:\GIT PROJECTS\EVEOFFLINE\cpp_client\build_vs\eve_client.vcxproj]
C:\GIT PROJECTS\EVEOFFLINE\cpp_client\src\ui\overview_panel.cpp(481,25): error C2653: 'OverviewSortColumn': is not a cl
ass or namespace name [C:\GIT PROJECTS\EVEOFFLINE\cpp_client\build_vs\eve_client.vcxproj]
C:\GIT PROJECTS\EVEOFFLINE\cpp_client\src\ui\overview_panel.cpp(481,45): error C2065: 'NONE': undeclared identifier [C:
\GIT PROJECTS\EVEOFFLINE\cpp_client\build_vs\eve_client.vcxproj]
C:\GIT PROJECTS\EVEOFFLINE\cpp_client\src\ui\overview_panel.cpp(483,15): error C2065: 'm_filteredEntries': undeclared i
dentifier [C:\GIT PROJECTS\EVEOFFLINE\cpp_client\build_vs\eve_client.vcxproj]
C:\GIT PROJECTS\EVEOFFLINE\cpp_client\src\ui\overview_panel.cpp(483,42): error C2065: 'm_filteredEntries': undeclared i
dentifier [C:\GIT PROJECTS\EVEOFFLINE\cpp_client\build_vs\eve_client.vcxproj]
C:\GIT PROJECTS\EVEOFFLINE\cpp_client\src\ui\overview_panel.cpp(484,10): error C3482: 'this' can only be used as a lamb
da capture within a non-static member function [C:\GIT PROJECTS\EVEOFFLINE\cpp_client\build_vs\eve_client.vcxproj]
C:\GIT PROJECTS\EVEOFFLINE\cpp_client\src\ui\overview_panel.cpp(484,35): error C4430: missing type specifier - int assu
med. Note: C++ does not support default-int [C:\GIT PROJECTS\EVEOFFLINE\cpp_client\build_vs\eve_client.vcxproj]
C:\GIT PROJECTS\EVEOFFLINE\cpp_client\src\ui\overview_panel.cpp(484,35): error C2143: syntax error: missing ',' before
'&' [C:\GIT PROJECTS\EVEOFFLINE\cpp_client\build_vs\eve_client.vcxproj]
C:\GIT PROJECTS\EVEOFFLINE\cpp_client\src\ui\overview_panel.cpp(487,21): error C2065: 'm_sortColumn': undeclared identi
fier [C:\GIT PROJECTS\EVEOFFLINE\cpp_client\build_vs\eve_client.vcxproj]
C:\GIT PROJECTS\EVEOFFLINE\cpp_client\src\ui\overview_panel.cpp(487,1): error C2050: switch expression not integral [C:
\GIT PROJECTS\EVEOFFLINE\cpp_client\build_vs\eve_client.vcxproj]
C:\GIT PROJECTS\EVEOFFLINE\cpp_client\src\ui\overview_panel.cpp(488,22): error C2653: 'OverviewSortColumn': is not a cl
ass or namespace name [C:\GIT PROJECTS\EVEOFFLINE\cpp_client\build_vs\eve_client.vcxproj]
C:\GIT PROJECTS\EVEOFFLINE\cpp_client\src\ui\overview_panel.cpp(488,42): error C2065: 'NAME': undeclared identifier [C:
\GIT PROJECTS\EVEOFFLINE\cpp_client\build_vs\eve_client.vcxproj]
C:\GIT PROJECTS\EVEOFFLINE\cpp_client\src\ui\overview_panel.cpp(489,28): error C2065: 'a': undeclared identifier [C:\GI
T PROJECTS\EVEOFFLINE\cpp_client\build_vs\eve_client.vcxproj]
C:\GIT PROJECTS\EVEOFFLINE\cpp_client\src\ui\overview_panel.cpp(489,37): error C2065: 'b': undeclared identifier [C:\GI
T PROJECTS\EVEOFFLINE\cpp_client\build_vs\eve_client.vcxproj]
C:\GIT PROJECTS\EVEOFFLINE\cpp_client\src\ui\overview_panel.cpp(491,22): error C2653: 'OverviewSortColumn': is not a cl
ass or namespace name [C:\GIT PROJECTS\EVEOFFLINE\cpp_client\build_vs\eve_client.vcxproj]
C:\GIT PROJECTS\EVEOFFLINE\cpp_client\src\ui\overview_panel.cpp(491,42): error C2065: 'DISTANCE': undeclared identifier
 [C:\GIT PROJECTS\EVEOFFLINE\cpp_client\build_vs\eve_client.vcxproj]
C:\GIT PROJECTS\EVEOFFLINE\cpp_client\src\ui\overview_panel.cpp(492,28): error C2065: 'a': undeclared identifier [C:\GI
T PROJECTS\EVEOFFLINE\cpp_client\build_vs\eve_client.vcxproj]
C:\GIT PROJECTS\EVEOFFLINE\cpp_client\src\ui\overview_panel.cpp(492,41): error C2065: 'b': undeclared identifier [C:\GI
T PROJECTS\EVEOFFLINE\cpp_client\build_vs\eve_client.vcxproj]
C:\GIT PROJECTS\EVEOFFLINE\cpp_client\src\ui\overview_panel.cpp(494,22): error C2653: 'OverviewSortColumn': is not a cl
ass or namespace name [C:\GIT PROJECTS\EVEOFFLINE\cpp_client\build_vs\eve_client.vcxproj]
C:\GIT PROJECTS\EVEOFFLINE\cpp_client\src\ui\overview_panel.cpp(494,42): error C2065: 'TYPE': undeclared identifier [C:
\GIT PROJECTS\EVEOFFLINE\cpp_client\build_vs\eve_client.vcxproj]
C:\GIT PROJECTS\EVEOFFLINE\cpp_client\src\ui\overview_panel.cpp(495,28): error C2065: 'a': undeclared identifier [C:\GI
T PROJECTS\EVEOFFLINE\cpp_client\build_vs\eve_client.vcxproj]
C:\GIT PROJECTS\EVEOFFLINE\cpp_client\src\ui\overview_panel.cpp(495,42): error C2065: 'b': undeclared identifier [C:\GI
T PROJECTS\EVEOFFLINE\cpp_client\build_vs\eve_client.vcxproj]
C:\GIT PROJECTS\EVEOFFLINE\cpp_client\src\ui\overview_panel.cpp(497,22): error C2653: 'OverviewSortColumn': is not a cl
ass or namespace name [C:\GIT PROJECTS\EVEOFFLINE\cpp_client\build_vs\eve_client.vcxproj]
C:\GIT PROJECTS\EVEOFFLINE\cpp_client\src\ui\overview_panel.cpp(497,42): error C2065: 'CORPORATION': undeclared identif
ier [C:\GIT PROJECTS\EVEOFFLINE\cpp_client\build_vs\eve_client.vcxproj]
C:\GIT PROJECTS\EVEOFFLINE\cpp_client\src\ui\overview_panel.cpp(498,28): error C2065: 'a': undeclared identifier [C:\GI
T PROJECTS\EVEOFFLINE\cpp_client\build_vs\eve_client.vcxproj]
C:\GIT PROJECTS\EVEOFFLINE\cpp_client\src\ui\overview_panel.cpp(498,44): error C2065: 'b': undeclared identifier [C:\GI
T PROJECTS\EVEOFFLINE\cpp_client\build_vs\eve_client.vcxproj]
C:\GIT PROJECTS\EVEOFFLINE\cpp_client\src\ui\overview_panel.cpp(500,22): error C2653: 'OverviewSortColumn': is not a cl
ass or namespace name [C:\GIT PROJECTS\EVEOFFLINE\cpp_client\build_vs\eve_client.vcxproj]
C:\GIT PROJECTS\EVEOFFLINE\cpp_client\src\ui\overview_panel.cpp(500,42): error C2065: 'STANDING': undeclared identifier
 [C:\GIT PROJECTS\EVEOFFLINE\cpp_client\build_vs\eve_client.vcxproj]
C:\GIT PROJECTS\EVEOFFLINE\cpp_client\src\ui\overview_panel.cpp(501,28): error C2065: 'a': undeclared identifier [C:\GI
T PROJECTS\EVEOFFLINE\cpp_client\build_vs\eve_client.vcxproj]
C:\GIT PROJECTS\EVEOFFLINE\cpp_client\src\ui\overview_panel.cpp(501,41): error C2065: 'b': undeclared identifier [C:\GI
T PROJECTS\EVEOFFLINE\cpp_client\build_vs\eve_client.vcxproj]
C:\GIT PROJECTS\EVEOFFLINE\cpp_client\src\ui\overview_panel.cpp(507,20): error C2065: 'm_sortAscending': undeclared ide
ntifier [C:\GIT PROJECTS\EVEOFFLINE\cpp_client\build_vs\eve_client.vcxproj]
C:\GIT PROJECTS\EVEOFFLINE\cpp_client\src\ui\overview_panel.cpp(488,17): error C2051: case expression not constant [C:\
GIT PROJECTS\EVEOFFLINE\cpp_client\build_vs\eve_client.vcxproj]
C:\GIT PROJECTS\EVEOFFLINE\cpp_client\src\ui\overview_panel.cpp(491,17): error C2051: case expression not constant [C:\
GIT PROJECTS\EVEOFFLINE\cpp_client\build_vs\eve_client.vcxproj]
C:\GIT PROJECTS\EVEOFFLINE\cpp_client\src\ui\overview_panel.cpp(494,17): error C2051: case expression not constant [C:\
GIT PROJECTS\EVEOFFLINE\cpp_client\build_vs\eve_client.vcxproj]
C:\GIT PROJECTS\EVEOFFLINE\cpp_client\src\ui\overview_panel.cpp(497,17): error C2051: case expression not constant [C:\
GIT PROJECTS\EVEOFFLINE\cpp_client\build_vs\eve_client.vcxproj]
C:\GIT PROJECTS\EVEOFFLINE\cpp_client\src\ui\overview_panel.cpp(500,17): error C2051: case expression not constant [C:\
GIT PROJECTS\EVEOFFLINE\cpp_client\build_vs\eve_client.vcxproj]
  market_panel.cpp
C:\GIT PROJECTS\EVEOFFLINE\cpp_client\src\ui\overview_panel.cpp(483,10): error C2672: 'std::sort': no matching overload
ed function found [C:\GIT PROJECTS\EVEOFFLINE\cpp_client\build_vs\eve_client.vcxproj]
      C:\Program Files\Microsoft Visual Studio\2022\Community\VC\Tools\MSVC\14.38.33130\include\algorithm(8094,6):
      could be 'void std::sort(_ExPo &&,const _RanIt,const _RanIt) noexcept'
          C:\GIT PROJECTS\EVEOFFLINE\cpp_client\src\ui\overview_panel.cpp(483,10):
          'void std::sort(_ExPo &&,const _RanIt,const _RanIt) noexcept': expects 3 arguments - 2 provided
      C:\Program Files\Microsoft Visual Studio\2022\Community\VC\Tools\MSVC\14.38.33130\include\algorithm(8091,6):
      or       'void std::sort(_ExPo &&,_RanIt,_RanIt,_Pr) noexcept'
          C:\GIT PROJECTS\EVEOFFLINE\cpp_client\src\ui\overview_panel.cpp(483,10):
          'void std::sort(_ExPo &&,_RanIt,_RanIt,_Pr) noexcept': expects 4 arguments - 2 provided
      C:\Program Files\Microsoft Visual Studio\2022\Community\VC\Tools\MSVC\14.38.33130\include\algorithm(8085,19):
      or       'void std::sort(const _RanIt,const _RanIt)'
      C:\Program Files\Microsoft Visual Studio\2022\Community\VC\Tools\MSVC\14.38.33130\include\algorithm(8077,19):
      or       'void std::sort(const _RanIt,const _RanIt,_Pr)'
          C:\GIT PROJECTS\EVEOFFLINE\cpp_client\src\ui\overview_panel.cpp(483,10):
          'void std::sort(const _RanIt,const _RanIt,_Pr)': expects 3 arguments - 2 provided

C:\GIT PROJECTS\EVEOFFLINE\cpp_client\src\ui\overview_panel.cpp(511,13): error C2653: 'OverviewPanel': is not a class o
r namespace name [C:\GIT PROJECTS\EVEOFFLINE\cpp_client\build_vs\eve_client.vcxproj]
C:\GIT PROJECTS\EVEOFFLINE\cpp_client\src\ui\overview_panel.cpp(511,28): error C2270: 'FormatDistance': modifiers not a
llowed on nonmember functions [C:\GIT PROJECTS\EVEOFFLINE\cpp_client\build_vs\eve_client.vcxproj]
C:\GIT PROJECTS\EVEOFFLINE\cpp_client\src\ui\overview_panel.cpp(530,6): error C2653: 'OverviewPanel': is not a class or
 namespace name [C:\GIT PROJECTS\EVEOFFLINE\cpp_client\build_vs\eve_client.vcxproj]
C:\GIT PROJECTS\EVEOFFLINE\cpp_client\src\ui\overview_panel.cpp(530,21): error C2270: 'GetStandingColor': modifiers not
 allowed on nonmember functions [C:\GIT PROJECTS\EVEOFFLINE\cpp_client\build_vs\eve_client.vcxproj]
C:\GIT PROJECTS\EVEOFFLINE\cpp_client\src\ui\overview_panel.cpp(543,6): error C2653: 'OverviewPanel': is not a class or
 namespace name [C:\GIT PROJECTS\EVEOFFLINE\cpp_client\build_vs\eve_client.vcxproj]
C:\GIT PROJECTS\EVEOFFLINE\cpp_client\src\ui\overview_panel.cpp(543,51): error C4430: missing type specifier - int assu
med. Note: C++ does not support default-int [C:\GIT PROJECTS\EVEOFFLINE\cpp_client\build_vs\eve_client.vcxproj]
C:\GIT PROJECTS\EVEOFFLINE\cpp_client\src\ui\overview_panel.cpp(543,51): error C2143: syntax error: missing ',' before
'&' [C:\GIT PROJECTS\EVEOFFLINE\cpp_client\build_vs\eve_client.vcxproj]
C:\GIT PROJECTS\EVEOFFLINE\cpp_client\src\ui\overview_panel.cpp(544,5): error C2065: 'm_currentFilter': undeclared iden
tifier [C:\GIT PROJECTS\EVEOFFLINE\cpp_client\build_vs\eve_client.vcxproj]
C:\GIT PROJECTS\EVEOFFLINE\cpp_client\src\ui\overview_panel.cpp(544,23): error C2065: 'filter': undeclared identifier [
C:\GIT PROJECTS\EVEOFFLINE\cpp_client\build_vs\eve_client.vcxproj]
C:\GIT PROJECTS\EVEOFFLINE\cpp_client\src\ui\overview_panel.cpp(549,6): error C2653: 'OverviewPanel': is not a class or
 namespace name [C:\GIT PROJECTS\EVEOFFLINE\cpp_client\build_vs\eve_client.vcxproj]
C:\GIT PROJECTS\EVEOFFLINE\cpp_client\src\ui\overview_panel.cpp(549,76): error C4430: missing type specifier - int assu
med. Note: C++ does not support default-int [C:\GIT PROJECTS\EVEOFFLINE\cpp_client\build_vs\eve_client.vcxproj]
C:\GIT PROJECTS\EVEOFFLINE\cpp_client\src\ui\overview_panel.cpp(549,76): error C2143: syntax error: missing ',' before
'&' [C:\GIT PROJECTS\EVEOFFLINE\cpp_client\build_vs\eve_client.vcxproj]
C:\GIT PROJECTS\EVEOFFLINE\cpp_client\src\ui\overview_panel.cpp(550,20): error C2146: syntax error: missing ';' before
identifier 'newFilter' [C:\GIT PROJECTS\EVEOFFLINE\cpp_client\build_vs\eve_client.vcxproj]
C:\GIT PROJECTS\EVEOFFLINE\cpp_client\src\ui\overview_panel.cpp(550,20): error C2065: 'newFilter': undeclared identifie
r [C:\GIT PROJECTS\EVEOFFLINE\cpp_client\build_vs\eve_client.vcxproj]
C:\GIT PROJECTS\EVEOFFLINE\cpp_client\src\ui\overview_panel.cpp(550,32): error C2065: 'filter': undeclared identifier [
C:\GIT PROJECTS\EVEOFFLINE\cpp_client\build_vs\eve_client.vcxproj]
C:\GIT PROJECTS\EVEOFFLINE\cpp_client\src\ui\overview_panel.cpp(551,5): error C2065: 'newFilter': undeclared identifier
 [C:\GIT PROJECTS\EVEOFFLINE\cpp_client\build_vs\eve_client.vcxproj]
C:\GIT PROJECTS\EVEOFFLINE\cpp_client\src\ui\overview_panel.cpp(552,5): error C2065: 'm_savedFilters': undeclared ident
ifier [C:\GIT PROJECTS\EVEOFFLINE\cpp_client\build_vs\eve_client.vcxproj]
C:\GIT PROJECTS\EVEOFFLINE\cpp_client\src\ui\overview_panel.cpp(552,28): error C2065: 'newFilter': undeclared identifie
r [C:\GIT PROJECTS\EVEOFFLINE\cpp_client\build_vs\eve_client.vcxproj]
C:\GIT PROJECTS\EVEOFFLINE\cpp_client\src\ui\overview_panel.cpp(555,6): error C2653: 'OverviewPanel': is not a class or
 namespace name [C:\GIT PROJECTS\EVEOFFLINE\cpp_client\build_vs\eve_client.vcxproj]
C:\GIT PROJECTS\EVEOFFLINE\cpp_client\src\ui\overview_panel.cpp(556,15): error C2065: 'm_savedFilters': undeclared iden
tifier [C:\GIT PROJECTS\EVEOFFLINE\cpp_client\build_vs\eve_client.vcxproj]
C:\GIT PROJECTS\EVEOFFLINE\cpp_client\src\ui\overview_panel.cpp(557,9): error C3536: 'it': cannot be used before it is
initialized [C:\GIT PROJECTS\EVEOFFLINE\cpp_client\build_vs\eve_client.vcxproj]
C:\GIT PROJECTS\EVEOFFLINE\cpp_client\src\ui\overview_panel.cpp(557,15): error C2065: 'm_savedFilters': undeclared iden
tifier [C:\GIT PROJECTS\EVEOFFLINE\cpp_client\build_vs\eve_client.vcxproj]
C:\GIT PROJECTS\EVEOFFLINE\cpp_client\src\ui\overview_panel.cpp(562,6): error C2653: 'OverviewPanel': is not a class or
 namespace name [C:\GIT PROJECTS\EVEOFFLINE\cpp_client\build_vs\eve_client.vcxproj]
C:\GIT PROJECTS\EVEOFFLINE\cpp_client\src\ui\overview_panel.cpp(562,35): error C2065: 'OverviewSortColumn': undeclared
identifier [C:\GIT PROJECTS\EVEOFFLINE\cpp_client\build_vs\eve_client.vcxproj]
C:\GIT PROJECTS\EVEOFFLINE\cpp_client\src\ui\overview_panel.cpp(562,54): error C2146: syntax error: missing ')' before
identifier 'column' [C:\GIT PROJECTS\EVEOFFLINE\cpp_client\build_vs\eve_client.vcxproj]
C:\GIT PROJECTS\EVEOFFLINE\cpp_client\src\ui\overview_panel.cpp(562,78): error C2143: syntax error: missing ';' before
'{' [C:\GIT PROJECTS\EVEOFFLINE\cpp_client\build_vs\eve_client.vcxproj]
C:\GIT PROJECTS\EVEOFFLINE\cpp_client\src\ui\overview_panel.cpp(562,78): error C2447: '{': missing function header (old
-style formal list?) [C:\GIT PROJECTS\EVEOFFLINE\cpp_client\build_vs\eve_client.vcxproj]
C:\GIT PROJECTS\EVEOFFLINE\cpp_client\src\ui\overview_panel.cpp(568,6): error C2653: 'OverviewPanel': is not a class or
 namespace name [C:\GIT PROJECTS\EVEOFFLINE\cpp_client\build_vs\eve_client.vcxproj]
C:\GIT PROJECTS\EVEOFFLINE\cpp_client\src\ui\overview_panel.cpp(570,5): error C3861: 'RenderFilterTabs': identifier not
 found [C:\GIT PROJECTS\EVEOFFLINE\cpp_client\build_vs\eve_client.vcxproj]
C:\GIT PROJECTS\EVEOFFLINE\cpp_client\src\ui\overview_panel.cpp(585,9): error C3861: 'RenderTableHeader': identifier no
t found [C:\GIT PROJECTS\EVEOFFLINE\cpp_client\build_vs\eve_client.vcxproj]
C:\GIT PROJECTS\EVEOFFLINE\cpp_client\src\ui\overview_panel.cpp(588,32): error C2065: 'm_filteredEntries': undeclared i
dentifier [C:\GIT PROJECTS\EVEOFFLINE\cpp_client\build_vs\eve_client.vcxproj]
C:\GIT PROJECTS\EVEOFFLINE\cpp_client\src\ui\overview_panel.cpp(589,29): error C2065: 'm_filteredEntries': undeclared i
dentifier [C:\GIT PROJECTS\EVEOFFLINE\cpp_client\build_vs\eve_client.vcxproj]
C:\GIT PROJECTS\EVEOFFLINE\cpp_client\src\ui\overview_panel.cpp(589,13): error C3861: 'RenderEntityRow': identifier not
 found [C:\GIT PROJECTS\EVEOFFLINE\cpp_client\build_vs\eve_client.vcxproj]
C:\GIT PROJECTS\EVEOFFLINE\cpp_client\src\ui\overview_panel.cpp(596,1): error C2059: syntax error: '}' [C:\GIT PROJECTS
\EVEOFFLINE\cpp_client\build_vs\eve_client.vcxproj]
C:\GIT PROJECTS\EVEOFFLINE\cpp_client\src\ui\overview_panel.cpp(596,1): error C2143: syntax error: missing ';' before '
}' [C:\GIT PROJECTS\EVEOFFLINE\cpp_client\build_vs\eve_client.vcxproj]
  docking_manager.cpp
  market_panel.cpp
  overview_panel.cpp
  overview_panel.cpp
  audio_manager.cpp
C:\GIT PROJECTS\EVEOFFLINE\cpp_client\src\ui\overview_panel.cpp(434,18): error C4430: missing type specifier - int assu
med. Note: C++ does not support default-int [C:\GIT PROJECTS\EVEOFFLINE\cpp_client\build_vs\test_phase46_advanced.vcxpr
oj]
C:\GIT PROJECTS\EVEOFFLINE\cpp_client\src\ui\overview_panel.cpp(435,18): error C4430: missing type specifier - int assu
med. Note: C++ does not support default-int [C:\GIT PROJECTS\EVEOFFLINE\cpp_client\build_vs\test_phase46_advanced.vcxpr
oj]
C:\GIT PROJECTS\EVEOFFLINE\cpp_client\src\ui\overview_panel.cpp(438,6): error C2653: 'OverviewPanel': is not a class or
 namespace name [C:\GIT PROJECTS\EVEOFFLINE\cpp_client\build_vs\test_phase46_advanced.vcxproj]
C:\GIT PROJECTS\EVEOFFLINE\cpp_client\src\ui\overview_panel.cpp(439,5): error C2065: 'm_filteredEntries': undeclared id
entifier [C:\GIT PROJECTS\EVEOFFLINE\cpp_client\build_vs\test_phase46_advanced.vcxproj]
C:\GIT PROJECTS\EVEOFFLINE\cpp_client\src\ui\overview_panel.cpp(441,30): error C2065: 'm_entries': undeclared identifie
r [C:\GIT PROJECTS\EVEOFFLINE\cpp_client\build_vs\test_phase46_advanced.vcxproj]
C:\GIT PROJECTS\EVEOFFLINE\cpp_client\src\ui\overview_panel.cpp(441,5): error C2530: 'entry': references must be initia
lized [C:\GIT PROJECTS\EVEOFFLINE\cpp_client\build_vs\test_phase46_advanced.vcxproj]
C:\GIT PROJECTS\EVEOFFLINE\cpp_client\src\ui\overview_panel.cpp(441,5): error C3531: 'entry': a symbol whose type conta
ins 'auto' must have an initializer [C:\GIT PROJECTS\EVEOFFLINE\cpp_client\build_vs\test_phase46_advanced.vcxproj]
C:\GIT PROJECTS\EVEOFFLINE\cpp_client\src\ui\overview_panel.cpp(441,28): error C2143: syntax error: missing ';' before
':' [C:\GIT PROJECTS\EVEOFFLINE\cpp_client\build_vs\test_phase46_advanced.vcxproj]
C:\GIT PROJECTS\EVEOFFLINE\cpp_client\src\ui\overview_panel.cpp(441,39): error C2143: syntax error: missing ';' before
')' [C:\GIT PROJECTS\EVEOFFLINE\cpp_client\build_vs\test_phase46_advanced.vcxproj]
C:\GIT PROJECTS\EVEOFFLINE\cpp_client\src\ui\overview_panel.cpp(444,35): error C2065: 'm_currentFilter': undeclared ide
ntifier [C:\GIT PROJECTS\EVEOFFLINE\cpp_client\build_vs\test_phase46_advanced.vcxproj]
C:\GIT PROJECTS\EVEOFFLINE\cpp_client\src\ui\overview_panel.cpp(446,42): error C2065: 'm_currentFilter': undeclared ide
ntifier [C:\GIT PROJECTS\EVEOFFLINE\cpp_client\build_vs\test_phase46_advanced.vcxproj]
C:\GIT PROJECTS\EVEOFFLINE\cpp_client\src\ui\overview_panel.cpp(448,43): error C2065: 'm_currentFilter': undeclared ide
ntifier [C:\GIT PROJECTS\EVEOFFLINE\cpp_client\build_vs\test_phase46_advanced.vcxproj]
C:\GIT PROJECTS\EVEOFFLINE\cpp_client\src\ui\overview_panel.cpp(455,33): error C2065: 'm_currentFilter': undeclared ide
ntifier [C:\GIT PROJECTS\EVEOFFLINE\cpp_client\build_vs\test_phase46_advanced.vcxproj]
C:\GIT PROJECTS\EVEOFFLINE\cpp_client\src\ui\overview_panel.cpp(456,34): error C2065: 'm_currentFilter': undeclared ide
ntifier [C:\GIT PROJECTS\EVEOFFLINE\cpp_client\build_vs\test_phase46_advanced.vcxproj]
C:\GIT PROJECTS\EVEOFFLINE\cpp_client\src\ui\overview_panel.cpp(459,13): error C2065: 'm_currentFilter': undeclared ide
ntifier [C:\GIT PROJECTS\EVEOFFLINE\cpp_client\build_vs\test_phase46_advanced.vcxproj]
C:\GIT PROJECTS\EVEOFFLINE\cpp_client\src\ui\overview_panel.cpp(461,31): error C2065: 'm_currentFilter': undeclared ide
ntifier [C:\GIT PROJECTS\EVEOFFLINE\cpp_client\build_vs\test_phase46_advanced.vcxproj]
C:\GIT PROJECTS\EVEOFFLINE\cpp_client\src\ui\overview_panel.cpp(465,14): error C2065: 'm_currentFilter': undeclared ide
ntifier [C:\GIT PROJECTS\EVEOFFLINE\cpp_client\build_vs\test_phase46_advanced.vcxproj]
C:\GIT PROJECTS\EVEOFFLINE\cpp_client\src\ui\overview_panel.cpp(467,37): error C2065: 'm_currentFilter': undeclared ide
ntifier [C:\GIT PROJECTS\EVEOFFLINE\cpp_client\build_vs\test_phase46_advanced.vcxproj]
C:\GIT PROJECTS\EVEOFFLINE\cpp_client\src\ui\overview_panel.cpp(467,13): error C2530: 'type': references must be initia
lized [C:\GIT PROJECTS\EVEOFFLINE\cpp_client\build_vs\test_phase46_advanced.vcxproj]
C:\GIT PROJECTS\EVEOFFLINE\cpp_client\src\ui\overview_panel.cpp(467,13): error C3531: 'type': a symbol whose type conta
ins 'auto' must have an initializer [C:\GIT PROJECTS\EVEOFFLINE\cpp_client\build_vs\test_phase46_advanced.vcxproj]
C:\GIT PROJECTS\EVEOFFLINE\cpp_client\src\ui\overview_panel.cpp(467,35): error C2143: syntax error: missing ';' before
':' [C:\GIT PROJECTS\EVEOFFLINE\cpp_client\build_vs\test_phase46_advanced.vcxproj]
C:\GIT PROJECTS\EVEOFFLINE\cpp_client\src\ui\overview_panel.cpp(467,68): error C2143: syntax error: missing ';' before
')' [C:\GIT PROJECTS\EVEOFFLINE\cpp_client\build_vs\test_phase46_advanced.vcxproj]
C:\GIT PROJECTS\EVEOFFLINE\cpp_client\src\ui\overview_panel.cpp(476,9): error C2065: 'm_filteredEntries': undeclared id
entifier [C:\GIT PROJECTS\EVEOFFLINE\cpp_client\build_vs\test_phase46_advanced.vcxproj]
C:\GIT PROJECTS\EVEOFFLINE\cpp_client\src\ui\overview_panel.cpp(480,6): error C2653: 'OverviewPanel': is not a class or
 namespace name [C:\GIT PROJECTS\EVEOFFLINE\cpp_client\build_vs\test_phase46_advanced.vcxproj]
C:\GIT PROJECTS\EVEOFFLINE\cpp_client\src\ui\overview_panel.cpp(481,9): error C2065: 'm_sortColumn': undeclared identif
ier [C:\GIT PROJECTS\EVEOFFLINE\cpp_client\build_vs\test_phase46_advanced.vcxproj]
C:\GIT PROJECTS\EVEOFFLINE\cpp_client\src\ui\overview_panel.cpp(481,25): error C2653: 'OverviewSortColumn': is not a cl
ass or namespace name [C:\GIT PROJECTS\EVEOFFLINE\cpp_client\build_vs\test_phase46_advanced.vcxproj]
C:\GIT PROJECTS\EVEOFFLINE\cpp_client\src\ui\overview_panel.cpp(481,45): error C2065: 'NONE': undeclared identifier [C:
\GIT PROJECTS\EVEOFFLINE\cpp_client\build_vs\test_phase46_advanced.vcxproj]
C:\GIT PROJECTS\EVEOFFLINE\cpp_client\src\ui\overview_panel.cpp(483,15): error C2065: 'm_filteredEntries': undeclared i
dentifier [C:\GIT PROJECTS\EVEOFFLINE\cpp_client\build_vs\test_phase46_advanced.vcxproj]
C:\GIT PROJECTS\EVEOFFLINE\cpp_client\src\ui\overview_panel.cpp(483,42): error C2065: 'm_filteredEntries': undeclared i
dentifier [C:\GIT PROJECTS\EVEOFFLINE\cpp_client\build_vs\test_phase46_advanced.vcxproj]
C:\GIT PROJECTS\EVEOFFLINE\cpp_client\src\ui\overview_panel.cpp(484,10): error C3482: 'this' can only be used as a lamb
da capture within a non-static member function [C:\GIT PROJECTS\EVEOFFLINE\cpp_client\build_vs\test_phase46_advanced.vc
xproj]
C:\GIT PROJECTS\EVEOFFLINE\cpp_client\src\ui\overview_panel.cpp(484,35): error C4430: missing type specifier - int assu
med. Note: C++ does not support default-int [C:\GIT PROJECTS\EVEOFFLINE\cpp_client\build_vs\test_phase46_advanced.vcxpr
oj]
C:\GIT PROJECTS\EVEOFFLINE\cpp_client\src\ui\overview_panel.cpp(484,35): error C2143: syntax error: missing ',' before
'&' [C:\GIT PROJECTS\EVEOFFLINE\cpp_client\build_vs\test_phase46_advanced.vcxproj]
C:\GIT PROJECTS\EVEOFFLINE\cpp_client\src\ui\overview_panel.cpp(487,21): error C2065: 'm_sortColumn': undeclared identi
fier [C:\GIT PROJECTS\EVEOFFLINE\cpp_client\build_vs\test_phase46_advanced.vcxproj]
C:\GIT PROJECTS\EVEOFFLINE\cpp_client\src\ui\overview_panel.cpp(487,1): error C2050: switch expression not integral [C:
\GIT PROJECTS\EVEOFFLINE\cpp_client\build_vs\test_phase46_advanced.vcxproj]
C:\GIT PROJECTS\EVEOFFLINE\cpp_client\src\ui\overview_panel.cpp(488,22): error C2653: 'OverviewSortColumn': is not a cl
ass or namespace name [C:\GIT PROJECTS\EVEOFFLINE\cpp_client\build_vs\test_phase46_advanced.vcxproj]
C:\GIT PROJECTS\EVEOFFLINE\cpp_client\src\ui\overview_panel.cpp(488,42): error C2065: 'NAME': undeclared identifier [C:
\GIT PROJECTS\EVEOFFLINE\cpp_client\build_vs\test_phase46_advanced.vcxproj]
C:\GIT PROJECTS\EVEOFFLINE\cpp_client\src\ui\overview_panel.cpp(489,28): error C2065: 'a': undeclared identifier [C:\GI
T PROJECTS\EVEOFFLINE\cpp_client\build_vs\test_phase46_advanced.vcxproj]
C:\GIT PROJECTS\EVEOFFLINE\cpp_client\src\ui\overview_panel.cpp(489,37): error C2065: 'b': undeclared identifier [C:\GI
T PROJECTS\EVEOFFLINE\cpp_client\build_vs\test_phase46_advanced.vcxproj]
C:\GIT PROJECTS\EVEOFFLINE\cpp_client\src\ui\overview_panel.cpp(491,22): error C2653: 'OverviewSortColumn': is not a cl
ass or namespace name [C:\GIT PROJECTS\EVEOFFLINE\cpp_client\build_vs\test_phase46_advanced.vcxproj]
C:\GIT PROJECTS\EVEOFFLINE\cpp_client\src\ui\overview_panel.cpp(491,42): error C2065: 'DISTANCE': undeclared identifier
 [C:\GIT PROJECTS\EVEOFFLINE\cpp_client\build_vs\test_phase46_advanced.vcxproj]
C:\GIT PROJECTS\EVEOFFLINE\cpp_client\src\ui\overview_panel.cpp(492,28): error C2065: 'a': undeclared identifier [C:\GI
T PROJECTS\EVEOFFLINE\cpp_client\build_vs\test_phase46_advanced.vcxproj]
C:\GIT PROJECTS\EVEOFFLINE\cpp_client\src\ui\overview_panel.cpp(492,41): error C2065: 'b': undeclared identifier [C:\GI
T PROJECTS\EVEOFFLINE\cpp_client\build_vs\test_phase46_advanced.vcxproj]
C:\GIT PROJECTS\EVEOFFLINE\cpp_client\src\ui\overview_panel.cpp(494,22): error C2653: 'OverviewSortColumn': is not a cl
ass or namespace name [C:\GIT PROJECTS\EVEOFFLINE\cpp_client\build_vs\test_phase46_advanced.vcxproj]
C:\GIT PROJECTS\EVEOFFLINE\cpp_client\src\ui\overview_panel.cpp(494,42): error C2065: 'TYPE': undeclared identifier [C:
\GIT PROJECTS\EVEOFFLINE\cpp_client\build_vs\test_phase46_advanced.vcxproj]
C:\GIT PROJECTS\EVEOFFLINE\cpp_client\src\ui\overview_panel.cpp(495,28): error C2065: 'a': undeclared identifier [C:\GI
T PROJECTS\EVEOFFLINE\cpp_client\build_vs\test_phase46_advanced.vcxproj]
C:\GIT PROJECTS\EVEOFFLINE\cpp_client\src\ui\overview_panel.cpp(495,42): error C2065: 'b': undeclared identifier [C:\GI
T PROJECTS\EVEOFFLINE\cpp_client\build_vs\test_phase46_advanced.vcxproj]
C:\GIT PROJECTS\EVEOFFLINE\cpp_client\src\ui\overview_panel.cpp(497,22): error C2653: 'OverviewSortColumn': is not a cl
ass or namespace name [C:\GIT PROJECTS\EVEOFFLINE\cpp_client\build_vs\test_phase46_advanced.vcxproj]
C:\GIT PROJECTS\EVEOFFLINE\cpp_client\src\ui\overview_panel.cpp(497,42): error C2065: 'CORPORATION': undeclared identif
ier [C:\GIT PROJECTS\EVEOFFLINE\cpp_client\build_vs\test_phase46_advanced.vcxproj]
C:\GIT PROJECTS\EVEOFFLINE\cpp_client\src\ui\overview_panel.cpp(498,28): error C2065: 'a': undeclared identifier [C:\GI
T PROJECTS\EVEOFFLINE\cpp_client\build_vs\test_phase46_advanced.vcxproj]
C:\GIT PROJECTS\EVEOFFLINE\cpp_client\src\ui\overview_panel.cpp(498,44): error C2065: 'b': undeclared identifier [C:\GI
T PROJECTS\EVEOFFLINE\cpp_client\build_vs\test_phase46_advanced.vcxproj]
C:\GIT PROJECTS\EVEOFFLINE\cpp_client\src\ui\overview_panel.cpp(500,22): error C2653: 'OverviewSortColumn': is not a cl
ass or namespace name [C:\GIT PROJECTS\EVEOFFLINE\cpp_client\build_vs\test_phase46_advanced.vcxproj]
C:\GIT PROJECTS\EVEOFFLINE\cpp_client\src\ui\overview_panel.cpp(500,42): error C2065: 'STANDING': undeclared identifier
 [C:\GIT PROJECTS\EVEOFFLINE\cpp_client\build_vs\test_phase46_advanced.vcxproj]
C:\GIT PROJECTS\EVEOFFLINE\cpp_client\src\ui\overview_panel.cpp(501,28): error C2065: 'a': undeclared identifier [C:\GI
T PROJECTS\EVEOFFLINE\cpp_client\build_vs\test_phase46_advanced.vcxproj]
C:\GIT PROJECTS\EVEOFFLINE\cpp_client\src\ui\overview_panel.cpp(501,41): error C2065: 'b': undeclared identifier [C:\GI
T PROJECTS\EVEOFFLINE\cpp_client\build_vs\test_phase46_advanced.vcxproj]
C:\GIT PROJECTS\EVEOFFLINE\cpp_client\src\ui\overview_panel.cpp(507,20): error C2065: 'm_sortAscending': undeclared ide
ntifier [C:\GIT PROJECTS\EVEOFFLINE\cpp_client\build_vs\test_phase46_advanced.vcxproj]
C:\GIT PROJECTS\EVEOFFLINE\cpp_client\src\ui\overview_panel.cpp(488,17): error C2051: case expression not constant [C:\
GIT PROJECTS\EVEOFFLINE\cpp_client\build_vs\test_phase46_advanced.vcxproj]
C:\GIT PROJECTS\EVEOFFLINE\cpp_client\src\ui\overview_panel.cpp(491,17): error C2051: case expression not constant [C:\
GIT PROJECTS\EVEOFFLINE\cpp_client\build_vs\test_phase46_advanced.vcxproj]
C:\GIT PROJECTS\EVEOFFLINE\cpp_client\src\ui\overview_panel.cpp(494,17): error C2051: case expression not constant [C:\
GIT PROJECTS\EVEOFFLINE\cpp_client\build_vs\test_phase46_advanced.vcxproj]
C:\GIT PROJECTS\EVEOFFLINE\cpp_client\src\ui\overview_panel.cpp(497,17): error C2051: case expression not constant [C:\
GIT PROJECTS\EVEOFFLINE\cpp_client\build_vs\test_phase46_advanced.vcxproj]
C:\GIT PROJECTS\EVEOFFLINE\cpp_client\src\ui\overview_panel.cpp(500,17): error C2051: case expression not constant [C:\
GIT PROJECTS\EVEOFFLINE\cpp_client\build_vs\test_phase46_advanced.vcxproj]
C:\GIT PROJECTS\EVEOFFLINE\cpp_client\src\ui\overview_panel.cpp(483,10): error C2672: 'std::sort': no matching overload
ed function found [C:\GIT PROJECTS\EVEOFFLINE\cpp_client\build_vs\test_phase46_advanced.vcxproj]
      C:\Program Files\Microsoft Visual Studio\2022\Community\VC\Tools\MSVC\14.38.33130\include\algorithm(8094,6):
      could be 'void std::sort(_ExPo &&,const _RanIt,const _RanIt) noexcept'
          C:\GIT PROJECTS\EVEOFFLINE\cpp_client\src\ui\overview_panel.cpp(483,10):
          'void std::sort(_ExPo &&,const _RanIt,const _RanIt) noexcept': expects 3 arguments - 2 provided
      C:\Program Files\Microsoft Visual Studio\2022\Community\VC\Tools\MSVC\14.38.33130\include\algorithm(8091,6):
      or       'void std::sort(_ExPo &&,_RanIt,_RanIt,_Pr) noexcept'
          C:\GIT PROJECTS\EVEOFFLINE\cpp_client\src\ui\overview_panel.cpp(483,10):
          'void std::sort(_ExPo &&,_RanIt,_RanIt,_Pr) noexcept': expects 4 arguments - 2 provided
      C:\Program Files\Microsoft Visual Studio\2022\Community\VC\Tools\MSVC\14.38.33130\include\algorithm(8085,19):
      or       'void std::sort(const _RanIt,const _RanIt)'
      C:\Program Files\Microsoft Visual Studio\2022\Community\VC\Tools\MSVC\14.38.33130\include\algorithm(8077,19):
      or       'void std::sort(const _RanIt,const _RanIt,_Pr)'
          C:\GIT PROJECTS\EVEOFFLINE\cpp_client\src\ui\overview_panel.cpp(483,10):
          'void std::sort(const _RanIt,const _RanIt,_Pr)': expects 3 arguments - 2 provided

C:\GIT PROJECTS\EVEOFFLINE\cpp_client\src\ui\overview_panel.cpp(511,13): error C2653: 'OverviewPanel': is not a class o
r namespace name [C:\GIT PROJECTS\EVEOFFLINE\cpp_client\build_vs\test_phase46_advanced.vcxproj]
C:\GIT PROJECTS\EVEOFFLINE\cpp_client\src\ui\overview_panel.cpp(511,28): error C2270: 'FormatDistance': modifiers not a
llowed on nonmember functions [C:\GIT PROJECTS\EVEOFFLINE\cpp_client\build_vs\test_phase46_advanced.vcxproj]
C:\GIT PROJECTS\EVEOFFLINE\cpp_client\src\ui\overview_panel.cpp(530,6): error C2653: 'OverviewPanel': is not a class or
 namespace name [C:\GIT PROJECTS\EVEOFFLINE\cpp_client\build_vs\test_phase46_advanced.vcxproj]
C:\GIT PROJECTS\EVEOFFLINE\cpp_client\src\ui\overview_panel.cpp(530,21): error C2270: 'GetStandingColor': modifiers not
 allowed on nonmember functions [C:\GIT PROJECTS\EVEOFFLINE\cpp_client\build_vs\test_phase46_advanced.vcxproj]
C:\GIT PROJECTS\EVEOFFLINE\cpp_client\src\ui\overview_panel.cpp(543,6): error C2653: 'OverviewPanel': is not a class or
 namespace name [C:\GIT PROJECTS\EVEOFFLINE\cpp_client\build_vs\test_phase46_advanced.vcxproj]
C:\GIT PROJECTS\EVEOFFLINE\cpp_client\src\ui\overview_panel.cpp(543,51): error C4430: missing type specifier - int assu
med. Note: C++ does not support default-int [C:\GIT PROJECTS\EVEOFFLINE\cpp_client\build_vs\test_phase46_advanced.vcxpr
oj]
C:\GIT PROJECTS\EVEOFFLINE\cpp_client\src\ui\overview_panel.cpp(543,51): error C2143: syntax error: missing ',' before
'&' [C:\GIT PROJECTS\EVEOFFLINE\cpp_client\build_vs\test_phase46_advanced.vcxproj]
C:\GIT PROJECTS\EVEOFFLINE\cpp_client\src\ui\overview_panel.cpp(544,5): error C2065: 'm_currentFilter': undeclared iden
tifier [C:\GIT PROJECTS\EVEOFFLINE\cpp_client\build_vs\test_phase46_advanced.vcxproj]
C:\GIT PROJECTS\EVEOFFLINE\cpp_client\src\ui\overview_panel.cpp(544,23): error C2065: 'filter': undeclared identifier [
C:\GIT PROJECTS\EVEOFFLINE\cpp_client\build_vs\test_phase46_advanced.vcxproj]
C:\GIT PROJECTS\EVEOFFLINE\cpp_client\src\ui\overview_panel.cpp(549,6): error C2653: 'OverviewPanel': is not a class or
 namespace name [C:\GIT PROJECTS\EVEOFFLINE\cpp_client\build_vs\test_phase46_advanced.vcxproj]
C:\GIT PROJECTS\EVEOFFLINE\cpp_client\src\ui\overview_panel.cpp(549,76): error C4430: missing type specifier - int assu
med. Note: C++ does not support default-int [C:\GIT PROJECTS\EVEOFFLINE\cpp_client\build_vs\test_phase46_advanced.vcxpr
oj]
C:\GIT PROJECTS\EVEOFFLINE\cpp_client\src\ui\overview_panel.cpp(549,76): error C2143: syntax error: missing ',' before
'&' [C:\GIT PROJECTS\EVEOFFLINE\cpp_client\build_vs\test_phase46_advanced.vcxproj]
C:\GIT PROJECTS\EVEOFFLINE\cpp_client\src\ui\overview_panel.cpp(550,20): error C2146: syntax error: missing ';' before
identifier 'newFilter' [C:\GIT PROJECTS\EVEOFFLINE\cpp_client\build_vs\test_phase46_advanced.vcxproj]
C:\GIT PROJECTS\EVEOFFLINE\cpp_client\src\ui\overview_panel.cpp(550,20): error C2065: 'newFilter': undeclared identifie
r [C:\GIT PROJECTS\EVEOFFLINE\cpp_client\build_vs\test_phase46_advanced.vcxproj]
C:\GIT PROJECTS\EVEOFFLINE\cpp_client\src\ui\overview_panel.cpp(550,32): error C2065: 'filter': undeclared identifier [
C:\GIT PROJECTS\EVEOFFLINE\cpp_client\build_vs\test_phase46_advanced.vcxproj]
C:\GIT PROJECTS\EVEOFFLINE\cpp_client\src\ui\overview_panel.cpp(551,5): error C2065: 'newFilter': undeclared identifier
 [C:\GIT PROJECTS\EVEOFFLINE\cpp_client\build_vs\test_phase46_advanced.vcxproj]
C:\GIT PROJECTS\EVEOFFLINE\cpp_client\src\ui\overview_panel.cpp(552,5): error C2065: 'm_savedFilters': undeclared ident
ifier [C:\GIT PROJECTS\EVEOFFLINE\cpp_client\build_vs\test_phase46_advanced.vcxproj]
C:\GIT PROJECTS\EVEOFFLINE\cpp_client\src\ui\overview_panel.cpp(552,28): error C2065: 'newFilter': undeclared identifie
r [C:\GIT PROJECTS\EVEOFFLINE\cpp_client\build_vs\test_phase46_advanced.vcxproj]
C:\GIT PROJECTS\EVEOFFLINE\cpp_client\src\ui\overview_panel.cpp(555,6): error C2653: 'OverviewPanel': is not a class or
 namespace name [C:\GIT PROJECTS\EVEOFFLINE\cpp_client\build_vs\test_phase46_advanced.vcxproj]
C:\GIT PROJECTS\EVEOFFLINE\cpp_client\src\ui\overview_panel.cpp(556,15): error C2065: 'm_savedFilters': undeclared iden
tifier [C:\GIT PROJECTS\EVEOFFLINE\cpp_client\build_vs\test_phase46_advanced.vcxproj]
C:\GIT PROJECTS\EVEOFFLINE\cpp_client\src\ui\overview_panel.cpp(557,9): error C3536: 'it': cannot be used before it is
initialized [C:\GIT PROJECTS\EVEOFFLINE\cpp_client\build_vs\test_phase46_advanced.vcxproj]
C:\GIT PROJECTS\EVEOFFLINE\cpp_client\src\ui\overview_panel.cpp(557,15): error C2065: 'm_savedFilters': undeclared iden
tifier [C:\GIT PROJECTS\EVEOFFLINE\cpp_client\build_vs\test_phase46_advanced.vcxproj]
C:\GIT PROJECTS\EVEOFFLINE\cpp_client\src\ui\overview_panel.cpp(562,6): error C2653: 'OverviewPanel': is not a class or
 namespace name [C:\GIT PROJECTS\EVEOFFLINE\cpp_client\build_vs\test_phase46_advanced.vcxproj]
C:\GIT PROJECTS\EVEOFFLINE\cpp_client\src\ui\overview_panel.cpp(562,35): error C2065: 'OverviewSortColumn': undeclared
identifier [C:\GIT PROJECTS\EVEOFFLINE\cpp_client\build_vs\test_phase46_advanced.vcxproj]
C:\GIT PROJECTS\EVEOFFLINE\cpp_client\src\ui\overview_panel.cpp(562,54): error C2146: syntax error: missing ')' before
identifier 'column' [C:\GIT PROJECTS\EVEOFFLINE\cpp_client\build_vs\test_phase46_advanced.vcxproj]
C:\GIT PROJECTS\EVEOFFLINE\cpp_client\src\ui\overview_panel.cpp(562,78): error C2143: syntax error: missing ';' before
'{' [C:\GIT PROJECTS\EVEOFFLINE\cpp_client\build_vs\test_phase46_advanced.vcxproj]
C:\GIT PROJECTS\EVEOFFLINE\cpp_client\src\ui\overview_panel.cpp(562,78): error C2447: '{': missing function header (old
-style formal list?) [C:\GIT PROJECTS\EVEOFFLINE\cpp_client\build_vs\test_phase46_advanced.vcxproj]
C:\GIT PROJECTS\EVEOFFLINE\cpp_client\src\ui\overview_panel.cpp(568,6): error C2653: 'OverviewPanel': is not a class or
 namespace name [C:\GIT PROJECTS\EVEOFFLINE\cpp_client\build_vs\test_phase46_advanced.vcxproj]
C:\GIT PROJECTS\EVEOFFLINE\cpp_client\src\ui\overview_panel.cpp(570,5): error C3861: 'RenderFilterTabs': identifier not
 found [C:\GIT PROJECTS\EVEOFFLINE\cpp_client\build_vs\test_phase46_advanced.vcxproj]
C:\GIT PROJECTS\EVEOFFLINE\cpp_client\src\ui\overview_panel.cpp(585,9): error C3861: 'RenderTableHeader': identifier no
t found [C:\GIT PROJECTS\EVEOFFLINE\cpp_client\build_vs\test_phase46_advanced.vcxproj]
C:\GIT PROJECTS\EVEOFFLINE\cpp_client\src\ui\overview_panel.cpp(588,32): error C2065: 'm_filteredEntries': undeclared i
dentifier [C:\GIT PROJECTS\EVEOFFLINE\cpp_client\build_vs\test_phase46_advanced.vcxproj]
C:\GIT PROJECTS\EVEOFFLINE\cpp_client\src\ui\overview_panel.cpp(589,29): error C2065: 'm_filteredEntries': undeclared i
dentifier [C:\GIT PROJECTS\EVEOFFLINE\cpp_client\build_vs\test_phase46_advanced.vcxproj]
C:\GIT PROJECTS\EVEOFFLINE\cpp_client\src\ui\overview_panel.cpp(589,13): error C3861: 'RenderEntityRow': identifier not
 found [C:\GIT PROJECTS\EVEOFFLINE\cpp_client\build_vs\test_phase46_advanced.vcxproj]
C:\GIT PROJECTS\EVEOFFLINE\cpp_client\src\ui\overview_panel.cpp(596,1): error C2059: syntax error: '}' [C:\GIT PROJECTS
\EVEOFFLINE\cpp_client\build_vs\test_phase46_advanced.vcxproj]
C:\GIT PROJECTS\EVEOFFLINE\cpp_client\src\ui\overview_panel.cpp(596,1): error C2143: syntax error: missing ';' before '
}' [C:\GIT PROJECTS\EVEOFFLINE\cpp_client\build_vs\test_phase46_advanced.vcxproj]
  docking_manager.cpp
C:\GIT PROJECTS\EVEOFFLINE\cpp_client\src\ui\overview_panel.cpp(434,18): error C4430: missing type specifier - int assu
med. Note: C++ does not support default-int [C:\GIT PROJECTS\EVEOFFLINE\cpp_client\build_vs\test_enhanced_ui.vcxproj]
C:\GIT PROJECTS\EVEOFFLINE\cpp_client\src\ui\overview_panel.cpp(435,18): error C4430: missing type specifier - int assu
med. Note: C++ does not support default-int [C:\GIT PROJECTS\EVEOFFLINE\cpp_client\build_vs\test_enhanced_ui.vcxproj]
C:\GIT PROJECTS\EVEOFFLINE\cpp_client\src\ui\overview_panel.cpp(438,6): error C2653: 'OverviewPanel': is not a class or
 namespace name [C:\GIT PROJECTS\EVEOFFLINE\cpp_client\build_vs\test_enhanced_ui.vcxproj]
C:\GIT PROJECTS\EVEOFFLINE\cpp_client\src\ui\overview_panel.cpp(439,5): error C2065: 'm_filteredEntries': undeclared id
entifier [C:\GIT PROJECTS\EVEOFFLINE\cpp_client\build_vs\test_enhanced_ui.vcxproj]
C:\GIT PROJECTS\EVEOFFLINE\cpp_client\src\ui\overview_panel.cpp(441,30): error C2065: 'm_entries': undeclared identifie
r [C:\GIT PROJECTS\EVEOFFLINE\cpp_client\build_vs\test_enhanced_ui.vcxproj]
C:\GIT PROJECTS\EVEOFFLINE\cpp_client\src\ui\overview_panel.cpp(441,5): error C2530: 'entry': references must be initia
lized [C:\GIT PROJECTS\EVEOFFLINE\cpp_client\build_vs\test_enhanced_ui.vcxproj]
C:\GIT PROJECTS\EVEOFFLINE\cpp_client\src\ui\overview_panel.cpp(441,5): error C3531: 'entry': a symbol whose type conta
ins 'auto' must have an initializer [C:\GIT PROJECTS\EVEOFFLINE\cpp_client\build_vs\test_enhanced_ui.vcxproj]
C:\GIT PROJECTS\EVEOFFLINE\cpp_client\src\ui\overview_panel.cpp(441,28): error C2143: syntax error: missing ';' before
':' [C:\GIT PROJECTS\EVEOFFLINE\cpp_client\build_vs\test_enhanced_ui.vcxproj]
C:\GIT PROJECTS\EVEOFFLINE\cpp_client\src\ui\overview_panel.cpp(441,39): error C2143: syntax error: missing ';' before
')' [C:\GIT PROJECTS\EVEOFFLINE\cpp_client\build_vs\test_enhanced_ui.vcxproj]
C:\GIT PROJECTS\EVEOFFLINE\cpp_client\src\ui\overview_panel.cpp(444,35): error C2065: 'm_currentFilter': undeclared ide
ntifier [C:\GIT PROJECTS\EVEOFFLINE\cpp_client\build_vs\test_enhanced_ui.vcxproj]
C:\GIT PROJECTS\EVEOFFLINE\cpp_client\src\ui\overview_panel.cpp(446,42): error C2065: 'm_currentFilter': undeclared ide
ntifier [C:\GIT PROJECTS\EVEOFFLINE\cpp_client\build_vs\test_enhanced_ui.vcxproj]
C:\GIT PROJECTS\EVEOFFLINE\cpp_client\src\ui\overview_panel.cpp(448,43): error C2065: 'm_currentFilter': undeclared ide
ntifier [C:\GIT PROJECTS\EVEOFFLINE\cpp_client\build_vs\test_enhanced_ui.vcxproj]
C:\GIT PROJECTS\EVEOFFLINE\cpp_client\src\ui\overview_panel.cpp(455,33): error C2065: 'm_currentFilter': undeclared ide
ntifier [C:\GIT PROJECTS\EVEOFFLINE\cpp_client\build_vs\test_enhanced_ui.vcxproj]
C:\GIT PROJECTS\EVEOFFLINE\cpp_client\src\ui\overview_panel.cpp(456,34): error C2065: 'm_currentFilter': undeclared ide
ntifier [C:\GIT PROJECTS\EVEOFFLINE\cpp_client\build_vs\test_enhanced_ui.vcxproj]
C:\GIT PROJECTS\EVEOFFLINE\cpp_client\src\ui\overview_panel.cpp(459,13): error C2065: 'm_currentFilter': undeclared ide
ntifier [C:\GIT PROJECTS\EVEOFFLINE\cpp_client\build_vs\test_enhanced_ui.vcxproj]
C:\GIT PROJECTS\EVEOFFLINE\cpp_client\src\ui\overview_panel.cpp(461,31): error C2065: 'm_currentFilter': undeclared ide
ntifier [C:\GIT PROJECTS\EVEOFFLINE\cpp_client\build_vs\test_enhanced_ui.vcxproj]
C:\GIT PROJECTS\EVEOFFLINE\cpp_client\src\ui\overview_panel.cpp(465,14): error C2065: 'm_currentFilter': undeclared ide
ntifier [C:\GIT PROJECTS\EVEOFFLINE\cpp_client\build_vs\test_enhanced_ui.vcxproj]
C:\GIT PROJECTS\EVEOFFLINE\cpp_client\src\ui\overview_panel.cpp(467,37): error C2065: 'm_currentFilter': undeclared ide
ntifier [C:\GIT PROJECTS\EVEOFFLINE\cpp_client\build_vs\test_enhanced_ui.vcxproj]
C:\GIT PROJECTS\EVEOFFLINE\cpp_client\src\ui\overview_panel.cpp(467,13): error C2530: 'type': references must be initia
lized [C:\GIT PROJECTS\EVEOFFLINE\cpp_client\build_vs\test_enhanced_ui.vcxproj]
C:\GIT PROJECTS\EVEOFFLINE\cpp_client\src\ui\overview_panel.cpp(467,13): error C3531: 'type': a symbol whose type conta
ins 'auto' must have an initializer [C:\GIT PROJECTS\EVEOFFLINE\cpp_client\build_vs\test_enhanced_ui.vcxproj]
C:\GIT PROJECTS\EVEOFFLINE\cpp_client\src\ui\overview_panel.cpp(467,35): error C2143: syntax error: missing ';' before
':' [C:\GIT PROJECTS\EVEOFFLINE\cpp_client\build_vs\test_enhanced_ui.vcxproj]
C:\GIT PROJECTS\EVEOFFLINE\cpp_client\src\ui\overview_panel.cpp(467,68): error C2143: syntax error: missing ';' before
')' [C:\GIT PROJECTS\EVEOFFLINE\cpp_client\build_vs\test_enhanced_ui.vcxproj]
C:\GIT PROJECTS\EVEOFFLINE\cpp_client\src\ui\overview_panel.cpp(476,9): error C2065: 'm_filteredEntries': undeclared id
entifier [C:\GIT PROJECTS\EVEOFFLINE\cpp_client\build_vs\test_enhanced_ui.vcxproj]
C:\GIT PROJECTS\EVEOFFLINE\cpp_client\src\ui\overview_panel.cpp(480,6): error C2653: 'OverviewPanel': is not a class or
 namespace name [C:\GIT PROJECTS\EVEOFFLINE\cpp_client\build_vs\test_enhanced_ui.vcxproj]
C:\GIT PROJECTS\EVEOFFLINE\cpp_client\src\ui\overview_panel.cpp(481,9): error C2065: 'm_sortColumn': undeclared identif
ier [C:\GIT PROJECTS\EVEOFFLINE\cpp_client\build_vs\test_enhanced_ui.vcxproj]
C:\GIT PROJECTS\EVEOFFLINE\cpp_client\src\ui\overview_panel.cpp(481,25): error C2653: 'OverviewSortColumn': is not a cl
ass or namespace name [C:\GIT PROJECTS\EVEOFFLINE\cpp_client\build_vs\test_enhanced_ui.vcxproj]
C:\GIT PROJECTS\EVEOFFLINE\cpp_client\src\ui\overview_panel.cpp(481,45): error C2065: 'NONE': undeclared identifier [C:
\GIT PROJECTS\EVEOFFLINE\cpp_client\build_vs\test_enhanced_ui.vcxproj]
C:\GIT PROJECTS\EVEOFFLINE\cpp_client\src\ui\overview_panel.cpp(483,15): error C2065: 'm_filteredEntries': undeclared i
dentifier [C:\GIT PROJECTS\EVEOFFLINE\cpp_client\build_vs\test_enhanced_ui.vcxproj]
C:\GIT PROJECTS\EVEOFFLINE\cpp_client\src\ui\overview_panel.cpp(483,42): error C2065: 'm_filteredEntries': undeclared i
dentifier [C:\GIT PROJECTS\EVEOFFLINE\cpp_client\build_vs\test_enhanced_ui.vcxproj]
C:\GIT PROJECTS\EVEOFFLINE\cpp_client\src\ui\overview_panel.cpp(484,10): error C3482: 'this' can only be used as a lamb
da capture within a non-static member function [C:\GIT PROJECTS\EVEOFFLINE\cpp_client\build_vs\test_enhanced_ui.vcxproj
]
C:\GIT PROJECTS\EVEOFFLINE\cpp_client\src\ui\overview_panel.cpp(484,35): error C4430: missing type specifier - int assu
med. Note: C++ does not support default-int [C:\GIT PROJECTS\EVEOFFLINE\cpp_client\build_vs\test_enhanced_ui.vcxproj]
C:\GIT PROJECTS\EVEOFFLINE\cpp_client\src\ui\overview_panel.cpp(484,35): error C2143: syntax error: missing ',' before
'&' [C:\GIT PROJECTS\EVEOFFLINE\cpp_client\build_vs\test_enhanced_ui.vcxproj]
C:\GIT PROJECTS\EVEOFFLINE\cpp_client\src\ui\overview_panel.cpp(487,21): error C2065: 'm_sortColumn': undeclared identi
fier [C:\GIT PROJECTS\EVEOFFLINE\cpp_client\build_vs\test_enhanced_ui.vcxproj]
C:\GIT PROJECTS\EVEOFFLINE\cpp_client\src\ui\overview_panel.cpp(487,1): error C2050: switch expression not integral [C:
\GIT PROJECTS\EVEOFFLINE\cpp_client\build_vs\test_enhanced_ui.vcxproj]
C:\GIT PROJECTS\EVEOFFLINE\cpp_client\src\ui\overview_panel.cpp(488,22): error C2653: 'OverviewSortColumn': is not a cl
ass or namespace name [C:\GIT PROJECTS\EVEOFFLINE\cpp_client\build_vs\test_enhanced_ui.vcxproj]
C:\GIT PROJECTS\EVEOFFLINE\cpp_client\src\ui\overview_panel.cpp(488,42): error C2065: 'NAME': undeclared identifier [C:
\GIT PROJECTS\EVEOFFLINE\cpp_client\build_vs\test_enhanced_ui.vcxproj]
C:\GIT PROJECTS\EVEOFFLINE\cpp_client\src\ui\overview_panel.cpp(489,28): error C2065: 'a': undeclared identifier [C:\GI
T PROJECTS\EVEOFFLINE\cpp_client\build_vs\test_enhanced_ui.vcxproj]
C:\GIT PROJECTS\EVEOFFLINE\cpp_client\src\ui\overview_panel.cpp(489,37): error C2065: 'b': undeclared identifier [C:\GI
T PROJECTS\EVEOFFLINE\cpp_client\build_vs\test_enhanced_ui.vcxproj]
C:\GIT PROJECTS\EVEOFFLINE\cpp_client\src\ui\overview_panel.cpp(491,22): error C2653: 'OverviewSortColumn': is not a cl
ass or namespace name [C:\GIT PROJECTS\EVEOFFLINE\cpp_client\build_vs\test_enhanced_ui.vcxproj]
C:\GIT PROJECTS\EVEOFFLINE\cpp_client\src\ui\overview_panel.cpp(491,42): error C2065: 'DISTANCE': undeclared identifier
 [C:\GIT PROJECTS\EVEOFFLINE\cpp_client\build_vs\test_enhanced_ui.vcxproj]
C:\GIT PROJECTS\EVEOFFLINE\cpp_client\src\ui\overview_panel.cpp(492,28): error C2065: 'a': undeclared identifier [C:\GI
T PROJECTS\EVEOFFLINE\cpp_client\build_vs\test_enhanced_ui.vcxproj]
C:\GIT PROJECTS\EVEOFFLINE\cpp_client\src\ui\overview_panel.cpp(492,41): error C2065: 'b': undeclared identifier [C:\GI
T PROJECTS\EVEOFFLINE\cpp_client\build_vs\test_enhanced_ui.vcxproj]
C:\GIT PROJECTS\EVEOFFLINE\cpp_client\src\ui\overview_panel.cpp(494,22): error C2653: 'OverviewSortColumn': is not a cl
ass or namespace name [C:\GIT PROJECTS\EVEOFFLINE\cpp_client\build_vs\test_enhanced_ui.vcxproj]
C:\GIT PROJECTS\EVEOFFLINE\cpp_client\src\ui\overview_panel.cpp(494,42): error C2065: 'TYPE': undeclared identifier [C:
\GIT PROJECTS\EVEOFFLINE\cpp_client\build_vs\test_enhanced_ui.vcxproj]
C:\GIT PROJECTS\EVEOFFLINE\cpp_client\src\ui\overview_panel.cpp(495,28): error C2065: 'a': undeclared identifier [C:\GI
T PROJECTS\EVEOFFLINE\cpp_client\build_vs\test_enhanced_ui.vcxproj]
C:\GIT PROJECTS\EVEOFFLINE\cpp_client\src\ui\overview_panel.cpp(495,42): error C2065: 'b': undeclared identifier [C:\GI
T PROJECTS\EVEOFFLINE\cpp_client\build_vs\test_enhanced_ui.vcxproj]
C:\GIT PROJECTS\EVEOFFLINE\cpp_client\src\ui\overview_panel.cpp(497,22): error C2653: 'OverviewSortColumn': is not a cl
ass or namespace name [C:\GIT PROJECTS\EVEOFFLINE\cpp_client\build_vs\test_enhanced_ui.vcxproj]
C:\GIT PROJECTS\EVEOFFLINE\cpp_client\src\ui\overview_panel.cpp(497,42): error C2065: 'CORPORATION': undeclared identif
ier [C:\GIT PROJECTS\EVEOFFLINE\cpp_client\build_vs\test_enhanced_ui.vcxproj]
C:\GIT PROJECTS\EVEOFFLINE\cpp_client\src\ui\overview_panel.cpp(498,28): error C2065: 'a': undeclared identifier [C:\GI
T PROJECTS\EVEOFFLINE\cpp_client\build_vs\test_enhanced_ui.vcxproj]
C:\GIT PROJECTS\EVEOFFLINE\cpp_client\src\ui\overview_panel.cpp(498,44): error C2065: 'b': undeclared identifier [C:\GI
T PROJECTS\EVEOFFLINE\cpp_client\build_vs\test_enhanced_ui.vcxproj]
C:\GIT PROJECTS\EVEOFFLINE\cpp_client\src\ui\overview_panel.cpp(500,22): error C2653: 'OverviewSortColumn': is not a cl
ass or namespace name [C:\GIT PROJECTS\EVEOFFLINE\cpp_client\build_vs\test_enhanced_ui.vcxproj]
C:\GIT PROJECTS\EVEOFFLINE\cpp_client\src\ui\overview_panel.cpp(500,42): error C2065: 'STANDING': undeclared identifier
 [C:\GIT PROJECTS\EVEOFFLINE\cpp_client\build_vs\test_enhanced_ui.vcxproj]
C:\GIT PROJECTS\EVEOFFLINE\cpp_client\src\ui\overview_panel.cpp(501,28): error C2065: 'a': undeclared identifier [C:\GI
T PROJECTS\EVEOFFLINE\cpp_client\build_vs\test_enhanced_ui.vcxproj]
C:\GIT PROJECTS\EVEOFFLINE\cpp_client\src\ui\overview_panel.cpp(501,41): error C2065: 'b': undeclared identifier [C:\GI
T PROJECTS\EVEOFFLINE\cpp_client\build_vs\test_enhanced_ui.vcxproj]
C:\GIT PROJECTS\EVEOFFLINE\cpp_client\src\ui\overview_panel.cpp(507,20): error C2065: 'm_sortAscending': undeclared ide
ntifier [C:\GIT PROJECTS\EVEOFFLINE\cpp_client\build_vs\test_enhanced_ui.vcxproj]
C:\GIT PROJECTS\EVEOFFLINE\cpp_client\src\ui\overview_panel.cpp(488,17): error C2051: case expression not constant [C:\
GIT PROJECTS\EVEOFFLINE\cpp_client\build_vs\test_enhanced_ui.vcxproj]
C:\GIT PROJECTS\EVEOFFLINE\cpp_client\src\ui\overview_panel.cpp(491,17): error C2051: case expression not constant [C:\
GIT PROJECTS\EVEOFFLINE\cpp_client\build_vs\test_enhanced_ui.vcxproj]
C:\GIT PROJECTS\EVEOFFLINE\cpp_client\src\ui\overview_panel.cpp(494,17): error C2051: case expression not constant [C:\
GIT PROJECTS\EVEOFFLINE\cpp_client\build_vs\test_enhanced_ui.vcxproj]
C:\GIT PROJECTS\EVEOFFLINE\cpp_client\src\ui\overview_panel.cpp(497,17): error C2051: case expression not constant [C:\
GIT PROJECTS\EVEOFFLINE\cpp_client\build_vs\test_enhanced_ui.vcxproj]
C:\GIT PROJECTS\EVEOFFLINE\cpp_client\src\ui\overview_panel.cpp(500,17): error C2051: case expression not constant [C:\
GIT PROJECTS\EVEOFFLINE\cpp_client\build_vs\test_enhanced_ui.vcxproj]
C:\GIT PROJECTS\EVEOFFLINE\cpp_client\src\ui\overview_panel.cpp(483,10): error C2672: 'std::sort': no matching overload
ed function found [C:\GIT PROJECTS\EVEOFFLINE\cpp_client\build_vs\test_enhanced_ui.vcxproj]
      C:\Program Files\Microsoft Visual Studio\2022\Community\VC\Tools\MSVC\14.38.33130\include\algorithm(8094,6):
      could be 'void std::sort(_ExPo &&,const _RanIt,const _RanIt) noexcept'
          C:\GIT PROJECTS\EVEOFFLINE\cpp_client\src\ui\overview_panel.cpp(483,10):
          'void std::sort(_ExPo &&,const _RanIt,const _RanIt) noexcept': expects 3 arguments - 2 provided
      C:\Program Files\Microsoft Visual Studio\2022\Community\VC\Tools\MSVC\14.38.33130\include\algorithm(8091,6):
      or       'void std::sort(_ExPo &&,_RanIt,_RanIt,_Pr) noexcept'
          C:\GIT PROJECTS\EVEOFFLINE\cpp_client\src\ui\overview_panel.cpp(483,10):
          'void std::sort(_ExPo &&,_RanIt,_RanIt,_Pr) noexcept': expects 4 arguments - 2 provided
      C:\Program Files\Microsoft Visual Studio\2022\Community\VC\Tools\MSVC\14.38.33130\include\algorithm(8085,19):
      or       'void std::sort(const _RanIt,const _RanIt)'
      C:\Program Files\Microsoft Visual Studio\2022\Community\VC\Tools\MSVC\14.38.33130\include\algorithm(8077,19):
      or       'void std::sort(const _RanIt,const _RanIt,_Pr)'
          C:\GIT PROJECTS\EVEOFFLINE\cpp_client\src\ui\overview_panel.cpp(483,10):
          'void std::sort(const _RanIt,const _RanIt,_Pr)': expects 3 arguments - 2 provided

C:\GIT PROJECTS\EVEOFFLINE\cpp_client\src\ui\overview_panel.cpp(511,13): error C2653: 'OverviewPanel': is not a class o
r namespace name [C:\GIT PROJECTS\EVEOFFLINE\cpp_client\build_vs\test_enhanced_ui.vcxproj]
C:\GIT PROJECTS\EVEOFFLINE\cpp_client\src\ui\overview_panel.cpp(511,28): error C2270: 'FormatDistance': modifiers not a
llowed on nonmember functions [C:\GIT PROJECTS\EVEOFFLINE\cpp_client\build_vs\test_enhanced_ui.vcxproj]
C:\GIT PROJECTS\EVEOFFLINE\cpp_client\src\ui\overview_panel.cpp(530,6): error C2653: 'OverviewPanel': is not a class or
 namespace name [C:\GIT PROJECTS\EVEOFFLINE\cpp_client\build_vs\test_enhanced_ui.vcxproj]
C:\GIT PROJECTS\EVEOFFLINE\cpp_client\src\ui\overview_panel.cpp(530,21): error C2270: 'GetStandingColor': modifiers not
 allowed on nonmember functions [C:\GIT PROJECTS\EVEOFFLINE\cpp_client\build_vs\test_enhanced_ui.vcxproj]
C:\GIT PROJECTS\EVEOFFLINE\cpp_client\src\ui\overview_panel.cpp(543,6): error C2653: 'OverviewPanel': is not a class or
 namespace name [C:\GIT PROJECTS\EVEOFFLINE\cpp_client\build_vs\test_enhanced_ui.vcxproj]
C:\GIT PROJECTS\EVEOFFLINE\cpp_client\src\ui\overview_panel.cpp(543,51): error C4430: missing type specifier - int assu
med. Note: C++ does not support default-int [C:\GIT PROJECTS\EVEOFFLINE\cpp_client\build_vs\test_enhanced_ui.vcxproj]
C:\GIT PROJECTS\EVEOFFLINE\cpp_client\src\ui\overview_panel.cpp(543,51): error C2143: syntax error: missing ',' before
'&' [C:\GIT PROJECTS\EVEOFFLINE\cpp_client\build_vs\test_enhanced_ui.vcxproj]
C:\GIT PROJECTS\EVEOFFLINE\cpp_client\src\ui\overview_panel.cpp(544,5): error C2065: 'm_currentFilter': undeclared iden
tifier [C:\GIT PROJECTS\EVEOFFLINE\cpp_client\build_vs\test_enhanced_ui.vcxproj]
C:\GIT PROJECTS\EVEOFFLINE\cpp_client\src\ui\overview_panel.cpp(544,23): error C2065: 'filter': undeclared identifier [
C:\GIT PROJECTS\EVEOFFLINE\cpp_client\build_vs\test_enhanced_ui.vcxproj]
C:\GIT PROJECTS\EVEOFFLINE\cpp_client\src\ui\overview_panel.cpp(549,6): error C2653: 'OverviewPanel': is not a class or
 namespace name [C:\GIT PROJECTS\EVEOFFLINE\cpp_client\build_vs\test_enhanced_ui.vcxproj]
C:\GIT PROJECTS\EVEOFFLINE\cpp_client\src\ui\overview_panel.cpp(549,76): error C4430: missing type specifier - int assu
med. Note: C++ does not support default-int [C:\GIT PROJECTS\EVEOFFLINE\cpp_client\build_vs\test_enhanced_ui.vcxproj]
C:\GIT PROJECTS\EVEOFFLINE\cpp_client\src\ui\overview_panel.cpp(549,76): error C2143: syntax error: missing ',' before
'&' [C:\GIT PROJECTS\EVEOFFLINE\cpp_client\build_vs\test_enhanced_ui.vcxproj]
C:\GIT PROJECTS\EVEOFFLINE\cpp_client\src\ui\overview_panel.cpp(550,20): error C2146: syntax error: missing ';' before
identifier 'newFilter' [C:\GIT PROJECTS\EVEOFFLINE\cpp_client\build_vs\test_enhanced_ui.vcxproj]
C:\GIT PROJECTS\EVEOFFLINE\cpp_client\src\ui\overview_panel.cpp(550,20): error C2065: 'newFilter': undeclared identifie
r [C:\GIT PROJECTS\EVEOFFLINE\cpp_client\build_vs\test_enhanced_ui.vcxproj]
C:\GIT PROJECTS\EVEOFFLINE\cpp_client\src\ui\overview_panel.cpp(550,32): error C2065: 'filter': undeclared identifier [
C:\GIT PROJECTS\EVEOFFLINE\cpp_client\build_vs\test_enhanced_ui.vcxproj]
C:\GIT PROJECTS\EVEOFFLINE\cpp_client\src\ui\overview_panel.cpp(551,5): error C2065: 'newFilter': undeclared identifier
 [C:\GIT PROJECTS\EVEOFFLINE\cpp_client\build_vs\test_enhanced_ui.vcxproj]
C:\GIT PROJECTS\EVEOFFLINE\cpp_client\src\ui\overview_panel.cpp(552,5): error C2065: 'm_savedFilters': undeclared ident
ifier [C:\GIT PROJECTS\EVEOFFLINE\cpp_client\build_vs\test_enhanced_ui.vcxproj]
C:\GIT PROJECTS\EVEOFFLINE\cpp_client\src\ui\overview_panel.cpp(552,28): error C2065: 'newFilter': undeclared identifie
r [C:\GIT PROJECTS\EVEOFFLINE\cpp_client\build_vs\test_enhanced_ui.vcxproj]
C:\GIT PROJECTS\EVEOFFLINE\cpp_client\src\ui\overview_panel.cpp(555,6): error C2653: 'OverviewPanel': is not a class or
 namespace name [C:\GIT PROJECTS\EVEOFFLINE\cpp_client\build_vs\test_enhanced_ui.vcxproj]
C:\GIT PROJECTS\EVEOFFLINE\cpp_client\src\ui\overview_panel.cpp(556,15): error C2065: 'm_savedFilters': undeclared iden
tifier [C:\GIT PROJECTS\EVEOFFLINE\cpp_client\build_vs\test_enhanced_ui.vcxproj]
C:\GIT PROJECTS\EVEOFFLINE\cpp_client\src\ui\overview_panel.cpp(557,9): error C3536: 'it': cannot be used before it is
initialized [C:\GIT PROJECTS\EVEOFFLINE\cpp_client\build_vs\test_enhanced_ui.vcxproj]
C:\GIT PROJECTS\EVEOFFLINE\cpp_client\src\ui\overview_panel.cpp(557,15): error C2065: 'm_savedFilters': undeclared iden
tifier [C:\GIT PROJECTS\EVEOFFLINE\cpp_client\build_vs\test_enhanced_ui.vcxproj]
C:\GIT PROJECTS\EVEOFFLINE\cpp_client\src\ui\overview_panel.cpp(562,6): error C2653: 'OverviewPanel': is not a class or
 namespace name [C:\GIT PROJECTS\EVEOFFLINE\cpp_client\build_vs\test_enhanced_ui.vcxproj]
C:\GIT PROJECTS\EVEOFFLINE\cpp_client\src\ui\overview_panel.cpp(562,35): error C2065: 'OverviewSortColumn': undeclared
identifier [C:\GIT PROJECTS\EVEOFFLINE\cpp_client\build_vs\test_enhanced_ui.vcxproj]
C:\GIT PROJECTS\EVEOFFLINE\cpp_client\src\ui\overview_panel.cpp(562,54): error C2146: syntax error: missing ')' before
identifier 'column' [C:\GIT PROJECTS\EVEOFFLINE\cpp_client\build_vs\test_enhanced_ui.vcxproj]
C:\GIT PROJECTS\EVEOFFLINE\cpp_client\src\ui\overview_panel.cpp(562,78): error C2143: syntax error: missing ';' before
'{' [C:\GIT PROJECTS\EVEOFFLINE\cpp_client\build_vs\test_enhanced_ui.vcxproj]
C:\GIT PROJECTS\EVEOFFLINE\cpp_client\src\ui\overview_panel.cpp(562,78): error C2447: '{': missing function header (old
-style formal list?) [C:\GIT PROJECTS\EVEOFFLINE\cpp_client\build_vs\test_enhanced_ui.vcxproj]
C:\GIT PROJECTS\EVEOFFLINE\cpp_client\src\ui\overview_panel.cpp(568,6): error C2653: 'OverviewPanel': is not a class or
 namespace name [C:\GIT PROJECTS\EVEOFFLINE\cpp_client\build_vs\test_enhanced_ui.vcxproj]
C:\GIT PROJECTS\EVEOFFLINE\cpp_client\src\ui\overview_panel.cpp(570,5): error C3861: 'RenderFilterTabs': identifier not
 found [C:\GIT PROJECTS\EVEOFFLINE\cpp_client\build_vs\test_enhanced_ui.vcxproj]
C:\GIT PROJECTS\EVEOFFLINE\cpp_client\src\ui\overview_panel.cpp(585,9): error C3861: 'RenderTableHeader': identifier no
t found [C:\GIT PROJECTS\EVEOFFLINE\cpp_client\build_vs\test_enhanced_ui.vcxproj]
C:\GIT PROJECTS\EVEOFFLINE\cpp_client\src\ui\overview_panel.cpp(588,32): error C2065: 'm_filteredEntries': undeclared i
dentifier [C:\GIT PROJECTS\EVEOFFLINE\cpp_client\build_vs\test_enhanced_ui.vcxproj]
C:\GIT PROJECTS\EVEOFFLINE\cpp_client\src\ui\overview_panel.cpp(589,29): error C2065: 'm_filteredEntries': undeclared i
dentifier [C:\GIT PROJECTS\EVEOFFLINE\cpp_client\build_vs\test_enhanced_ui.vcxproj]
C:\GIT PROJECTS\EVEOFFLINE\cpp_client\src\ui\overview_panel.cpp(589,13): error C3861: 'RenderEntityRow': identifier not
 found [C:\GIT PROJECTS\EVEOFFLINE\cpp_client\build_vs\test_enhanced_ui.vcxproj]
C:\GIT PROJECTS\EVEOFFLINE\cpp_client\src\ui\overview_panel.cpp(596,1): error C2059: syntax error: '}' [C:\GIT PROJECTS
\EVEOFFLINE\cpp_client\build_vs\test_enhanced_ui.vcxproj]
C:\GIT PROJECTS\EVEOFFLINE\cpp_client\src\ui\overview_panel.cpp(596,1): error C2143: syntax error: missing ';' before '
}' [C:\GIT PROJECTS\EVEOFFLINE\cpp_client\build_vs\test_enhanced_ui.vcxproj]
  docking_manager.cpp
  audio_generator.cpp
  audio_manager.cpp
  audio_manager.cpp
  Generating Code...
  audio_generator.cpp
  audio_generator.cpp
  Generating Code...
  Generating Code...

ERROR: Build failed!
Press any key to continue . . .