================================================
EVE OFFLINE C++ Client - Visual Studio Build
================================================

Build Type: Release

Configuring CMake for Visual Studio...

Found vcpkg at C:\vcpkg

Using generator: Visual Studio 17 2022

-- Selecting Windows SDK version 10.0.26100.0 to target Windows 10.0.19045.
-- The C compiler identification is MSVC 19.38.33145.0
-- The CXX compiler identification is MSVC 19.38.33145.0
-- Detecting C compiler ABI info
-- Detecting C compiler ABI info - done
-- Check for working C compiler: C:/Program Files/Microsoft Visual Studio/2022/Community/VC/Tools/MSVC/14.38.33130/bin/Hostx64/x64/cl.exe - skipped
-- Detecting C compile features
-- Detecting C compile features - done
-- Detecting CXX compiler ABI info
-- Detecting CXX compiler ABI info - done
-- Check for working CXX compiler: C:/Program Files/Microsoft Visual Studio/2022/Community/VC/Tools/MSVC/14.38.33130/bin/Hostx64/x64/cl.exe - skipped
-- Detecting CXX compile features
-- Detecting CXX compile features - done
-- Performing Test CMAKE_HAVE_LIBC_PTHREAD
-- Performing Test CMAKE_HAVE_LIBC_PTHREAD - Failed
-- Looking for pthread_create in pthreads
-- Looking for pthread_create in pthreads - not found
-- Looking for pthread_create in pthread
-- Looking for pthread_create in pthread - not found
-- Found Threads: TRUE
-- Found OpenGL: opengl32
-- OpenAL found - audio support enabled
-- GLEW found - using system GLEW
-- Using system GLEW (GLAD not needed)
-- Using system nlohmann/json
-- Using bundled STB image loader
-- Using system ImGui from vcpkg
-- Building test suite...
--
-- EVE OFFLINE Client Configuration:
--   C++ Standard: 17
--   OpenGL:
--   Use System Libraries: ON
--   Build Tests: ON
--
-- Configuring done (12.3s)
-- Generating done (0.2s)
-- Build files have been written to: C:/GIT PROJECTS/EVEOFFLINE/cpp_client/build_vs

CMake configuration successful!

Building project...

MSBuild version 17.14.40+3e7442088 for .NET Framework

  1>Checking Build System
  Building Custom Rule C:/GIT PROJECTS/EVEOFFLINE/cpp_client/CMakeLists.txt
  main.cpp
  Building Custom Rule C:/GIT PROJECTS/EVEOFFLINE/cpp_client/CMakeLists.txt
  application.cpp
  test_phase46_advanced.cpp
  Building Custom Rule C:/GIT PROJECTS/EVEOFFLINE/cpp_client/CMakeLists.txt
  Building Custom Rule C:/GIT PROJECTS/EVEOFFLINE/cpp_client/CMakeLists.txt
  Building Custom Rule C:/GIT PROJECTS/EVEOFFLINE/cpp_client/CMakeLists.txt
  Building Custom Rule C:/GIT PROJECTS/EVEOFFLINE/cpp_client/CMakeLists.txt
  Building Custom Rule C:/GIT PROJECTS/EVEOFFLINE/cpp_client/CMakeLists.txt
  Building Custom Rule C:/GIT PROJECTS/EVEOFFLINE/cpp_client/CMakeLists.txt
  Building Custom Rule C:/GIT PROJECTS/EVEOFFLINE/cpp_client/CMakeLists.txt
  Building Custom Rule C:/GIT PROJECTS/EVEOFFLINE/cpp_client/CMakeLists.txt
  test_post_processing.cpp
  test_deferred_rendering.cpp
  test_audio_system.cpp
  test_entity_sync.cpp
  test_network.cpp
  test_lighting.cpp
  test_enhanced_ui.cpp
  main.cpp
  game_client.cpp
  test_asteroid_field.cpp
  window.cpp
C:\Program Files\Microsoft Visual Studio\2022\Community\VC\Tools\MSVC\14.38.33130\include\xutility(255,61): error C2665
: 'eve::Mesh::Mesh': no overloaded function could convert all the argument types [C:\GIT PROJECTS\EVEOFFLINE\cpp_client
\build_vs\test_deferred_rendering.vcxproj]
  (compiling source file '../test_deferred_rendering.cpp')
      C:\GIT PROJECTS\EVEOFFLINE\cpp_client\include\rendering\mesh.h(20,5):
      could be 'eve::Mesh::Mesh(const std::vector<eve::Vertex,std::allocator<eve::Vertex>> &,const std::vector<unsigned
   int,std::allocator<unsigned int>> &)'
          C:\Program Files\Microsoft Visual Studio\2022\Community\VC\Tools\MSVC\14.38.33130\include\xutility(255,61):
          'eve::Mesh::Mesh(const std::vector<eve::Vertex,std::allocator<eve::Vertex>> &,const std::vector<unsigned int,
  std::allocator<unsigned int>> &)': cannot convert argument 1 from 'std::vector<float,std::allocator<float>>' to 'cons
  t std::vector<eve::Vertex,std::allocator<eve::Vertex>> &'
              C:\Program Files\Microsoft Visual Studio\2022\Community\VC\Tools\MSVC\14.38.33130\include\xutility(255,82
  ):
              Reason: cannot convert from 'std::vector<float,std::allocator<float>>' to 'const std::vector<eve::Vertex,
  std::allocator<eve::Vertex>>'
              C:\Program Files\Microsoft Visual Studio\2022\Community\VC\Tools\MSVC\14.38.33130\include\xutility(255,82
  ):
              No user-defined-conversion operator available that can perform this conversion, or the operator cannot be
   called
      C:\Program Files\Microsoft Visual Studio\2022\Community\VC\Tools\MSVC\14.38.33130\include\xutility(255,61):
      while trying to match the argument list '(std::vector<float,std::allocator<float>>, std::vector<unsigned int,std:
  :allocator<unsigned int>>)'
      C:\Program Files\Microsoft Visual Studio\2022\Community\VC\Tools\MSVC\14.38.33130\include\xutility(255,61):
      the template instantiation context (the oldest one first) is
          C:\GIT PROJECTS\EVEOFFLINE\cpp_client\test_deferred_rendering.cpp(119,17):
          see reference to function template instantiation 'std::shared_ptr<eve::Mesh> std::make_shared<eve::Mesh,std::
  vector<float,std::allocator<float>>&,std::vector<unsigned int,std::allocator<unsigned int>>&>(std::vector<float,std::
  allocator<float>> &,std::vector<unsigned int,std::allocator<unsigned int>> &)' being compiled
          C:\Program Files\Microsoft Visual Studio\2022\Community\VC\Tools\MSVC\14.38.33130\include\memory(2769,46):
          see reference to function template instantiation 'std::_Ref_count_obj2<_Ty>::_Ref_count_obj2<std::vector<floa
  t,std::allocator<float>>&,std::vector<unsigned int,std::allocator<unsigned int>>&>(std::vector<float,std::allocator<f
  loat>> &,std::vector<unsigned int,std::allocator<unsigned int>> &)' being compiled
          with
          [
              _Ty=eve::Mesh
          ]
          C:\Program Files\Microsoft Visual Studio\2022\Community\VC\Tools\MSVC\14.38.33130\include\memory(2094,18):
          see reference to function template instantiation 'void std::_Construct_in_place<_Ty,std::vector<float,std::al
  locator<float>>&,std::vector<unsigned int,std::allocator<unsigned int>>&>(_Ty &,std::vector<float,std::allocator<floa
  t>> &,std::vector<unsigned int,std::allocator<unsigned int>> &) noexcept(false)' being compiled
          with
          [
              _Ty=eve::Mesh
          ]

  application.cpp
  window.cpp
C:\GIT PROJECTS\EVEOFFLINE\cpp_client\test_audio_system.cpp(255,14): error C2039: 'uniform_int_distribution': is not a
member of 'std' [C:\GIT PROJECTS\EVEOFFLINE\cpp_client\build_vs\test_audio_system.vcxproj]
      C:\Program Files\Microsoft Visual Studio\2022\Community\VC\Tools\MSVC\14.38.33130\include\filesystem(37,1):
      see declaration of 'std'

  window.cpp
C:\GIT PROJECTS\EVEOFFLINE\cpp_client\test_audio_system.cpp(255,14): error C2065: 'uniform_int_distribution': undeclare
d identifier [C:\GIT PROJECTS\EVEOFFLINE\cpp_client\build_vs\test_audio_system.vcxproj]
C:\GIT PROJECTS\EVEOFFLINE\cpp_client\test_audio_system.cpp(255,39): error C2062: type 'int' unexpected [C:\GIT PROJECT
S\EVEOFFLINE\cpp_client\build_vs\test_audio_system.vcxproj]
  main.cpp
C:\GIT PROJECTS\EVEOFFLINE\cpp_client\test_audio_system.cpp(256,67): error C2065: 'rng': undeclared identifier [C:\GIT
PROJECTS\EVEOFFLINE\cpp_client\build_vs\test_audio_system.vcxproj]
C:\GIT PROJECTS\EVEOFFLINE\cpp_client\test_audio_system.cpp(256,55): error C3861: 'impact_dist': identifier not found [
C:\GIT PROJECTS\EVEOFFLINE\cpp_client\build_vs\test_audio_system.vcxproj]
C:\GIT PROJECTS\EVEOFFLINE\cpp_client\test_audio_system.cpp(256,91): error C2065: 'rng': undeclared identifier [C:\GIT
PROJECTS\EVEOFFLINE\cpp_client\build_vs\test_audio_system.vcxproj]
C:\GIT PROJECTS\EVEOFFLINE\cpp_client\test_audio_system.cpp(256,79): error C3861: 'impact_dist': identifier not found [
C:\GIT PROJECTS\EVEOFFLINE\cpp_client\build_vs\test_audio_system.vcxproj]
  audio_manager.cpp
  entity.cpp
  shader.cpp
  shader.cpp
  window.cpp
  application.cpp
  shader.cpp
  embedded_server.cpp
  game_client.cpp
  tcp_client.cpp
  entity_manager.cpp
  audio_generator.cpp
  shader.cpp
  session_manager.cpp
  camera.cpp
  entity_message_parser.cpp
  camera.cpp
  camera.cpp
  mesh.cpp
  Generating Code...
  entity.cpp
  camera.cpp
  mesh.cpp
  lighting.cpp
  game_client.cpp
  protocol_handler.cpp
  model.cpp
  entity_manager.cpp
  gbuffer.cpp
  mesh.cpp
  embedded_server.cpp
  post_processing.cpp
  instanced_renderer.cpp
  lighting.cpp
  lighting.cpp
  session_manager.cpp
  entity_message_parser.cpp
  Generating Code...
  Building Custom Rule C:/GIT PROJECTS/EVEOFFLINE/cpp_client/CMakeLists.txt
  Generating Code...
  input_handler.cpp
  network_manager.cpp
  asteroid_field_renderer.cpp
  embedded_server.cpp
  test_server_responses.cpp
  entity.cpp
  input_handler.cpp
  ui_manager.cpp
  session_manager.cpp
  tcp_client.cpp
  input_handler.cpp
  entity_manager.cpp
  Generating Code...
  entity.cpp
  eve_panels.cpp
  Generating Code...
  Generating Code...
  entity_manager.cpp
  eve_target_list.cpp
  protocol_handler.cpp
  entity_message_parser.cpp
  inventory_panel.cpp
  entity_message_parser.cpp
  test_post_processing.vcxproj -> C:\GIT PROJECTS\EVEOFFLINE\cpp_client\build_vs\bin\Release\test_post_processing.exe
  window.cpp
  fitting_panel.cpp
  Building Custom Rule C:/GIT PROJECTS/EVEOFFLINE/cpp_client/CMakeLists.txt
  mission_panel.cpp
  Building Custom Rule C:/GIT PROJECTS/EVEOFFLINE/cpp_client/CMakeLists.txt
  test_entity_sync.vcxproj -> C:\GIT PROJECTS\EVEOFFLINE\cpp_client\build_vs\bin\Release\test_entity_sync.exe
  shader.cpp
  test_shadow_mapping.cpp
  test_ui_system.cpp
  test_asteroid_field.vcxproj -> C:\GIT PROJECTS\EVEOFFLINE\cpp_client\build_vs\bin\Release\test_asteroid_field.exe
  overview_panel.cpp
  network_manager.cpp
  window.cpp
  window.cpp
  window.cpp
  window.cpp
  camera.cpp
  shader.cpp
  ui_manager.cpp
  market_panel.cpp
  shader.cpp
  shader.cpp
  renderer.cpp
  entity.cpp
  eve_panels.cpp
  camera.cpp
  camera.cpp
  Generating Code...
  eve_target_list.cpp
  mesh.cpp
  mesh.cpp
  renderer.cpp
  Generating Code...
  inventory_panel.cpp
  model.cpp
  shadow_map.cpp
  camera.cpp
  fitting_panel.cpp
  mesh.cpp
  lighting.cpp
  mission_panel.cpp
  renderer.cpp
  texture.cpp
  model.cpp
  overview_panel.cpp
  input_handler.cpp
  particle_system.cpp
  mesh.cpp
  texture.cpp
  Generating Code...
  market_panel.cpp
  model.cpp
  healthbar_renderer.cpp
  entity.cpp
  particle_system.cpp
  test_network.vcxproj -> C:\GIT PROJECTS\EVEOFFLINE\cpp_client\build_vs\bin\Release\test_network.exe
  Generating Code...
  texture.cpp
  visual_effects.cpp
  healthbar_renderer.cpp
  particle_system.cpp
  pbr_materials.cpp
  visual_effects.cpp
  test_server_responses.vcxproj -> C:\GIT PROJECTS\EVEOFFLINE\cpp_client\build_vs\bin\Release\test_server_responses.exe
  test_lighting.vcxproj -> C:\GIT PROJECTS\EVEOFFLINE\cpp_client\build_vs\bin\Release\test_lighting.exe
  healthbar_renderer.cpp
  lod_manager.cpp
  test_shadow_mapping.vcxproj -> C:\GIT PROJECTS\EVEOFFLINE\cpp_client\build_vs\bin\Release\test_shadow_mapping.exe
  pbr_materials.cpp
  visual_effects.cpp
  test_ui_system.vcxproj -> C:\GIT PROJECTS\EVEOFFLINE\cpp_client\build_vs\bin\Release\test_ui_system.exe
  Generating Code...
  Generating Code...
  pbr_materials.cpp
  Generating Code...
  Compiling...
  frustum_culler.cpp
  instanced_renderer.cpp
  Compiling...
  lod_manager.cpp
  asteroid_field_renderer.cpp
  frustum_culler.cpp
  instanced_renderer.cpp
  lighting.cpp
  Compiling...
  lod_manager.cpp
  asteroid_field_renderer.cpp
  shadow_map.cpp
  frustum_culler.cpp
  instanced_renderer.cpp
  lighting.cpp
  gbuffer.cpp
  asteroid_field_renderer.cpp
  shadow_map.cpp
  post_processing.cpp
  lighting.cpp
  tcp_client.cpp
  gbuffer.cpp
  shadow_map.cpp
  post_processing.cpp
  protocol_handler.cpp
  gbuffer.cpp
  tcp_client.cpp
  post_processing.cpp
  protocol_handler.cpp
  network_manager.cpp
  tcp_client.cpp
  protocol_handler.cpp
  network_manager.cpp
  hud.cpp
  input_handler.cpp
  ui_manager.cpp
  network_manager.cpp
  hud.cpp
  eve_panels.cpp
  input_handler.cpp
  eve_target_list.cpp
  ui_manager.cpp
  hud.cpp
  entity_picker.cpp
  eve_panels.cpp
  input_handler.cpp
  inventory_panel.cpp
  eve_target_list.cpp
  ui_manager.cpp
  fitting_panel.cpp
  entity_picker.cpp
  mission_panel.cpp
  module_browser_panel.cpp
  eve_panels.cpp
  inventory_panel.cpp
  eve_target_list.cpp
  Generating Code...
  fitting_panel.cpp
  entity_picker.cpp
  mission_panel.cpp
  Generating Code...
  inventory_panel.cpp
  fitting_panel.cpp
  mission_panel.cpp
  Generating Code...
  Compiling...
  market_panel.cpp
  overview_panel.cpp
  Compiling...
  module_browser_panel.cpp
  market_panel.cpp
  audio_manager.cpp
  overview_panel.cpp
  audio_generator.cpp
  Compiling...
  module_browser_panel.cpp
  audio_manager.cpp
  Generating Code...
  market_panel.cpp
  overview_panel.cpp
  audio_generator.cpp
  Generating Code...
  audio_manager.cpp
  eve_client.vcxproj -> C:\GIT PROJECTS\EVEOFFLINE\cpp_client\build_vs\bin\Release\eve_client.exe
  audio_generator.cpp
  Generating Code...
main.obj : error LNK2005: main already defined in test_enhanced_ui.obj [C:\GIT PROJECTS\EVEOFFLINE\cpp_client\build_vs\
test_enhanced_ui.vcxproj]
C:\GIT PROJECTS\EVEOFFLINE\cpp_client\build_vs\bin\Release\test_enhanced_ui.exe : fatal error LNK1169: one or more mult
iply defined symbols found [C:\GIT PROJECTS\EVEOFFLINE\cpp_client\build_vs\test_enhanced_ui.vcxproj]
main.obj : error LNK2005: main already defined in test_phase46_advanced.obj [C:\GIT PROJECTS\EVEOFFLINE\cpp_client\buil
d_vs\test_phase46_advanced.vcxproj]
C:\GIT PROJECTS\EVEOFFLINE\cpp_client\build_vs\bin\Release\test_phase46_advanced.exe : fatal error LNK1169: one or more
 multiply defined symbols found [C:\GIT PROJECTS\EVEOFFLINE\cpp_client\build_vs\test_phase46_advanced.vcxproj]

ERROR: Build failed!
Press any key to continue . . .