================================================
EVE OFFLINE C++ Client - Visual Studio Build
================================================

Build Type: Release

Configuring CMake for Visual Studio...

Found vcpkg at C:\vcpkg

Using generator: Visual Studio 17 2022

-- Selecting Windows SDK version 10.0.26100.0 to target Windows 10.0.19045.
-- The C compiler identification is MSVC 19.38.33145.0
-- The CXX compiler identification is MSVC 19.38.33145.0
-- Detecting C compiler ABI info
-- Detecting C compiler ABI info - done
-- Check for working C compiler: C:/Program Files/Microsoft Visual Studio/2022/Community/VC/Tools/MSVC/14.38.33130/bin/Hostx64/x64/cl.exe - skipped
-- Detecting C compile features
-- Detecting C compile features - done
-- Detecting CXX compiler ABI info
-- Detecting CXX compiler ABI info - done
-- Check for working CXX compiler: C:/Program Files/Microsoft Visual Studio/2022/Community/VC/Tools/MSVC/14.38.33130/bin/Hostx64/x64/cl.exe - skipped
-- Detecting CXX compile features
-- Detecting CXX compile features - done
-- Performing Test CMAKE_HAVE_LIBC_PTHREAD
-- Performing Test CMAKE_HAVE_LIBC_PTHREAD - Failed
-- Looking for pthread_create in pthreads
-- Looking for pthread_create in pthreads - not found
-- Looking for pthread_create in pthread
-- Looking for pthread_create in pthread - not found
-- Found Threads: TRUE
-- Found OpenGL: opengl32
-- OpenAL found - audio support enabled
-- GLEW found - using system GLEW
-- Using system GLEW (GLAD not needed)
-- Using system nlohmann/json
-- Using bundled STB image loader
-- Using bundled tinyobjloader for .obj model loading
-- Using bundled tinygltf for .gltf/.glb model loading
-- Using system ImGui from vcpkg
-- RmlUi disabled (ImGui-only UI). Enable with -DUSE_RMLUI=ON
-- Building test suite...
--
-- EVE OFFLINE Client Configuration:
--   C++ Standard: 17
--   OpenGL:
--   Use System Libraries: ON
--   Build Tests: ON
--   RmlUi Enabled: OFF
--
-- Configuring done (5.6s)
-- Generating done (0.2s)
-- Build files have been written to: C:/GIT PROJECTS/EVEOFFLINE/cpp_client/build_vs

CMake configuration successful!

Building project...

MSBuild version 17.14.40+3e7442088 for .NET Framework

  1>Checking Build System
  Building Custom Rule C:/GIT PROJECTS/EVEOFFLINE/cpp_client/CMakeLists.txt
  main.cpp
  Building Custom Rule C:/GIT PROJECTS/EVEOFFLINE/cpp_client/CMakeLists.txt
  Building Custom Rule C:/GIT PROJECTS/EVEOFFLINE/cpp_client/CMakeLists.txt
  Building Custom Rule C:/GIT PROJECTS/EVEOFFLINE/cpp_client/CMakeLists.txt
  Building Custom Rule C:/GIT PROJECTS/EVEOFFLINE/cpp_client/CMakeLists.txt
  Building Custom Rule C:/GIT PROJECTS/EVEOFFLINE/cpp_client/CMakeLists.txt
  Building Custom Rule C:/GIT PROJECTS/EVEOFFLINE/cpp_client/CMakeLists.txt
  Building Custom Rule C:/GIT PROJECTS/EVEOFFLINE/cpp_client/CMakeLists.txt
  Building Custom Rule C:/GIT PROJECTS/EVEOFFLINE/cpp_client/CMakeLists.txt
  test_phase46_advanced.cpp
  test_audio_system.cpp
  test_lighting.cpp
  test_asteroid_field.cpp
  test_network.cpp
  test_entity_sync.cpp
  test_enhanced_ui.cpp
  Building Custom Rule C:/GIT PROJECTS/EVEOFFLINE/cpp_client/CMakeLists.txt
  test_deferred_rendering.cpp
  application.cpp
  window.cpp
  application.cpp
  window.cpp
  audio_manager.cpp
  application.cpp
  window.cpp
  shader.cpp
  shader.cpp
  entity.cpp
  test_phase48_panels.cpp
  shader.cpp
  tcp_client.cpp
  audio_generator.cpp
  game_client.cpp
  game_client.cpp
  entity_manager.cpp
  application.cpp
C:\GIT PROJECTS\EVEOFFLINE\cpp_client\test_phase48_panels.cpp(144,13): error C2653: 'ImGui': is not a class or namespac
e name [C:\GIT PROJECTS\EVEOFFLINE\cpp_client\build_vs\test_phase48_panels.vcxproj]
C:\GIT PROJECTS\EVEOFFLINE\cpp_client\test_phase48_panels.cpp(144,37): error C3861: 'ImVec2': identifier not found [C:\
GIT PROJECTS\EVEOFFLINE\cpp_client\build_vs\test_phase48_panels.vcxproj]
C:\GIT PROJECTS\EVEOFFLINE\cpp_client\test_phase48_panels.cpp(144,55): error C2065: 'ImGuiCond_FirstUseEver': undeclare
d identifier [C:\GIT PROJECTS\EVEOFFLINE\cpp_client\build_vs\test_phase48_panels.vcxproj]
C:\GIT PROJECTS\EVEOFFLINE\cpp_client\test_phase48_panels.cpp(144,20): error C3861: 'SetNextWindowPos': identifier not
found [C:\GIT PROJECTS\EVEOFFLINE\cpp_client\build_vs\test_phase48_panels.vcxproj]
C:\GIT PROJECTS\EVEOFFLINE\cpp_client\test_phase48_panels.cpp(145,13): error C2653: 'ImGui': is not a class or namespac
e name [C:\GIT PROJECTS\EVEOFFLINE\cpp_client\build_vs\test_phase48_panels.vcxproj]
C:\GIT PROJECTS\EVEOFFLINE\cpp_client\test_phase48_panels.cpp(145,38): error C3861: 'ImVec2': identifier not found [C:\
GIT PROJECTS\EVEOFFLINE\cpp_client\build_vs\test_phase48_panels.vcxproj]
C:\GIT PROJECTS\EVEOFFLINE\cpp_client\test_phase48_panels.cpp(145,55): error C2065: 'ImGuiCond_FirstUseEver': undeclare
d identifier [C:\GIT PROJECTS\EVEOFFLINE\cpp_client\build_vs\test_phase48_panels.vcxproj]
C:\GIT PROJECTS\EVEOFFLINE\cpp_client\test_phase48_panels.cpp(145,20): error C3861: 'SetNextWindowSize': identifier not
 found [C:\GIT PROJECTS\EVEOFFLINE\cpp_client\build_vs\test_phase48_panels.vcxproj]
C:\GIT PROJECTS\EVEOFFLINE\cpp_client\test_phase48_panels.cpp(146,13): error C2653: 'ImGui': is not a class or namespac
e name [C:\GIT PROJECTS\EVEOFFLINE\cpp_client\build_vs\test_phase48_panels.vcxproj]
C:\GIT PROJECTS\EVEOFFLINE\cpp_client\test_phase48_panels.cpp(147,17): error C2065: 'ImGuiWindowFlags_NoTitleBar': unde
clared identifier [C:\GIT PROJECTS\EVEOFFLINE\cpp_client\build_vs\test_phase48_panels.vcxproj]
C:\GIT PROJECTS\EVEOFFLINE\cpp_client\test_phase48_panels.cpp(147,47): error C2065: 'ImGuiWindowFlags_NoBackground': un
declared identifier [C:\GIT PROJECTS\EVEOFFLINE\cpp_client\build_vs\test_phase48_panels.vcxproj]
C:\GIT PROJECTS\EVEOFFLINE\cpp_client\test_phase48_panels.cpp(148,17): error C2065: 'ImGuiWindowFlags_NoScrollbar': und
eclared identifier [C:\GIT PROJECTS\EVEOFFLINE\cpp_client\build_vs\test_phase48_panels.vcxproj]
C:\GIT PROJECTS\EVEOFFLINE\cpp_client\test_phase48_panels.cpp(146,20): error C3861: 'Begin': identifier not found [C:\G
IT PROJECTS\EVEOFFLINE\cpp_client\build_vs\test_phase48_panels.vcxproj]
C:\GIT PROJECTS\EVEOFFLINE\cpp_client\test_phase48_panels.cpp(150,13): error C2653: 'ImGui': is not a class or namespac
e name [C:\GIT PROJECTS\EVEOFFLINE\cpp_client\build_vs\test_phase48_panels.vcxproj]
C:\GIT PROJECTS\EVEOFFLINE\cpp_client\test_phase48_panels.cpp(150,20): error C3861: 'End': identifier not found [C:\GIT
 PROJECTS\EVEOFFLINE\cpp_client\build_vs\test_phase48_panels.vcxproj]
  Generating Code...
  game_client.cpp
  protocol_handler.cpp
  camera.cpp
  entity_message_parser.cpp
  camera.cpp
  camera.cpp
  mesh.cpp
  embedded_server.cpp
  embedded_server.cpp
  mesh.cpp
  game_client.cpp
  mesh.cpp
  session_manager.cpp
  gbuffer.cpp
  embedded_server.cpp
  session_manager.cpp
  model.cpp
  test_audio_system.vcxproj -> C:\GIT PROJECTS\EVEOFFLINE\cpp_client\build_vs\bin\Release\test_audio_system.exe
  instanced_renderer.cpp
  session_manager.cpp
  Generating Code...
  lighting.cpp
  network_manager.cpp
  Building Custom Rule C:/GIT PROJECTS/EVEOFFLINE/cpp_client/CMakeLists.txt
  entity.cpp
  entity.cpp
  asteroid_field_renderer.cpp
  embedded_server.cpp
  input_handler.cpp
  entity_manager.cpp
  entity_manager.cpp
  entity.cpp
  input_handler.cpp
  session_manager.cpp
  Generating Code...
  entity_manager.cpp
  test_post_processing.cpp
  entity_message_parser.cpp
  Generating Code...
  entity_message_parser.cpp
  Generating Code...
  test_entity_sync.vcxproj -> C:\GIT PROJECTS\EVEOFFLINE\cpp_client\build_vs\bin\Release\test_entity_sync.exe
  window.cpp
  entity.cpp
  Building Custom Rule C:/GIT PROJECTS/EVEOFFLINE/cpp_client/CMakeLists.txt
  entity_manager.cpp
  entity_message_parser.cpp
  shader.cpp
  file_logger.cpp
  file_logger.cpp
  test_server_responses.cpp
  entity_message_parser.cpp
  texture.cpp
  window.cpp
  window.cpp
  tcp_client.cpp
  camera.cpp
  lighting.cpp
  shader.cpp
  test_deferred_rendering.vcxproj -> C:\GIT PROJECTS\EVEOFFLINE\cpp_client\build_vs\bin\Release\test_deferred_rendering
  .exe
  shader.cpp
  test_asteroid_field.vcxproj -> C:\GIT PROJECTS\EVEOFFLINE\cpp_client\build_vs\bin\Release\test_asteroid_field.exe
  Building Custom Rule C:/GIT PROJECTS/EVEOFFLINE/cpp_client/CMakeLists.txt
  lighting.cpp
  Building Custom Rule C:/GIT PROJECTS/EVEOFFLINE/cpp_client/CMakeLists.txt
  input_handler.cpp
  protocol_handler.cpp
  file_logger.cpp
  file_logger.cpp
  ui_manager.cpp
  post_processing.cpp
  test_shadow_mapping.cpp
  window.cpp
  window.cpp
  camera.cpp
  test_ui_system.cpp
  camera.cpp
  renderer.cpp
  shader.cpp
  Generating Code...
  shader.cpp
  renderer.cpp
  eve_panels.cpp
  window.cpp
  network_manager.cpp
  test_network.vcxproj -> C:\GIT PROJECTS\EVEOFFLINE\cpp_client\build_vs\bin\Release\test_network.exe
  window.cpp
  eve_target_list.cpp
  shader.cpp
  mesh.cpp
  mesh.cpp
  ui_manager.cpp
  model.cpp
  inventory_panel.cpp
  model.cpp
  camera.cpp
  camera.cpp
  fitting_panel.cpp
  renderer.cpp
  eve_panels.cpp
  renderer.cpp
  Generating Code...
  mission_panel.cpp
  camera.cpp
  overview_panel.cpp
  eve_target_list.cpp
  mesh.cpp
  mesh.cpp
  mesh.cpp
  shadow_map.cpp
  inventory_panel.cpp
  model.cpp
  docking_manager.cpp
  model.cpp
  fitting_panel.cpp
  lighting.cpp
  mission_panel.cpp
  market_panel.cpp
  test_post_processing.vcxproj -> C:\GIT PROJECTS\EVEOFFLINE\cpp_client\build_vs\bin\Release\test_post_processing.exe
  overview_panel.cpp
  entity.cpp
  texture.cpp
  input_handler.cpp
  texture.cpp
  test_server_responses.vcxproj -> C:\GIT PROJECTS\EVEOFFLINE\cpp_client\build_vs\bin\Release\test_server_responses.exe
  Generating Code...
  Generating Code...
  docking_manager.cpp
  particle_system.cpp
  particle_system.cpp
  market_panel.cpp
C:\GIT PROJECTS\EVEOFFLINE\cpp_client\src\rendering\particle_system.cpp(79,20): error C2039: 'load': is not a member of
 'eve::Shader' [C:\GIT PROJECTS\EVEOFFLINE\cpp_client\build_vs\eve_client.vcxproj]
      C:\GIT PROJECTS\EVEOFFLINE\cpp_client\include\rendering\shader.h(11,7):
      see declaration of 'eve::Shader'

  healthbar_renderer.cpp
C:\GIT PROJECTS\EVEOFFLINE\cpp_client\src\rendering\particle_system.cpp(79,20): error C2039: 'load': is not a member of
 'eve::Shader' [C:\GIT PROJECTS\EVEOFFLINE\cpp_client\build_vs\test_phase46_advanced.vcxproj]
      C:\GIT PROJECTS\EVEOFFLINE\cpp_client\include\rendering\shader.h(11,7):
      see declaration of 'eve::Shader'

  healthbar_renderer.cpp
  entity.cpp
C:\GIT PROJECTS\EVEOFFLINE\cpp_client\src\rendering\healthbar_renderer.cpp(39,20): error C2039: 'load': is not a member
 of 'eve::Shader' [C:\GIT PROJECTS\EVEOFFLINE\cpp_client\build_vs\eve_client.vcxproj]
      C:\GIT PROJECTS\EVEOFFLINE\cpp_client\include\rendering\shader.h(11,7):
      see declaration of 'eve::Shader'

  visual_effects.cpp
  texture.cpp
  Generating Code...
  texture.cpp
C:\GIT PROJECTS\EVEOFFLINE\cpp_client\src\rendering\healthbar_renderer.cpp(39,20): error C2039: 'load': is not a member
 of 'eve::Shader' [C:\GIT PROJECTS\EVEOFFLINE\cpp_client\build_vs\test_phase46_advanced.vcxproj]
      C:\GIT PROJECTS\EVEOFFLINE\cpp_client\include\rendering\shader.h(11,7):
      see declaration of 'eve::Shader'

  visual_effects.cpp
  test_shadow_mapping.vcxproj -> C:\GIT PROJECTS\EVEOFFLINE\cpp_client\build_vs\bin\Release\test_shadow_mapping.exe
C:\GIT PROJECTS\EVEOFFLINE\cpp_client\src\rendering\visual_effects.cpp(39,24): error C2039: 'load': is not a member of
'eve::Shader' [C:\GIT PROJECTS\EVEOFFLINE\cpp_client\build_vs\eve_client.vcxproj]
      C:\GIT PROJECTS\EVEOFFLINE\cpp_client\include\rendering\shader.h(11,7):
      see declaration of 'eve::Shader'

  pbr_materials.cpp
  particle_system.cpp
C:\GIT PROJECTS\EVEOFFLINE\cpp_client\src\rendering\visual_effects.cpp(39,24): error C2039: 'load': is not a member of
'eve::Shader' [C:\GIT PROJECTS\EVEOFFLINE\cpp_client\build_vs\test_phase46_advanced.vcxproj]
      C:\GIT PROJECTS\EVEOFFLINE\cpp_client\include\rendering\shader.h(11,7):
      see declaration of 'eve::Shader'

  pbr_materials.cpp
  particle_system.cpp
  healthbar_renderer.cpp
C:\GIT PROJECTS\EVEOFFLINE\cpp_client\src\rendering\particle_system.cpp(79,20): error C2039: 'load': is not a member of
 'eve::Shader' [C:\GIT PROJECTS\EVEOFFLINE\cpp_client\build_vs\test_enhanced_ui.vcxproj]
      C:\GIT PROJECTS\EVEOFFLINE\cpp_client\include\rendering\shader.h(11,7):
      see declaration of 'eve::Shader'

  Generating Code...
C:\GIT PROJECTS\EVEOFFLINE\cpp_client\src\rendering\particle_system.cpp(79,20): error C2039: 'load': is not a member of
 'eve::Shader' [C:\GIT PROJECTS\EVEOFFLINE\cpp_client\build_vs\test_phase48_panels.vcxproj]
      C:\GIT PROJECTS\EVEOFFLINE\cpp_client\include\rendering\shader.h(11,7):
      see declaration of 'eve::Shader'

C:\GIT PROJECTS\EVEOFFLINE\cpp_client\src\rendering\healthbar_renderer.cpp(39,20): error C2039: 'load': is not a member
 of 'eve::Shader' [C:\GIT PROJECTS\EVEOFFLINE\cpp_client\build_vs\test_enhanced_ui.vcxproj]
  healthbar_renderer.cpp
  Generating Code...
      C:\GIT PROJECTS\EVEOFFLINE\cpp_client\include\rendering\shader.h(11,7):
      see declaration of 'eve::Shader'

  visual_effects.cpp
C:\GIT PROJECTS\EVEOFFLINE\cpp_client\src\rendering\healthbar_renderer.cpp(39,20): error C2039: 'load': is not a member
 of 'eve::Shader' [C:\GIT PROJECTS\EVEOFFLINE\cpp_client\build_vs\test_phase48_panels.vcxproj]
      C:\GIT PROJECTS\EVEOFFLINE\cpp_client\include\rendering\shader.h(11,7):
      see declaration of 'eve::Shader'

C:\GIT PROJECTS\EVEOFFLINE\cpp_client\src\rendering\visual_effects.cpp(39,24): error C2039: 'load': is not a member of
'eve::Shader' [C:\GIT PROJECTS\EVEOFFLINE\cpp_client\build_vs\test_enhanced_ui.vcxproj]
      C:\GIT PROJECTS\EVEOFFLINE\cpp_client\include\rendering\shader.h(11,7):
      see declaration of 'eve::Shader'

  visual_effects.cpp
  pbr_materials.cpp
C:\GIT PROJECTS\EVEOFFLINE\cpp_client\src\rendering\visual_effects.cpp(39,24): error C2039: 'load': is not a member of
'eve::Shader' [C:\GIT PROJECTS\EVEOFFLINE\cpp_client\build_vs\test_phase48_panels.vcxproj]
      C:\GIT PROJECTS\EVEOFFLINE\cpp_client\include\rendering\shader.h(11,7):
      see declaration of 'eve::Shader'

  pbr_materials.cpp
  Generating Code...
  Generating Code...
ui_manager.obj : error LNK2019: unresolved external symbol "public: __cdecl UI::DScanPanel::DScanPanel(void)" (??0DScan
Panel@UI@@QEAA@XZ) referenced in function "class std::unique_ptr<class UI::DScanPanel,struct std::default_delete<class
UI::DScanPanel> > __cdecl std::make_unique<class UI::DScanPanel,0>(void)" (??$make_unique@VDScanPanel@UI@@$$V$0A@@std@@
YA?AV?$unique_ptr@VDScanPanel@UI@@U?$default_delete@VDScanPanel@UI@@@std@@@0@XZ) [C:\GIT PROJECTS\EVEOFFLINE\cpp_client
\build_vs\test_ui_system.vcxproj]
ui_manager.obj : error LNK2019: unresolved external symbol "public: void __cdecl UI::DScanPanel::RenderContents(void)"
(?RenderContents@DScanPanel@UI@@QEAAXXZ) referenced in function "void __cdecl std::invoke<class <lambda_ef0b746ce2d849c
f3abfbd3be4a51e97> &>(class <lambda_ef0b746ce2d849cf3abfbd3be4a51e97> &)" (??$invoke@AEAV<lambda_ef0b746ce2d849cf3abfbd
3be4a51e97>@@@std@@YAXAEAV<lambda_ef0b746ce2d849cf3abfbd3be4a51e97>@@@Z) [C:\GIT PROJECTS\EVEOFFLINE\cpp_client\build_v
s\test_ui_system.vcxproj]
ui_manager.obj : error LNK2019: unresolved external symbol "public: __cdecl UI::NeocomPanel::NeocomPanel(void)" (??0Neo
comPanel@UI@@QEAA@XZ) referenced in function "class std::unique_ptr<class UI::NeocomPanel,struct std::default_delete<cl
ass UI::NeocomPanel> > __cdecl std::make_unique<class UI::NeocomPanel,0>(void)" (??$make_unique@VNeocomPanel@UI@@$$V$0A
@@std@@YA?AV?$unique_ptr@VNeocomPanel@UI@@U?$default_delete@VNeocomPanel@UI@@@std@@@0@XZ) [C:\GIT PROJECTS\EVEOFFLINE\c
pp_client\build_vs\test_ui_system.vcxproj]
ui_manager.obj : error LNK2019: unresolved external symbol "public: void __cdecl UI::NeocomPanel::Render(void)" (?Rende
r@NeocomPanel@UI@@QEAAXXZ) referenced in function "public: void __cdecl UI::UIManager::Render(void)" (?Render@UIManager
@UI@@QEAAXXZ) [C:\GIT PROJECTS\EVEOFFLINE\cpp_client\build_vs\test_ui_system.vcxproj]
C:\GIT PROJECTS\EVEOFFLINE\cpp_client\build_vs\bin\Release\test_ui_system.exe : fatal error LNK1120: 4 unresolved exter
nals [C:\GIT PROJECTS\EVEOFFLINE\cpp_client\build_vs\test_ui_system.vcxproj]
ui_manager.obj : error LNK2019: unresolved external symbol "public: __cdecl UI::DScanPanel::DScanPanel(void)" (??0DScan
Panel@UI@@QEAA@XZ) referenced in function "class std::unique_ptr<class UI::DScanPanel,struct std::default_delete<class
UI::DScanPanel> > __cdecl std::make_unique<class UI::DScanPanel,0>(void)" (??$make_unique@VDScanPanel@UI@@$$V$0A@@std@@
YA?AV?$unique_ptr@VDScanPanel@UI@@U?$default_delete@VDScanPanel@UI@@@std@@@0@XZ) [C:\GIT PROJECTS\EVEOFFLINE\cpp_client
\build_vs\test_lighting.vcxproj]
ui_manager.obj : error LNK2019: unresolved external symbol "public: void __cdecl UI::DScanPanel::RenderContents(void)"
(?RenderContents@DScanPanel@UI@@QEAAXXZ) referenced in function "void __cdecl std::invoke<class <lambda_ef0b746ce2d849c
f3abfbd3be4a51e97> &>(class <lambda_ef0b746ce2d849cf3abfbd3be4a51e97> &)" (??$invoke@AEAV<lambda_ef0b746ce2d849cf3abfbd
3be4a51e97>@@@std@@YAXAEAV<lambda_ef0b746ce2d849cf3abfbd3be4a51e97>@@@Z) [C:\GIT PROJECTS\EVEOFFLINE\cpp_client\build_v
s\test_lighting.vcxproj]
ui_manager.obj : error LNK2019: unresolved external symbol "public: __cdecl UI::NeocomPanel::NeocomPanel(void)" (??0Neo
comPanel@UI@@QEAA@XZ) referenced in function "class std::unique_ptr<class UI::NeocomPanel,struct std::default_delete<cl
ass UI::NeocomPanel> > __cdecl std::make_unique<class UI::NeocomPanel,0>(void)" (??$make_unique@VNeocomPanel@UI@@$$V$0A
@@std@@YA?AV?$unique_ptr@VNeocomPanel@UI@@U?$default_delete@VNeocomPanel@UI@@@std@@@0@XZ) [C:\GIT PROJECTS\EVEOFFLINE\c
pp_client\build_vs\test_lighting.vcxproj]
ui_manager.obj : error LNK2019: unresolved external symbol "public: void __cdecl UI::NeocomPanel::Render(void)" (?Rende
r@NeocomPanel@UI@@QEAAXXZ) referenced in function "public: void __cdecl UI::UIManager::Render(void)" (?Render@UIManager
@UI@@QEAAXXZ) [C:\GIT PROJECTS\EVEOFFLINE\cpp_client\build_vs\test_lighting.vcxproj]
C:\GIT PROJECTS\EVEOFFLINE\cpp_client\build_vs\bin\Release\test_lighting.exe : fatal error LNK1120: 4 unresolved extern
als [C:\GIT PROJECTS\EVEOFFLINE\cpp_client\build_vs\test_lighting.vcxproj]
  Compiling...
  lod_manager.cpp
  frustum_culler.cpp
  instanced_renderer.cpp
  asteroid_field_renderer.cpp
  Compiling...
  lod_manager.cpp
  lighting.cpp
  Compiling...
  lod_manager.cpp
  Compiling...
  lod_manager.cpp
  frustum_culler.cpp
  shadow_map.cpp
  instanced_renderer.cpp
  frustum_culler.cpp
  frustum_culler.cpp
  instanced_renderer.cpp
  gbuffer.cpp
  instanced_renderer.cpp
  asteroid_field_renderer.cpp
  post_processing.cpp
  asteroid_field_renderer.cpp
  asteroid_field_renderer.cpp
  lighting.cpp
  tcp_client.cpp
  lighting.cpp
  lighting.cpp
  shadow_map.cpp
  shadow_map.cpp
  shadow_map.cpp
  protocol_handler.cpp
  gbuffer.cpp
  gbuffer.cpp
  gbuffer.cpp
  post_processing.cpp
  post_processing.cpp
  post_processing.cpp
  network_manager.cpp
  tcp_client.cpp
  tcp_client.cpp
  tcp_client.cpp
  protocol_handler.cpp
  protocol_handler.cpp
  hud.cpp
  protocol_handler.cpp
  input_handler.cpp
  network_manager.cpp
  ui_manager.cpp
  network_manager.cpp
  network_manager.cpp
  eve_panels.cpp
  eve_target_list.cpp
  hud.cpp
  hud.cpp
  hud.cpp
  entity_picker.cpp
  input_handler.cpp
  input_handler.cpp
  input_handler.cpp
  ui_manager.cpp
  context_menu.cpp
  ui_manager.cpp
  ui_manager.cpp
  tactical_overlay.cpp
  eve_panels.cpp
  eve_panels.cpp
  inventory_panel.cpp
  eve_panels.cpp
  eve_target_list.cpp
  Generating Code...
  eve_target_list.cpp
  eve_target_list.cpp
  entity_picker.cpp
  entity_picker.cpp
  entity_picker.cpp
  context_menu.cpp
  context_menu.cpp
  context_menu.cpp
  tactical_overlay.cpp
  tactical_overlay.cpp
  tactical_overlay.cpp
  inventory_panel.cpp
  inventory_panel.cpp
  Generating Code...
  inventory_panel.cpp
  Generating Code...
  Generating Code...
  Compiling...
  fitting_panel.cpp
  mission_panel.cpp
  module_browser_panel.cpp
  market_panel.cpp
  overview_panel.cpp
  Compiling...
  docking_manager.cpp
  fitting_panel.cpp
  Compiling...
  fitting_panel.cpp
  mission_panel.cpp
  Compiling...
  fitting_panel.cpp
  dscan_panel.cpp
  mission_panel.cpp
  module_browser_panel.cpp
C:\GIT PROJECTS\EVEOFFLINE\cpp_client\include\ui\dscan_panel.h(59,31): error C2039: 'function': is not a member of 'std
' [C:\GIT PROJECTS\EVEOFFLINE\cpp_client\build_vs\eve_client.vcxproj]
  (compiling source file '../src/ui/dscan_panel.cpp')
      C:\Program Files\Microsoft Visual Studio\2022\Community\VC\Tools\MSVC\14.38.33130\include\vector(25,1):
      see declaration of 'std'

C:\GIT PROJECTS\EVEOFFLINE\cpp_client\include\ui\dscan_panel.h(59,31): error C2061: syntax error: identifier 'function'
 [C:\GIT PROJECTS\EVEOFFLINE\cpp_client\build_vs\eve_client.vcxproj]
  (compiling source file '../src/ui/dscan_panel.cpp')

C:\GIT PROJECTS\EVEOFFLINE\cpp_client\include\ui\dscan_panel.h(60,26): error C2061: syntax error: identifier 'ScanCallb
ack' [C:\GIT PROJECTS\EVEOFFLINE\cpp_client\build_vs\eve_client.vcxproj]
  (compiling source file '../src/ui/dscan_panel.cpp')

C:\GIT PROJECTS\EVEOFFLINE\cpp_client\include\ui\dscan_panel.h(74,18): error C3646: 'm_scanCallback': unknown override
specifier [C:\GIT PROJECTS\EVEOFFLINE\cpp_client\build_vs\eve_client.vcxproj]
  (compiling source file '../src/ui/dscan_panel.cpp')

C:\GIT PROJECTS\EVEOFFLINE\cpp_client\include\ui\dscan_panel.h(74,32): error C4430: missing type specifier - int assume
d. Note: C++ does not support default-int [C:\GIT PROJECTS\EVEOFFLINE\cpp_client\build_vs\eve_client.vcxproj]
  (compiling source file '../src/ui/dscan_panel.cpp')

C:\GIT PROJECTS\EVEOFFLINE\cpp_client\include\ui\dscan_panel.h(60,45): error C2065: 'm_scanCallback': undeclared identi
fier [C:\GIT PROJECTS\EVEOFFLINE\cpp_client\build_vs\eve_client.vcxproj]
  (compiling source file '../src/ui/dscan_panel.cpp')

C:\GIT PROJECTS\EVEOFFLINE\cpp_client\include\ui\dscan_panel.h(60,72): error C2065: 'cb': undeclared identifier [C:\GIT
 PROJECTS\EVEOFFLINE\cpp_client\build_vs\eve_client.vcxproj]
  (compiling source file '../src/ui/dscan_panel.cpp')

  mission_panel.cpp
  module_browser_panel.cpp
C:\GIT PROJECTS\EVEOFFLINE\cpp_client\src\ui\dscan_panel.cpp(87,13): error C2065: 'm_scanCallback': undeclared identifi
er [C:\GIT PROJECTS\EVEOFFLINE\cpp_client\build_vs\eve_client.vcxproj]
C:\GIT PROJECTS\EVEOFFLINE\cpp_client\src\ui\dscan_panel.cpp(88,13): error C3861: 'm_scanCallback': identifier not foun
d [C:\GIT PROJECTS\EVEOFFLINE\cpp_client\build_vs\eve_client.vcxproj]
  neocom_panel.cpp
  market_panel.cpp
  module_browser_panel.cpp
  market_panel.cpp
  overview_panel.cpp
  rml_ui_manager.cpp
  market_panel.cpp
  overview_panel.cpp
  overview_panel.cpp
  audio_manager.cpp
  docking_manager.cpp
  docking_manager.cpp
  docking_manager.cpp
  audio_generator.cpp
  dscan_panel.cpp
C:\GIT PROJECTS\EVEOFFLINE\cpp_client\include\ui\dscan_panel.h(59,31): error C2039: 'function': is not a member of 'std
' [C:\GIT PROJECTS\EVEOFFLINE\cpp_client\build_vs\test_enhanced_ui.vcxproj]
  (compiling source file '../src/ui/dscan_panel.cpp')
      C:\Program Files\Microsoft Visual Studio\2022\Community\VC\Tools\MSVC\14.38.33130\include\vector(25,1):
      see declaration of 'std'

C:\GIT PROJECTS\EVEOFFLINE\cpp_client\include\ui\dscan_panel.h(59,31): error C2061: syntax error: identifier 'function'
 [C:\GIT PROJECTS\EVEOFFLINE\cpp_client\build_vs\test_enhanced_ui.vcxproj]
  (compiling source file '../src/ui/dscan_panel.cpp')

C:\GIT PROJECTS\EVEOFFLINE\cpp_client\include\ui\dscan_panel.h(60,26): error C2061: syntax error: identifier 'ScanCallb
ack' [C:\GIT PROJECTS\EVEOFFLINE\cpp_client\build_vs\test_enhanced_ui.vcxproj]
  (compiling source file '../src/ui/dscan_panel.cpp')

C:\GIT PROJECTS\EVEOFFLINE\cpp_client\include\ui\dscan_panel.h(74,18): error C3646: 'm_scanCallback': unknown override
specifier [C:\GIT PROJECTS\EVEOFFLINE\cpp_client\build_vs\test_enhanced_ui.vcxproj]
  (compiling source file '../src/ui/dscan_panel.cpp')

C:\GIT PROJECTS\EVEOFFLINE\cpp_client\include\ui\dscan_panel.h(74,32): error C4430: missing type specifier - int assume
d. Note: C++ does not support default-int [C:\GIT PROJECTS\EVEOFFLINE\cpp_client\build_vs\test_enhanced_ui.vcxproj]
  (compiling source file '../src/ui/dscan_panel.cpp')

C:\GIT PROJECTS\EVEOFFLINE\cpp_client\include\ui\dscan_panel.h(60,45): error C2065: 'm_scanCallback': undeclared identi
fier [C:\GIT PROJECTS\EVEOFFLINE\cpp_client\build_vs\test_enhanced_ui.vcxproj]
  (compiling source file '../src/ui/dscan_panel.cpp')

C:\GIT PROJECTS\EVEOFFLINE\cpp_client\include\ui\dscan_panel.h(60,72): error C2065: 'cb': undeclared identifier [C:\GIT
 PROJECTS\EVEOFFLINE\cpp_client\build_vs\test_enhanced_ui.vcxproj]
  (compiling source file '../src/ui/dscan_panel.cpp')

  dscan_panel.cpp
C:\GIT PROJECTS\EVEOFFLINE\cpp_client\src\ui\dscan_panel.cpp(87,13): error C2065: 'm_scanCallback': undeclared identifi
er [C:\GIT PROJECTS\EVEOFFLINE\cpp_client\build_vs\test_enhanced_ui.vcxproj]
C:\GIT PROJECTS\EVEOFFLINE\cpp_client\src\ui\dscan_panel.cpp(88,13): error C3861: 'm_scanCallback': identifier not foun
d [C:\GIT PROJECTS\EVEOFFLINE\cpp_client\build_vs\test_enhanced_ui.vcxproj]
  neocom_panel.cpp
  Generating Code...
  dscan_panel.cpp
C:\GIT PROJECTS\EVEOFFLINE\cpp_client\include\ui\dscan_panel.h(59,31): error C2039: 'function': is not a member of 'std
' [C:\GIT PROJECTS\EVEOFFLINE\cpp_client\build_vs\test_phase48_panels.vcxproj]
  (compiling source file '../src/ui/dscan_panel.cpp')
      C:\Program Files\Microsoft Visual Studio\2022\Community\VC\Tools\MSVC\14.38.33130\include\vector(25,1):
      see declaration of 'std'

C:\GIT PROJECTS\EVEOFFLINE\cpp_client\include\ui\dscan_panel.h(59,31): error C2061: syntax error: identifier 'function'
 [C:\GIT PROJECTS\EVEOFFLINE\cpp_client\build_vs\test_phase48_panels.vcxproj]
  (compiling source file '../src/ui/dscan_panel.cpp')

C:\GIT PROJECTS\EVEOFFLINE\cpp_client\include\ui\dscan_panel.h(60,26): error C2061: syntax error: identifier 'ScanCallb
ack' [C:\GIT PROJECTS\EVEOFFLINE\cpp_client\build_vs\test_phase48_panels.vcxproj]
  (compiling source file '../src/ui/dscan_panel.cpp')

C:\GIT PROJECTS\EVEOFFLINE\cpp_client\include\ui\dscan_panel.h(74,18): error C3646: 'm_scanCallback': unknown override
specifier [C:\GIT PROJECTS\EVEOFFLINE\cpp_client\build_vs\test_phase48_panels.vcxproj]
  (compiling source file '../src/ui/dscan_panel.cpp')

C:\GIT PROJECTS\EVEOFFLINE\cpp_client\include\ui\dscan_panel.h(74,32): error C4430: missing type specifier - int assume
d. Note: C++ does not support default-int [C:\GIT PROJECTS\EVEOFFLINE\cpp_client\build_vs\test_phase48_panels.vcxproj]
  (compiling source file '../src/ui/dscan_panel.cpp')

C:\GIT PROJECTS\EVEOFFLINE\cpp_client\include\ui\dscan_panel.h(60,45): error C2065: 'm_scanCallback': undeclared identi
fier [C:\GIT PROJECTS\EVEOFFLINE\cpp_client\build_vs\test_phase48_panels.vcxproj]
  (compiling source file '../src/ui/dscan_panel.cpp')

C:\GIT PROJECTS\EVEOFFLINE\cpp_client\include\ui\dscan_panel.h(60,72): error C2065: 'cb': undeclared identifier [C:\GIT
 PROJECTS\EVEOFFLINE\cpp_client\build_vs\test_phase48_panels.vcxproj]
  (compiling source file '../src/ui/dscan_panel.cpp')

C:\GIT PROJECTS\EVEOFFLINE\cpp_client\include\ui\dscan_panel.h(59,31): error C2039: 'function': is not a member of 'std
' [C:\GIT PROJECTS\EVEOFFLINE\cpp_client\build_vs\test_phase46_advanced.vcxproj]
  (compiling source file '../src/ui/dscan_panel.cpp')
      C:\Program Files\Microsoft Visual Studio\2022\Community\VC\Tools\MSVC\14.38.33130\include\vector(25,1):
      see declaration of 'std'

C:\GIT PROJECTS\EVEOFFLINE\cpp_client\include\ui\dscan_panel.h(59,31): error C2061: syntax error: identifier 'function'
 [C:\GIT PROJECTS\EVEOFFLINE\cpp_client\build_vs\test_phase46_advanced.vcxproj]
  (compiling source file '../src/ui/dscan_panel.cpp')

C:\GIT PROJECTS\EVEOFFLINE\cpp_client\include\ui\dscan_panel.h(60,26): error C2061: syntax error: identifier 'ScanCallb
ack' [C:\GIT PROJECTS\EVEOFFLINE\cpp_client\build_vs\test_phase46_advanced.vcxproj]
  (compiling source file '../src/ui/dscan_panel.cpp')

C:\GIT PROJECTS\EVEOFFLINE\cpp_client\include\ui\dscan_panel.h(74,18): error C3646: 'm_scanCallback': unknown override
specifier [C:\GIT PROJECTS\EVEOFFLINE\cpp_client\build_vs\test_phase46_advanced.vcxproj]
  (compiling source file '../src/ui/dscan_panel.cpp')

C:\GIT PROJECTS\EVEOFFLINE\cpp_client\include\ui\dscan_panel.h(74,32): error C4430: missing type specifier - int assume
d. Note: C++ does not support default-int [C:\GIT PROJECTS\EVEOFFLINE\cpp_client\build_vs\test_phase46_advanced.vcxproj
]
  (compiling source file '../src/ui/dscan_panel.cpp')

C:\GIT PROJECTS\EVEOFFLINE\cpp_client\include\ui\dscan_panel.h(60,45): error C2065: 'm_scanCallback': undeclared identi
fier [C:\GIT PROJECTS\EVEOFFLINE\cpp_client\build_vs\test_phase46_advanced.vcxproj]
  (compiling source file '../src/ui/dscan_panel.cpp')

C:\GIT PROJECTS\EVEOFFLINE\cpp_client\include\ui\dscan_panel.h(60,72): error C2065: 'cb': undeclared identifier [C:\GIT
 PROJECTS\EVEOFFLINE\cpp_client\build_vs\test_phase46_advanced.vcxproj]
  (compiling source file '../src/ui/dscan_panel.cpp')

C:\GIT PROJECTS\EVEOFFLINE\cpp_client\src\ui\dscan_panel.cpp(87,13): error C2065: 'm_scanCallback': undeclared identifi
er [C:\GIT PROJECTS\EVEOFFLINE\cpp_client\build_vs\test_phase48_panels.vcxproj]
C:\GIT PROJECTS\EVEOFFLINE\cpp_client\src\ui\dscan_panel.cpp(88,13): error C3861: 'm_scanCallback': identifier not foun
d [C:\GIT PROJECTS\EVEOFFLINE\cpp_client\build_vs\test_phase48_panels.vcxproj]
  neocom_panel.cpp
C:\GIT PROJECTS\EVEOFFLINE\cpp_client\src\ui\dscan_panel.cpp(87,13): error C2065: 'm_scanCallback': undeclared identifi
er [C:\GIT PROJECTS\EVEOFFLINE\cpp_client\build_vs\test_phase46_advanced.vcxproj]
C:\GIT PROJECTS\EVEOFFLINE\cpp_client\src\ui\dscan_panel.cpp(88,13): error C3861: 'm_scanCallback': identifier not foun
d [C:\GIT PROJECTS\EVEOFFLINE\cpp_client\build_vs\test_phase46_advanced.vcxproj]
  neocom_panel.cpp
  rml_ui_manager.cpp
  rml_ui_manager.cpp
  rml_ui_manager.cpp
  audio_manager.cpp
  audio_manager.cpp
  audio_manager.cpp
  audio_generator.cpp
  audio_generator.cpp
  audio_generator.cpp
  Generating Code...
  Generating Code...
  Generating Code...

ERROR: Build failed!
Press any key to continue . . .